[2025-10-01 01:49:10.914] [Info] Launcher started with configuration: Release
[2025-10-01 01:49:11.056] [Debug] Checking .NET SDK...
[2025-10-01 01:49:11.392] [Success] .NET SDK found: v9.0.305
[2025-10-01 01:49:11.402] [Success] Solution file found: GGs.sln
[2025-10-01 01:49:11.406] [Success] GGs.Desktop project found
[2025-10-01 01:49:11.412] [Success] ErrorLogViewer project found
[2025-10-01 01:49:11.452] [Info] Building GGs.Desktop (Release)...
[2025-10-01 01:49:27.238] [Success] GGs.Desktop built successfully
[2025-10-01 01:49:27.247] [Info] Building ErrorLogViewer (Release)...
[2025-10-01 01:49:30.916] [Success] ErrorLogViewer built successfully
[2025-10-01 01:49:30.951] [Info] Starting ErrorLogViewer...
[2025-10-01 01:49:31.021] [Warning] Failed to start ErrorLogViewer: Cannot validate argument on parameter 'ArgumentList'. The argument is null, empty, or an element of the argument collection contains a null value. Supply a collection that does not contain any null values and then try the command again.
[2025-10-01 01:49:32.070] [Info] Starting GGs Desktop...
[2025-10-01 01:49:41.574] [Error] Failed to start GGs Desktop: This command cannot be run due to the error: The operation was canceled by the user.
[2025-10-01 01:49:41.586] [Error] No processes were started successfully
[2025-10-01 01:51:27.562] [Info] Launcher started with configuration: Release
[2025-10-01 01:51:27.706] [Debug] Checking .NET SDK...
[2025-10-01 01:51:28.071] [Success] .NET SDK found: v9.0.305
[2025-10-01 01:51:28.081] [Success] Solution file found: GGs.sln
[2025-10-01 01:51:28.098] [Success] GGs.Desktop project found
[2025-10-01 01:51:28.112] [Success] ErrorLogViewer project found
[2025-10-01 01:51:28.152] [Info] Building GGs.Desktop (Release)...
[2025-10-01 01:51:42.413] [Success] GGs.Desktop built successfully
[2025-10-01 01:51:42.421] [Info] Building ErrorLogViewer (Release)...
[2025-10-01 01:51:46.373] [Success] ErrorLogViewer built successfully
[2025-10-01 01:51:46.413] [Info] Starting ErrorLogViewer...
[2025-10-01 01:51:49.496] [Success] ErrorLogViewer started successfully (PID: 15760)
[2025-10-01 01:51:50.527] [Info] Starting GGs Desktop...
[2025-10-01 01:51:55.912] [Error] Failed to start GGs Desktop: This command cannot be run due to the error: The operation was canceled by the user.
[2025-10-01 01:51:55.956] [Info] Press Ctrl+C to stop monitoring and exit applications
[2025-10-01 01:52:30.136] [Info] All monitored processes have exited
[2025-10-01 12:20:36.735] [Info] Launcher started with configuration: Release
[2025-10-01 12:20:36.878] [Debug] Checking .NET SDK...
[2025-10-01 12:20:37.291] [Success] .NET SDK found: v9.0.305
[2025-10-01 12:20:37.307] [Success] Solution file found: GGs.sln
[2025-10-01 12:20:37.318] [Success] GGs.Desktop project found
[2025-10-01 12:20:37.324] [Success] ErrorLogViewer project found
[2025-10-01 12:20:37.361] [Info] Building GGs.Desktop (Release)...
[2025-10-01 12:20:57.152] [Error] GGs.Desktop build failed with exit code 1
[2025-10-01 12:20:57.165] [Debug] Build output:   Determining projects to restore...   All projects are up-to-date for restore.   GGs.Shared -> C:\Users\307824\OneDrive - V├ñster├Ñs Stad\Skrivbordet\GGs\shared\GGs.Shared\bin\Release\net9.0\GGs.Shared.dll   GGs.Agent -> C:\Users\307824\OneDrive - V├ñster├Ñs Stad\Skrivbordet\GGs\agent\GGs.Agent\bin\Release\net9.0-windows\GGs.Agent.dll C:\Users\307824\OneDrive - V├ñster├Ñs Stad\Skrivbordet\GGs\clients\GGs.Desktop\App.xaml.cs(208,10): error CS1513: } expected [C:\Users\307824\OneDrive - V├ñster├Ñs Stad\Skrivbordet\GGs\clients\GGs.Desktop\GGs.Desktop_3cmd1chr_wpftmp.csproj]  Build FAILED.  C:\Users\307824\OneDrive - V├ñster├Ñs Stad\Skrivbordet\GGs\clients\GGs.Desktop\App.xaml.cs(208,10): error CS1513: } expected [C:\Users\307824\OneDrive - V├ñster├Ñs Stad\Skrivbordet\GGs\clients\GGs.Desktop\GGs.Desktop_3cmd1chr_wpftmp.csproj]     0 Warning(s)     1 Error(s)  Time Elapsed 00:00:19.14
[2025-10-01 12:20:57.177] [Info] Building ErrorLogViewer (Release)...
[2025-10-01 12:21:04.632] [Success] ErrorLogViewer built successfully
[2025-10-01 12:21:04.699] [Error] Launcher failed: One or more builds failed. Check log for details.
[2025-10-01 12:21:04.722] [Debug] Stack Trace: at Build-Applications, C:\Users\307824\OneDrive - Västerås Stad\Skrivbordet\GGs\GGsLauncher.ps1: line 243
at <ScriptBlock>, C:\Users\307824\OneDrive - Västerås Stad\Skrivbordet\GGs\GGsLauncher.ps1: line 447
[2025-10-01 12:23:42.547] [Info] Launcher started with configuration: Release
[2025-10-01 12:23:42.679] [Debug] Checking .NET SDK...
[2025-10-01 12:23:42.989] [Success] .NET SDK found: v9.0.305
[2025-10-01 12:23:43.004] [Success] Solution file found: GGs.sln
[2025-10-01 12:23:43.006] [Success] GGs.Desktop project found
[2025-10-01 12:23:43.026] [Success] ErrorLogViewer project found
[2025-10-01 12:23:43.052] [Info] Building GGs.Desktop (Release)...
[2025-10-01 12:23:52.742] [Success] GGs.Desktop built successfully
[2025-10-01 12:23:52.750] [Info] Building ErrorLogViewer (Release)...
[2025-10-01 12:23:55.455] [Success] ErrorLogViewer built successfully
[2025-10-01 12:23:55.503] [Info] Starting ErrorLogViewer...
[2025-10-01 12:23:58.160] [Success] ErrorLogViewer started successfully (PID: 14020)
[2025-10-01 12:23:59.188] [Info] Starting GGs Desktop...
[2025-10-01 12:24:03.826] [Error] Failed to start GGs Desktop: This command cannot be run due to the error: The operation was canceled by the user.
[2025-10-01 12:24:03.874] [Info] Press Ctrl+C to stop monitoring and exit applications
[2025-10-01 12:25:26.233] [Info] All monitored processes have exited
[2025-10-01 12:55:16.210] [Info] Launcher started with configuration: Release
[2025-10-01 12:55:16.407] [Debug] Checking .NET SDK...
[2025-10-01 12:55:16.805] [Success] .NET SDK found: v9.0.305
[2025-10-01 12:55:16.807] [Success] Solution file found: GGs.sln
[2025-10-01 12:55:16.820] [Success] GGs.Desktop project found
[2025-10-01 12:55:16.840] [Success] ErrorLogViewer project found
[2025-10-01 12:55:16.868] [Info] Building GGs.Desktop (Release)...
[2025-10-01 12:55:45.070] [Success] GGs.Desktop built successfully
[2025-10-01 12:55:45.082] [Info] Building ErrorLogViewer (Release)...
[2025-10-01 12:55:48.985] [Error] ErrorLogViewer build failed with exit code 1
[2025-10-01 12:55:49.023] [Debug] Build output:   Determining projects to restore... C:\Users\307824\OneDrive - V├ñster├Ñs Stad\Skrivbordet\GGs\tools\GGs.ErrorLogViewer\GGs.ErrorLogViewer.csproj : warning NU1903: Package 'System.Text.Json' 8.0.0 has a known high severity vulnerability, https://github.com/advisories/GHSA-8g4q-xg66-9fp4 C:\Users\307824\OneDrive - V├ñster├Ñs Stad\Skrivbordet\GGs\tools\GGs.ErrorLogViewer\GGs.ErrorLogViewer.csproj : warning NU1903: Package 'System.Text.Json' 8.0.0 has a known high severity vulnerability, https://github.com/advisories/GHSA-hh2w-p6rv-4g7w   All projects are up-to-date for restore. C:\Users\307824\OneDrive - V├ñster├Ñs Stad\Skrivbordet\GGs\tools\GGs.ErrorLogViewer\GGs.ErrorLogViewer.csproj : warning NU1903: Package 'System.Text.Json' 8.0.0 has a known high severity vulnerability, https://github.com/advisories/GHSA-8g4q-xg66-9fp4 C:\Users\307824\OneDrive - V├ñster├Ñs Stad\Skrivbordet\GGs\tools\GGs.ErrorLogViewer\GGs.ErrorLogViewer.csproj : warning NU1903: Package 'System.Text.Json' 8.0.0 has a known high severity vulnerability, https://github.com/advisories/GHSA-hh2w-p6rv-4g7w C:\Users\307824\OneDrive - V├ñster├Ñs Stad\Skrivbordet\GGs\tools\GGs.ErrorLogViewer\GGs.ErrorLogViewer_gehhlgpb_wpftmp.csproj : warning NU1903: Package 'System.Text.Json' 8.0.0 has a known high severity vulnerability, https://github.com/advisories/GHSA-8g4q-xg66-9fp4 C:\Users\307824\OneDrive - V├ñster├Ñs Stad\Skrivbordet\GGs\tools\GGs.ErrorLogViewer\GGs.ErrorLogViewer_gehhlgpb_wpftmp.csproj : warning NU1903: Package 'System.Text.Json' 8.0.0 has a known high severity vulnerability, https://github.com/advisories/GHSA-hh2w-p6rv-4g7w C:\Users\307824\OneDrive - V├ñster├Ñs Stad\Skrivbordet\GGs\tools\GGs.ErrorLogViewer\ViewModels\MainViewModel.cs(86,1): error CS1519: Invalid token '{' in a member declaration [C:\Users\307824\OneDrive - V├ñster├Ñs Stad\Skrivbordet\GGs\tools\GGs.ErrorLogViewer\GGs.ErrorLogViewer_gehhlgpb_wpftmp.csproj] C:\Users\307824\OneDrive - V├ñster├Ñs Stad\Skrivbordet\GGs\tools\GGs.ErrorLogViewer\ViewModels\MainViewModel.cs(86,9): error CS1519: Invalid token '}' in a member declaration [C:\Users\307824\OneDrive - V├ñster├Ñs Stad\Skrivbordet\GGs\tools\GGs.ErrorLogViewer\GGs.ErrorLogViewer_gehhlgpb_wpftmp.csproj] C:\Users\307824\OneDrive - V├ñster├Ñs Stad\Skrivbordet\GGs\tools\GGs.ErrorLogViewer\ViewModels\MainViewModel.cs(98,40): error CS1031: Type expected [C:\Users\307824\OneDrive - V├ñster├Ñs Stad\Skrivbordet\GGs\tools\GGs.ErrorLogViewer\GGs.ErrorLogViewer_gehhlgpb_wpftmp.csproj] C:\Users\307824\OneDrive - V├ñster├Ñs Stad\Skrivbordet\GGs\tools\GGs.ErrorLogViewer\ViewModels\MainViewModel.cs(98,40): error CS1001: Identifier expected [C:\Users\307824\OneDrive - V├ñster├Ñs Stad\Skrivbordet\GGs\tools\GGs.ErrorLogViewer\GGs.ErrorLogViewer_gehhlgpb_wpftmp.csproj] C:\Users\307824\OneDrive - V├ñster├Ñs Stad\Skrivbordet\GGs\tools\GGs.ErrorLogViewer\ViewModels\MainViewModel.cs(98,40): error CS1026: ) expected [C:\Users\307824\OneDrive - V├ñster├Ñs Stad\Skrivbordet\GGs\tools\GGs.ErrorLogViewer\GGs.ErrorLogViewer_gehhlgpb_wpftmp.csproj] C:\Users\307824\OneDrive - V├ñster├Ñs Stad\Skrivbordet\GGs\tools\GGs.ErrorLogViewer\ViewModels\MainViewModel.cs(99,4): error CS8635: Unexpected character sequence '...' [C:\Users\307824\OneDrive - V├ñster├Ñs Stad\Skrivbordet\GGs\tools\GGs.ErrorLogViewer\GGs.ErrorLogViewer_gehhlgpb_wpftmp.csproj] C:\Users\307824\OneDrive - V├ñster├Ñs Stad\Skrivbordet\GGs\tools\GGs.ErrorLogViewer\ViewModels\MainViewModel.cs(99,8): error CS1002: ; expected [C:\Users\307824\OneDrive - V├ñster├Ñs Stad\Skrivbordet\GGs\tools\GGs.ErrorLogViewer\GGs.ErrorLogViewer_gehhlgpb_wpftmp.csproj] C:\Users\307824\OneDrive - V├ñster├Ñs Stad\Skrivbordet\GGs\tools\GGs.ErrorLogViewer\ViewModels\MainViewModel.cs(100,1): error CS1513: } expected [C:\Users\307824\OneDrive - V├ñster├Ñs Stad\Skrivbordet\GGs\tools\GGs.ErrorLogViewer\GGs.ErrorLogViewer_gehhlgpb_wpftmp.csproj] C:\Users\307824\OneDrive - V├ñster├Ñs Stad\Skrivbordet\GGs\tools\GGs.ErrorLogViewer\ViewModels\MainViewModel.cs(100,13): error CS0116: A namespace cannot directly contain members such as fields, methods or statements [C:\Users\307824\OneDrive - V├ñster├Ñs Stad\Skrivbordet\GGs\tools\GGs.ErrorLogViewer\GGs.ErrorLogViewer_gehhlgpb_wpftmp.csproj] C:\Users\307824\OneDrive - V├ñster├Ñs Stad\Skrivbordet\GGs\tools\GGs.ErrorLogViewer\ViewModels\MainViewModel.cs(100,37): error CS1022: Type or namespace definition, or end-of-file expected [C:\Users\307824\OneDrive - V├ñster├Ñs Stad\Skrivbordet\GGs\tools\GGs.ErrorLogViewer\GGs.ErrorLogViewer_gehhlgpb_wpftmp.csproj] C:\Users\307824\OneDrive - V├ñster├Ñs Stad\Skrivbordet\GGs\tools\GGs.ErrorLogViewer\ViewModels\MainViewModel.cs(100,72): error CS1001: Identifier expected [C:\Users\307824\OneDrive - V├ñster├Ñs Stad\Skrivbordet\GGs\tools\GGs.ErrorLogViewer\GGs.ErrorLogViewer_gehhlgpb_wpftmp.csproj] C:\Users\307824\OneDrive - V├ñster├Ñs Stad\Skrivbordet\GGs\tools\GGs.ErrorLogViewer\ViewModels\MainViewModel.cs(101,13): error CS0116: A namespace cannot directly contain members such as fields, methods or statements [C:\Users\307824\OneDrive - V├ñster├Ñs Stad\Skrivbordet\GGs\tools\GGs.ErrorLogViewer\GGs.ErrorLogViewer_gehhlgpb_wpftmp.csproj] C:\Users\307824\OneDrive - V├ñster├Ñs Stad\Skrivbordet\GGs\tools\GGs.ErrorLogViewer\ViewModels\MainViewModel.cs(101,33): error CS1022: Type or namespace definition, or end-of-file expected [C:\Users\307824\OneDrive - V├ñster├Ñs Stad\Skrivbordet\GGs\tools\GGs.ErrorLogViewer\GGs.ErrorLogViewer_gehhlgpb_wpftmp.csproj] C:\Users\307824\OneDrive - V├ñster├Ñs Stad\Skrivbordet\GGs\tools\GGs.ErrorLogViewer\ViewModels\MainViewModel.cs(101,64): error CS1001: Identifier expected [C:\Users\307824\OneDrive - V├ñster├Ñs Stad\Skrivbordet\GGs\tools\GGs.ErrorLogViewer\GGs.ErrorLogViewer_gehhlgpb_wpftmp.csproj] C:\Users\307824\OneDrive - V├ñster├Ñs Stad\Skrivbordet\GGs\tools\GGs.ErrorLogViewer\ViewModels\MainViewModel.cs(103,13): error CS0116: A namespace cannot directly contain members such as fields, methods or statements [C:\Users\307824\OneDrive - V├ñster├Ñs Stad\Skrivbordet\GGs\tools\GGs.ErrorLogViewer\GGs.ErrorLogViewer_gehhlgpb_wpftmp.csproj] C:\Users\307824\OneDrive - V├ñster├Ñs Stad\Skrivbordet\GGs\tools\GGs.ErrorLogViewer\ViewModels\MainViewModel.cs(103,28): error CS1022: Type or namespace definition, or end-of-file expected [C:\Users\307824\OneDrive - V├ñster├Ñs Stad\Skrivbordet\GGs\tools\GGs.ErrorLogViewer\GGs.ErrorLogViewer_gehhlgpb_wpftmp.csproj] C:\Users\307824\OneDrive - V├ñster├Ñs Stad\Skrivbordet\GGs\tools\GGs.ErrorLogViewer\ViewModels\MainViewModel.cs(103,54): error CS1001: Identifier expected [C:\Users\307824\OneDrive - V├ñster├Ñs Stad\Skrivbordet\GGs\tools\GGs.ErrorLogViewer\GGs.ErrorLogViewer_gehhlgpb_wpftmp.csproj] C:\Users\307824\OneDrive - V├ñster├Ñs Stad\Skrivbordet\GGs\tools\GGs.ErrorLogViewer\ViewModels\MainViewModel.cs(103,57): error CS8124: Tuple must contain at least two elements. [C:\Users\307824\OneDrive - V├ñster├Ñs Stad\Skrivbordet\GGs\tools\GGs.ErrorLogViewer\GGs.ErrorLogViewer_gehhlgpb_wpftmp.csproj] C:\Users\307824\OneDrive - V├ñster├Ñs Stad\Skrivbordet\GGs\tools\GGs.ErrorLogViewer\ViewModels\MainViewModel.cs(103,59): error CS1001: Identifier expected [C:\Users\307824\OneDrive - V├ñster├Ñs Stad\Skrivbordet\GGs\tools\GGs.ErrorLogViewer\GGs.ErrorLogViewer_gehhlgpb_wpftmp.csproj] C:\Users\307824\OneDrive - V├ñster├Ñs Stad\Skrivbordet\GGs\tools\GGs.ErrorLogViewer\ViewModels\MainViewModel.cs(103,59): error CS1003: Syntax error, ',' expected [C:\Users\307824\OneDrive - V├ñster├Ñs Stad\Skrivbordet\GGs\tools\GGs.ErrorLogViewer\GGs.ErrorLogViewer_gehhlgpb_wpftmp.csproj] C:\Users\307824\OneDrive - V├ñster├Ñs Stad\Skrivbordet\GGs\tools\GGs.ErrorLogViewer\ViewModels\MainViewModel.cs(103,62): error CS1003: Syntax error, ',' expected [C:\Users\307824\OneDrive - V├ñster├Ñs Stad\Skrivbordet\GGs\tools\GGs.ErrorLogViewer\GGs.ErrorLogViewer_gehhlgpb_wpftmp.csproj] C:\Users\307824\OneDrive - V├ñster├Ñs Stad\Skrivbordet\GGs\tools\GGs.ErrorLogViewer\ViewModels\MainViewModel.cs(103,79): error CS1001: Identifier expected [C:\Users\307824\OneDrive - V├ñster├Ñs Stad\Skrivbordet\GGs\tools\GGs.ErrorLogViewer\GGs.ErrorLogViewer_gehhlgpb_wpftmp.csproj] C:\Users\307824\OneDrive - V├ñster├Ñs Stad\Skrivbordet\GGs\tools\GGs.ErrorLogViewer\ViewModels\MainViewModel.cs(103,79): error CS1003: Syntax error, ',' expected [C:\Users\307824\OneDrive - V├ñster├Ñs Stad\Skrivbordet\GGs\tools\GGs.ErrorLogViewer\GGs.ErrorLogViewer_gehhlgpb_wpftmp.csproj] C:\Users\307824\OneDrive - V├ñster├Ñs Stad\Skrivbordet\GGs\tools\GGs.ErrorLogViewer\ViewModels\MainViewModel.cs(104,13): error CS0116: A namespace cannot directly contain members such as fields, methods or statements [C:\Users\307824\OneDrive - V├ñster├Ñs Stad\Skrivbordet\GGs\tools\GGs.ErrorLogViewer\GGs.ErrorLogViewer_gehhlgpb_wpftmp.csproj] C:\Users\307824\OneDrive - V├ñster├Ñs Stad\Skrivbordet\GGs\tools\GGs.ErrorLogViewer\ViewModels\MainViewModel.cs(104,32): error CS1022: Type or namespace definition, or end-of-file expected [C:\Users\307824\OneDrive - V├ñster├Ñs Stad\Skrivbordet\GGs\tools\GGs.ErrorLogViewer\GGs.ErrorLogViewer_gehhlgpb_wpftmp.csproj] C:\Users\307824\OneDrive - V├ñster├Ñs Stad\Skrivbordet\GGs\tools\GGs.ErrorLogViewer\ViewModels\MainViewModel.cs(104,62): error CS1001: Identifier expected [C:\Users\307824\OneDrive - V├ñster├Ñs Stad\Skrivbordet\GGs\tools\GGs.ErrorLogViewer\GGs.ErrorLogViewer_gehhlgpb_wpftmp.csproj] C:\Users\307824\OneDrive - V├ñster├Ñs Stad\Skrivbordet\GGs\tools\GGs.ErrorLogViewer\ViewModels\MainViewModel.cs(104,65): error CS8124: Tuple must contain at least two elements. [C:\Users\307824\OneDrive - V├ñster├Ñs Stad\Skrivbordet\GGs\tools\GGs.ErrorLogViewer\GGs.ErrorLogViewer_gehhlgpb_wpftmp.csproj] C:\Users\307824\OneDrive - V├ñster├Ñs Stad\Skrivbordet\GGs\tools\GGs.ErrorLogViewer\ViewModels\MainViewModel.cs(104,67): error CS1001: Identifier expected [C:\Users\307824\OneDrive - V├ñster├Ñs Stad\Skrivbordet\GGs\tools\GGs.ErrorLogViewer\GGs.ErrorLogViewer_gehhlgpb_wpftmp.csproj] C:\Users\307824\OneDrive - V├ñster├Ñs Stad\Skrivbordet\GGs\tools\GGs.ErrorLogViewer\ViewModels\MainViewModel.cs(104,67): error CS1003: Syntax error, ',' expected [C:\Users\307824\OneDrive - V├ñster├Ñs Stad\Skrivbordet\GGs\tools\GGs.ErrorLogViewer\GGs.ErrorLogViewer_gehhlgpb_wpftmp.csproj] C:\Users\307824\OneDrive - V├ñster├Ñs Stad\Skrivbordet\GGs\tools\GGs.ErrorLogViewer\ViewModels\MainViewModel.cs(104,70): error CS1003: Syntax error, ',' expected [C:\Users\307824\OneDrive - V├ñster├Ñs Stad\Skrivbordet\GGs\tools\GGs.ErrorLogViewer\GGs.ErrorLogViewer_gehhlgpb_wpftmp.csproj] C:\Users\307824\OneDrive - V├ñster├Ñs Stad\Skrivbordet\GGs\tools\GGs.ErrorLogViewer\ViewModels\MainViewModel.cs(104,87): error CS1001: Identifier expected [C:\Users\307824\OneDrive - V├ñster├Ñs Stad\Skrivbordet\GGs\tools\GGs.ErrorLogViewer\GGs.ErrorLogViewer_gehhlgpb_wpftmp.csproj] C:\Users\307824\OneDrive - V├ñster├Ñs Stad\Skrivbordet\GGs\tools\GGs.ErrorLogViewer\ViewModels\MainViewModel.cs(104,87): error CS1003: Syntax error, ',' expected [C:\Users\307824\OneDrive - V├ñster├Ñs Stad\Skrivbordet\GGs\tools\GGs.ErrorLogViewer\GGs.ErrorLogViewer_gehhlgpb_wpftmp.csproj] C:\Users\307824\OneDrive - V├ñster├Ñs Stad\Skrivbordet\GGs\tools\GGs.ErrorLogViewer\ViewModels\MainViewModel.cs(105,13): error CS0116: A namespace cannot directly contain members such as fields, methods or statements [C:\Users\307824\OneDrive - V├ñster├Ñs Stad\Skrivbordet\GGs\tools\GGs.ErrorLogViewer\GGs.ErrorLogViewer_gehhlgpb_wpftmp.csproj] C:\Users\307824\OneDrive - V├ñster├Ñs Stad\Skrivbordet\GGs\tools\GGs.ErrorLogViewer\ViewModels\MainViewModel.cs(105,32): error CS1022: Type or namespace definition, or end-of-file expected [C:\Users\307824\OneDrive - V├ñster├Ñs Stad\Skrivbordet\GGs\tools\GGs.ErrorLogViewer\GGs.ErrorLogViewer_gehhlgpb_wpftmp.csproj] C:\Users\307824\OneDrive - V├ñster├Ñs Stad\Skrivbordet\GGs\tools\GGs.ErrorLogViewer\ViewModels\MainViewModel.cs(105,62): error CS1001: Identifier expected [C:\Users\307824\OneDrive - V├ñster├Ñs Stad\Skrivbordet\GGs\tools\GGs.ErrorLogViewer\GGs.ErrorLogViewer_gehhlgpb_wpftmp.csproj] C:\Users\307824\OneDrive - V├ñster├Ñs Stad\Skrivbordet\GGs\tools\GGs.ErrorLogViewer\ViewModels\MainViewModel.cs(105,65): error CS8124: Tuple must contain at least two elements. [C:\Users\307824\OneDrive - V├ñster├Ñs Stad\Skrivbordet\GGs\tools\GGs.ErrorLogViewer\GGs.ErrorLogViewer_gehhlgpb_wpftmp.csproj] C:\Users\307824\OneDrive - V├ñster├Ñs Stad\Skrivbordet\GGs\tools\GGs.ErrorLogViewer\ViewModels\MainViewModel.cs(105,67): error CS1001: Identifier expected [C:\Users\307824\OneDrive - V├ñster├Ñs Stad\Skrivbordet\GGs\tools\GGs.ErrorLogViewer\GGs.ErrorLogViewer_gehhlgpb_wpftmp.csproj] C:\Users\307824\OneDrive - V├ñster├Ñs Stad\Skrivbordet\GGs\tools\GGs.ErrorLogViewer\ViewModels\MainViewModel.cs(105,67): error CS1003: Syntax error, ',' expected [C:\Users\307824\OneDrive - V├ñster├Ñs Stad\Skrivbordet\GGs\tools\GGs.ErrorLogViewer\GGs.ErrorLogViewer_gehhlgpb_wpftmp.csproj] C:\Users\307824\OneDrive - V├ñster├Ñs Stad\Skrivbordet\GGs\tools\GGs.ErrorLogViewer\ViewModels\MainViewModel.cs(105,70): error CS1003: Syntax error, ',' expected [C:\Users\307824\OneDrive - V├ñster├Ñs Stad\Skrivbordet\GGs\tools\GGs.ErrorLogViewer\GGs.ErrorLogViewer_gehhlgpb_wpftmp.csproj] C:\Users\307824\OneDrive - V├ñster├Ñs Stad\Skrivbordet\GGs\tools\GGs.ErrorLogViewer\ViewModels\MainViewModel.cs(105,87): error CS1001: Identifier expected [C:\Users\307824\OneDrive - V├ñster├Ñs Stad\Skrivbordet\GGs\tools\GGs.ErrorLogViewer\GGs.ErrorLogViewer_gehhlgpb_wpftmp.csproj] C:\Users\307824\OneDrive - V├ñster├Ñs Stad\Skrivbordet\GGs\tools\GGs.ErrorLogViewer\ViewModels\MainViewModel.cs(105,87): error CS1003: Syntax error, ',' expected [C:\Users\307824\OneDrive - V├ñster├Ñs Stad\Skrivbordet\GGs\tools\GGs.ErrorLogViewer\GGs.ErrorLogViewer_gehhlgpb_wpftmp.csproj] C:\Users\307824\OneDrive - V├ñster├Ñs Stad\Skrivbordet\GGs\tools\GGs.ErrorLogViewer\ViewModels\MainViewModel.cs(106,13): error CS0116: A namespace cannot directly contain members such as fields, methods or statements [C:\Users\307824\OneDrive - V├ñster├Ñs Stad\Skrivbordet\GGs\tools\GGs.ErrorLogViewer\GGs.ErrorLogViewer_gehhlgpb_wpftmp.csproj] C:\Users\307824\OneDrive - V├ñster├Ñs Stad\Skrivbordet\GGs\tools\GGs.ErrorLogViewer\ViewModels\MainViewModel.cs(106,38): error CS1022: Type or namespace definition, or end-of-file expected [C:\Users\307824\OneDrive - V├ñster├Ñs Stad\Skrivbordet\GGs\tools\GGs.ErrorLogViewer\GGs.ErrorLogViewer_gehhlgpb_wpftmp.csproj] C:\Users\307824\OneDrive - V├ñster├Ñs Stad\Skrivbordet\GGs\tools\GGs.ErrorLogViewer\ViewModels\MainViewModel.cs(106,58): error CS8124: Tuple must contain at least two elements. [C:\Users\307824\OneDrive - V├ñster├Ñs Stad\Skrivbordet\GGs\tools\GGs.ErrorLogViewer\GGs.ErrorLogViewer_gehhlgpb_wpftmp.csproj] C:\Users\307824\OneDrive - V├ñster├Ñs Stad\Skrivbordet\GGs\tools\GGs.ErrorLogViewer\ViewModels\MainViewModel.cs(106,60): error CS1001: Identifier expected [C:\Users\307824\OneDrive - V├ñster├Ñs Stad\Skrivbordet\GGs\tools\GGs.ErrorLogViewer\GGs.ErrorLogViewer_gehhlgpb_wpftmp.csproj] C:\Users\307824\OneDrive - V├ñster├Ñs Stad\Skrivbordet\GGs\tools\GGs.ErrorLogViewer\ViewModels\MainViewModel.cs(106,60): error CS1003: Syntax error, ',' expected [C:\Users\307824\OneDrive - V├ñster├Ñs Stad\Skrivbordet\GGs\tools\GGs.ErrorLogViewer\GGs.ErrorLogViewer_gehhlgpb_wpftmp.csproj] C:\Users\307824\OneDrive - V├ñster├Ñs Stad\Skrivbordet\GGs\tools\GGs.ErrorLogViewer\ViewModels\MainViewModel.cs(106,63): error CS1003: Syntax error, ',' expected [C:\Users\307824\OneDrive - V├ñster├Ñs Stad\Skrivbordet\GGs\tools\GGs.ErrorLogViewer\GGs.ErrorLogViewer_gehhlgpb_wpftmp.csproj] C:\Users\307824\OneDrive - V├ñster├Ñs Stad\Skrivbordet\GGs\tools\GGs.ErrorLogViewer\ViewModels\MainViewModel.cs(106,84): error CS1001: Identifier expected [C:\Users\307824\OneDrive - V├ñster├Ñs Stad\Skrivbordet\GGs\tools\GGs.ErrorLogViewer\GGs.ErrorLogViewer_gehhlgpb_wpftmp.csproj] C:\Users\307824\OneDrive - V├ñster├Ñs Stad\Skrivbordet\GGs\tools\GGs.ErrorLogViewer\ViewModels\MainViewModel.cs(109,35): error CS0116: A namespace cannot directly contain members such as fields, methods or statements [C:\Users\307824\OneDrive - V├ñster├Ñs Stad\Skrivbordet\GGs\tools\GGs.ErrorLogViewer\GGs.ErrorLogViewer_gehhlgpb_wpftmp.csproj] C:\Users\307824\OneDrive - V├ñster├Ñs Stad\Skrivbordet\GGs\tools\GGs.ErrorLogViewer\ViewModels\MainViewModel.cs(109,49): error CS1022: Type or namespace definition, or end-of-file expected [C:\Users\307824\OneDrive - V├ñster├Ñs Stad\Skrivbordet\GGs\tools\GGs.ErrorLogViewer\GGs.ErrorLogViewer_gehhlgpb_wpftmp.csproj] C:\Users\307824\OneDrive - V├ñster├Ñs Stad\Skrivbordet\GGs\tools\GGs.ErrorLogViewer\ViewModels\MainViewModel.cs(109,52): error CS0116: A namespace cannot directly contain members such as fields, methods or statements [C:\Users\307824\OneDrive - V├ñster├Ñs Stad\Skrivbordet\GGs\tools\GGs.ErrorLogViewer\GGs.ErrorLogViewer_gehhlgpb_wpftmp.csproj] C:\Users\307824\OneDrive - V├ñster├Ñs Stad\Skrivbordet\GGs\tools\GGs.ErrorLogViewer\ViewModels\MainViewModel.cs(109,67): error CS1022: Type or namespace definition, or end-of-file expected [C:\Users\307824\OneDrive - V├ñster├Ñs Stad\Skrivbordet\GGs\tools\GGs.ErrorLogViewer\GGs.ErrorLogViewer_gehhlgpb_wpftmp.csproj] C:\Users\307824\OneDrive - V├ñster├Ñs Stad\Skrivbordet\GGs\tools\GGs.ErrorLogViewer\ViewModels\MainViewModel.cs(110,35): error CS0116: A namespace cannot directly contain members such as fields, methods or statements [C:\Users\307824\OneDrive - V├ñster├Ñs Stad\Skrivbordet\GGs\tools\GGs.ErrorLogViewer\GGs.ErrorLogViewer_gehhlgpb_wpftmp.csproj] C:\Users\307824\OneDrive - V├ñster├Ñs Stad\Skrivbordet\GGs\tools\GGs.ErrorLogViewer\ViewModels\MainViewModel.cs(110,51): error CS1022: Type or namespace definition, or end-of-file expected [C:\Users\307824\OneDrive - V├ñster├Ñs Stad\Skrivbordet\GGs\tools\GGs.ErrorLogViewer\GGs.ErrorLogViewer_gehhlgpb_wpftmp.csproj] C:\Users\307824\OneDrive - V├ñster├Ñs Stad\Skrivbordet\GGs\tools\GGs.ErrorLogViewer\ViewModels\MainViewModel.cs(110,54): error CS0116: A namespace cannot directly contain members such as fields, methods or statements [C:\Users\307824\OneDrive - V├ñster├Ñs Stad\Skrivbordet\GGs\tools\GGs.ErrorLogViewer\GGs.ErrorLogViewer_gehhlgpb_wpftmp.csproj] C:\Users\307824\OneDrive - V├ñster├Ñs Stad\Skrivbordet\GGs\tools\GGs.ErrorLogViewer\ViewModels\MainViewModel.cs(110,71): error CS1022: Type or namespace definition, or end-of-file expected [C:\Users\307824\OneDrive - V├ñster├Ñs Stad\Skrivbordet\GGs\tools\GGs.ErrorLogViewer\GGs.ErrorLogViewer_gehhlgpb_wpftmp.csproj] C:\Users\307824\OneDrive - V├ñster├Ñs Stad\Skrivbordet\GGs\tools\GGs.ErrorLogViewer\ViewModels\MainViewModel.cs(111,35): error CS0116: A namespace cannot directly contain members such as fields, methods or statements [C:\Users\307824\OneDrive - V├ñster├Ñs Stad\Skrivbordet\GGs\tools\GGs.ErrorLogViewer\GGs.ErrorLogViewer_gehhlgpb_wpftmp.csproj] C:\Users\307824\OneDrive - V├ñster├Ñs Stad\Skrivbordet\GGs\tools\GGs.ErrorLogViewer\ViewModels\MainViewModel.cs(111,47): error CS1022: Type or namespace definition, or end-of-file expected [C:\Users\307824\OneDrive - V├ñster├Ñs Stad\Skrivbordet\GGs\tools\GGs.ErrorLogViewer\GGs.ErrorLogViewer_gehhlgpb_wpftmp.csproj] C:\Users\307824\OneDrive - V├ñster├Ñs Stad\Skrivbordet\GGs\tools\GGs.ErrorLogViewer\ViewModels\MainViewModel.cs(111,50): error CS0116: A namespace cannot directly contain members such as fields, methods or statements [C:\Users\307824\OneDrive - V├ñster├Ñs Stad\Skrivbordet\GGs\tools\GGs.ErrorLogViewer\GGs.ErrorLogViewer_gehhlgpb_wpftmp.csproj] C:\Users\307824\OneDrive - V├ñster├Ñs Stad\Skrivbordet\GGs\tools\GGs.ErrorLogViewer\ViewModels\MainViewModel.cs(111,63): error CS1022: Type or namespace definition, or end-of-file expected [C:\Users\307824\OneDrive - V├ñster├Ñs Stad\Skrivbordet\GGs\tools\GGs.ErrorLogViewer\GGs.ErrorLogViewer_gehhlgpb_wpftmp.csproj] C:\Users\307824\OneDrive - V├ñster├Ñs Stad\Skrivbordet\GGs\tools\GGs.ErrorLogViewer\ViewModels\MainViewModel.cs(114,17): error CS8803: Top-level statements must precede namespace and type declarations. [C:\Users\307824\OneDrive - V├ñster├Ñs Stad\Skrivbordet\GGs\tools\GGs.ErrorLogViewer\GGs.ErrorLogViewer_gehhlgpb_wpftmp.csproj] C:\Users\307824\OneDrive - V├ñster├Ñs Stad\Skrivbordet\GGs\tools\GGs.ErrorLogViewer\ViewModels\MainViewModel.cs(115,13): error CS1022: Type or namespace definition, or end-of-file expected [C:\Users\307824\OneDrive - V├ñster├Ñs Stad\Skrivbordet\GGs\tools\GGs.ErrorLogViewer\GGs.ErrorLogViewer_gehhlgpb_wpftmp.csproj] C:\Users\307824\OneDrive - V├ñster├Ñs Stad\Skrivbordet\GGs\tools\GGs.ErrorLogViewer\ViewModels\MainViewModel.cs(116,9): error CS1022: Type or namespace definition, or end-of-file expected [C:\Users\307824\OneDrive - V├ñster├Ñs Stad\Skrivbordet\GGs\tools\GGs.ErrorLogViewer\GGs.ErrorLogViewer_gehhlgpb_wpftmp.csproj] C:\Users\307824\OneDrive - V├ñster├Ñs Stad\Skrivbordet\GGs\tools\GGs.ErrorLogViewer\ViewModels\MainViewModel.cs(118,9): error CS0106: The modifier 'private' is not valid for this item [C:\Users\307824\OneDrive - V├ñster├Ñs Stad\Skrivbordet\GGs\tools\GGs.ErrorLogViewer\GGs.ErrorLogViewer_gehhlgpb_wpftmp.csproj] C:\Users\307824\OneDrive - V├ñster├Ñs Stad\Skrivbordet\GGs\tools\GGs.ErrorLogViewer\ViewModels\MainViewModel.cs(217,9): error CS0106: The modifier 'private' is not valid for this item [C:\Users\307824\OneDrive - V├ñster├Ñs Stad\Skrivbordet\GGs\tools\GGs.ErrorLogViewer\GGs.ErrorLogViewer_gehhlgpb_wpftmp.csproj] C:\Users\307824\OneDrive - V├ñster├Ñs Stad\Skrivbordet\GGs\tools\GGs.ErrorLogViewer\ViewModels\MainViewModel.cs(230,9): error CS0106: The modifier 'private' is not valid for this item [C:\Users\307824\OneDrive - V├ñster├Ñs Stad\Skrivbordet\GGs\tools\GGs.ErrorLogViewer\GGs.ErrorLogViewer_gehhlgpb_wpftmp.csproj] C:\Users\307824\OneDrive - V├ñster├Ñs Stad\Skrivbordet\GGs\tools\GGs.ErrorLogViewer\ViewModels\MainViewModel.cs(237,9): error CS0106: The modifier 'private' is not valid for this item [C:\Users\307824\OneDrive - V├ñster├Ñs Stad\Skrivbordet\GGs\tools\GGs.ErrorLogViewer\GGs.ErrorLogViewer_gehhlgpb_wpftmp.csproj] C:\Users\307824\OneDrive - V├ñster├Ñs Stad\Skrivbordet\GGs\tools\GGs.ErrorLogViewer\ViewModels\MainViewModel.cs(261,9): error CS0106: The modifier 'private' is not valid for this item [C:\Users\307824\OneDrive - V├ñster├Ñs Stad\Skrivbordet\GGs\tools\GGs.ErrorLogViewer\GGs.ErrorLogViewer_gehhlgpb_wpftmp.csproj] C:\Users\307824\OneDrive - V├ñster├Ñs Stad\Skrivbordet\GGs\tools\GGs.ErrorLogViewer\ViewModels\MainViewModel.cs(279,9): error CS0106: The modifier 'private' is not valid for this item [C:\Users\307824\OneDrive - V├ñster├Ñs Stad\Skrivbordet\GGs\tools\GGs.ErrorLogViewer\GGs.ErrorLogViewer_gehhlgpb_wpftmp.csproj] C:\Users\307824\OneDrive - V├ñster├Ñs Stad\Skrivbordet\GGs\tools\GGs.ErrorLogViewer\ViewModels\MainViewModel.cs(293,9): error CS0106: The modifier 'private' is not valid for this item [C:\Users\307824\OneDrive - V├ñster├Ñs Stad\Skrivbordet\GGs\tools\GGs.ErrorLogViewer\GGs.ErrorLogViewer_gehhlgpb_wpftmp.csproj] C:\Users\307824\OneDrive - V├ñster├Ñs Stad\Skrivbordet\GGs\tools\GGs.ErrorLogViewer\ViewModels\MainViewModel.cs(307,9): error CS0106: The modifier 'private' is not valid for this item [C:\Users\307824\OneDrive - V├ñster├Ñs Stad\Skrivbordet\GGs\tools\GGs.ErrorLogViewer\GGs.ErrorLogViewer_gehhlgpb_wpftmp.csproj] C:\Users\307824\OneDrive - V├ñster├Ñs Stad\Skrivbordet\GGs\tools\GGs.ErrorLogViewer\ViewModels\MainViewModel.cs(328,9): error CS0106: The modifier 'private' is not valid for this item [C:\Users\307824\OneDrive - V├ñster├Ñs Stad\Skrivbordet\GGs\tools\GGs.ErrorLogViewer\GGs.ErrorLogViewer_gehhlgpb_wpftmp.csproj] C:\Users\307824\OneDrive - V├ñster├Ñs Stad\Skrivbordet\GGs\tools\GGs.ErrorLogViewer\ViewModels\MainViewModel.cs(352,9): error CS0106: The modifier 'private' is not valid for this item [C:\Users\307824\OneDrive - V├ñster├Ñs Stad\Skrivbordet\GGs\tools\GGs.ErrorLogViewer\GGs.ErrorLogViewer_gehhlgpb_wpftmp.csproj] C:\Users\307824\OneDrive - V├ñster├Ñs Stad\Skrivbordet\GGs\tools\GGs.ErrorLogViewer\ViewModels\MainViewModel.cs(378,9): error CS0106: The modifier 'private' is not valid for this item [C:\Users\307824\OneDrive - V├ñster├Ñs Stad\Skrivbordet\GGs\tools\GGs.ErrorLogViewer\GGs.ErrorLogViewer_gehhlgpb_wpftmp.csproj] C:\Users\307824\OneDrive - V├ñster├Ñs Stad\Skrivbordet\GGs\tools\GGs.ErrorLogViewer\ViewModels\MainViewModel.cs(408,9): error CS0106: The modifier 'private' is not valid for this item [C:\Users\307824\OneDrive - V├ñster├Ñs Stad\Skrivbordet\GGs\tools\GGs.ErrorLogViewer\GGs.ErrorLogViewer_gehhlgpb_wpftmp.csproj] C:\Users\307824\OneDrive - V├ñster├Ñs Stad\Skrivbordet\GGs\tools\GGs.ErrorLogViewer\ViewModels\MainViewModel.cs(446,9): error CS0106: The modifier 'private' is not valid for this item [C:\Users\307824\OneDrive - V├ñster├Ñs Stad\Skrivbordet\GGs\tools\GGs.ErrorLogViewer\GGs.ErrorLogViewer_gehhlgpb_wpftmp.csproj] C:\Users\307824\OneDrive - V├ñster├Ñs Stad\Skrivbordet\GGs\tools\GGs.ErrorLogViewer\ViewModels\MainViewModel.cs(455,9): error CS0106: The modifier 'private' is not valid for this item [C:\Users\307824\OneDrive - V├ñster├Ñs Stad\Skrivbordet\GGs\tools\GGs.ErrorLogViewer\GGs.ErrorLogViewer_gehhlgpb_wpftmp.csproj] C:\Users\307824\OneDrive - V├ñster├Ñs Stad\Skrivbordet\GGs\tools\GGs.ErrorLogViewer\ViewModels\MainViewModel.cs(472,9): error CS0106: The modifier 'private' is not valid for this item [C:\Users\307824\OneDrive - V├ñster├Ñs Stad\Skrivbordet\GGs\tools\GGs.ErrorLogViewer\GGs.ErrorLogViewer_gehhlgpb_wpftmp.csproj] C:\Users\307824\OneDrive - V├ñster├Ñs Stad\Skrivbordet\GGs\tools\GGs.ErrorLogViewer\ViewModels\MainViewModel.cs(533,9): error CS0106: The modifier 'private' is not valid for this item [C:\Users\307824\OneDrive - V├ñster├Ñs Stad\Skrivbordet\GGs\tools\GGs.ErrorLogViewer\GGs.ErrorLogViewer_gehhlgpb_wpftmp.csproj] C:\Users\307824\OneDrive - V├ñster├Ñs Stad\Skrivbordet\GGs\tools\GGs.ErrorLogViewer\ViewModels\MainViewModel.cs(539,9): error CS0106: The modifier 'private' is not valid for this item [C:\Users\307824\OneDrive - V├ñster├Ñs Stad\Skrivbordet\GGs\tools\GGs.ErrorLogViewer\GGs.ErrorLogViewer_gehhlgpb_wpftmp.csproj] C:\Users\307824\OneDrive - V├ñster├Ñs Stad\Skrivbordet\GGs\tools\GGs.ErrorLogViewer\ViewModels\MainViewModel.cs(555,5): error CS1022: Type or namespace definition, or end-of-file expected [C:\Users\307824\OneDrive - V├ñster├Ñs Stad\Skrivbordet\GGs\tools\GGs.ErrorLogViewer\GGs.ErrorLogViewer_gehhlgpb_wpftmp.csproj] C:\Users\307824\OneDrive - V├ñster├Ñs Stad\Skrivbordet\GGs\tools\GGs.ErrorLogViewer\ViewModels\MainViewModel.cs(556,1): error CS1022: Type or namespace definition, or end-of-file expected [C:\Users\307824\OneDrive - V├ñster├Ñs Stad\Skrivbordet\GGs\tools\GGs.ErrorLogViewer\GGs.ErrorLogViewer_gehhlgpb_wpftmp.csproj]  Build FAILED.  C:\Users\307824\OneDrive - V├ñster├Ñs Stad\Skrivbordet\GGs\tools\GGs.ErrorLogViewer\GGs.ErrorLogViewer.csproj : warning NU1903: Package 'System.Text.Json' 8.0.0 has a known high severity vulnerability, https://github.com/advisories/GHSA-8g4q-xg66-9fp4 C:\Users\307824\OneDrive - V├ñster├Ñs Stad\Skrivbordet\GGs\tools\GGs.ErrorLogViewer\GGs.ErrorLogViewer.csproj : warning NU1903: Package 'System.Text.Json' 8.0.0 has a known high severity vulnerability, https://github.com/advisories/GHSA-hh2w-p6rv-4g7w C:\Users\307824\OneDrive - V├ñster├Ñs Stad\Skrivbordet\GGs\tools\GGs.ErrorLogViewer\GGs.ErrorLogViewer.csproj : warning NU1903: Package 'System.Text.Json' 8.0.0 has a known high severity vulnerability, https://github.com/advisories/GHSA-8g4q-xg66-9fp4 C:\Users\307824\OneDrive - V├ñster├Ñs Stad\Skrivbordet\GGs\tools\GGs.ErrorLogViewer\GGs.ErrorLogViewer.csproj : warning NU1903: Package 'System.Text.Json' 8.0.0 has a known high severity vulnerability, https://github.com/advisories/GHSA-hh2w-p6rv-4g7w C:\Users\307824\OneDrive - V├ñster├Ñs Stad\Skrivbordet\GGs\tools\GGs.ErrorLogViewer\GGs.ErrorLogViewer_gehhlgpb_wpftmp.csproj : warning NU1903: Package 'System.Text.Json' 8.0.0 has a known high severity vulnerability, https://github.com/advisories/GHSA-8g4q-xg66-9fp4 C:\Users\307824\OneDrive - V├ñster├Ñs Stad\Skrivbordet\GGs\tools\GGs.ErrorLogViewer\GGs.ErrorLogViewer_gehhlgpb_wpftmp.csproj : warning NU1903: Package 'System.Text.Json' 8.0.0 has a known high severity vulnerability, https://github.com/advisories/GHSA-hh2w-p6rv-4g7w C:\Users\307824\OneDrive - V├ñster├Ñs Stad\Skrivbordet\GGs\tools\GGs.ErrorLogViewer\ViewModels\MainViewModel.cs(86,1): error CS1519: Invalid token '{' in a member declaration [C:\Users\307824\OneDrive - V├ñster├Ñs Stad\Skrivbordet\GGs\tools\GGs.ErrorLogViewer\GGs.ErrorLogViewer_gehhlgpb_wpftmp.csproj] C:\Users\307824\OneDrive - V├ñster├Ñs Stad\Skrivbordet\GGs\tools\GGs.ErrorLogViewer\ViewModels\MainViewModel.cs(86,9): error CS1519: Invalid token '}' in a member declaration [C:\Users\307824\OneDrive - V├ñster├Ñs Stad\Skrivbordet\GGs\tools\GGs.ErrorLogViewer\GGs.ErrorLogViewer_gehhlgpb_wpftmp.csproj] C:\Users\307824\OneDrive - V├ñster├Ñs Stad\Skrivbordet\GGs\tools\GGs.ErrorLogViewer\ViewModels\MainViewModel.cs(98,40): error CS1031: Type expected [C:\Users\307824\OneDrive - V├ñster├Ñs Stad\Skrivbordet\GGs\tools\GGs.ErrorLogViewer\GGs.ErrorLogViewer_gehhlgpb_wpftmp.csproj] C:\Users\307824\OneDrive - V├ñster├Ñs Stad\Skrivbordet\GGs\tools\GGs.ErrorLogViewer\ViewModels\MainViewModel.cs(98,40): error CS1001: Identifier expected [C:\Users\307824\OneDrive - V├ñster├Ñs Stad\Skrivbordet\GGs\tools\GGs.ErrorLogViewer\GGs.ErrorLogViewer_gehhlgpb_wpftmp.csproj] C:\Users\307824\OneDrive - V├ñster├Ñs Stad\Skrivbordet\GGs\tools\GGs.ErrorLogViewer\ViewModels\MainViewModel.cs(98,40): error CS1026: ) expected [C:\Users\307824\OneDrive - V├ñster├Ñs Stad\Skrivbordet\GGs\tools\GGs.ErrorLogViewer\GGs.ErrorLogViewer_gehhlgpb_wpftmp.csproj] C:\Users\307824\OneDrive - V├ñster├Ñs Stad\Skrivbordet\GGs\tools\GGs.ErrorLogViewer\ViewModels\MainViewModel.cs(99,4): error CS8635: Unexpected character sequence '...' [C:\Users\307824\OneDrive - V├ñster├Ñs Stad\Skrivbordet\GGs\tools\GGs.ErrorLogViewer\GGs.ErrorLogViewer_gehhlgpb_wpftmp.csproj] C:\Users\307824\OneDrive - V├ñster├Ñs Stad\Skrivbordet\GGs\tools\GGs.ErrorLogViewer\ViewModels\MainViewModel.cs(99,8): error CS1002: ; expected [C:\Users\307824\OneDrive - V├ñster├Ñs Stad\Skrivbordet\GGs\tools\GGs.ErrorLogViewer\GGs.ErrorLogViewer_gehhlgpb_wpftmp.csproj] C:\Users\307824\OneDrive - V├ñster├Ñs Stad\Skrivbordet\GGs\tools\GGs.ErrorLogViewer\ViewModels\MainViewModel.cs(100,1): error CS1513: } expected [C:\Users\307824\OneDrive - V├ñster├Ñs Stad\Skrivbordet\GGs\tools\GGs.ErrorLogViewer\GGs.ErrorLogViewer_gehhlgpb_wpftmp.csproj] C:\Users\307824\OneDrive - V├ñster├Ñs Stad\Skrivbordet\GGs\tools\GGs.ErrorLogViewer\ViewModels\MainViewModel.cs(100,13): error CS0116: A namespace cannot directly contain members such as fields, methods or statements [C:\Users\307824\OneDrive - V├ñster├Ñs Stad\Skrivbordet\GGs\tools\GGs.ErrorLogViewer\GGs.ErrorLogViewer_gehhlgpb_wpftmp.csproj] C:\Users\307824\OneDrive - V├ñster├Ñs Stad\Skrivbordet\GGs\tools\GGs.ErrorLogViewer\ViewModels\MainViewModel.cs(100,37): error CS1022: Type or namespace definition, or end-of-file expected [C:\Users\307824\OneDrive - V├ñster├Ñs Stad\Skrivbordet\GGs\tools\GGs.ErrorLogViewer\GGs.ErrorLogViewer_gehhlgpb_wpftmp.csproj] C:\Users\307824\OneDrive - V├ñster├Ñs Stad\Skrivbordet\GGs\tools\GGs.ErrorLogViewer\ViewModels\MainViewModel.cs(100,72): error CS1001: Identifier expected [C:\Users\307824\OneDrive - V├ñster├Ñs Stad\Skrivbordet\GGs\tools\GGs.ErrorLogViewer\GGs.ErrorLogViewer_gehhlgpb_wpftmp.csproj] C:\Users\307824\OneDrive - V├ñster├Ñs Stad\Skrivbordet\GGs\tools\GGs.ErrorLogViewer\ViewModels\MainViewModel.cs(101,13): error CS0116: A namespace cannot directly contain members such as fields, methods or statements [C:\Users\307824\OneDrive - V├ñster├Ñs Stad\Skrivbordet\GGs\tools\GGs.ErrorLogViewer\GGs.ErrorLogViewer_gehhlgpb_wpftmp.csproj] C:\Users\307824\OneDrive - V├ñster├Ñs Stad\Skrivbordet\GGs\tools\GGs.ErrorLogViewer\ViewModels\MainViewModel.cs(101,33): error CS1022: Type or namespace definition, or end-of-file expected [C:\Users\307824\OneDrive - V├ñster├Ñs Stad\Skrivbordet\GGs\tools\GGs.ErrorLogViewer\GGs.ErrorLogViewer_gehhlgpb_wpftmp.csproj] C:\Users\307824\OneDrive - V├ñster├Ñs Stad\Skrivbordet\GGs\tools\GGs.ErrorLogViewer\ViewModels\MainViewModel.cs(101,64): error CS1001: Identifier expected [C:\Users\307824\OneDrive - V├ñster├Ñs Stad\Skrivbordet\GGs\tools\GGs.ErrorLogViewer\GGs.ErrorLogViewer_gehhlgpb_wpftmp.csproj] C:\Users\307824\OneDrive - V├ñster├Ñs Stad\Skrivbordet\GGs\tools\GGs.ErrorLogViewer\ViewModels\MainViewModel.cs(103,13): error CS0116: A namespace cannot directly contain members such as fields, methods or statements [C:\Users\307824\OneDrive - V├ñster├Ñs Stad\Skrivbordet\GGs\tools\GGs.ErrorLogViewer\GGs.ErrorLogViewer_gehhlgpb_wpftmp.csproj] C:\Users\307824\OneDrive - V├ñster├Ñs Stad\Skrivbordet\GGs\tools\GGs.ErrorLogViewer\ViewModels\MainViewModel.cs(103,28): error CS1022: Type or namespace definition, or end-of-file expected [C:\Users\307824\OneDrive - V├ñster├Ñs Stad\Skrivbordet\GGs\tools\GGs.ErrorLogViewer\GGs.ErrorLogViewer_gehhlgpb_wpftmp.csproj] C:\Users\307824\OneDrive - V├ñster├Ñs Stad\Skrivbordet\GGs\tools\GGs.ErrorLogViewer\ViewModels\MainViewModel.cs(103,54): error CS1001: Identifier expected [C:\Users\307824\OneDrive - V├ñster├Ñs Stad\Skrivbordet\GGs\tools\GGs.ErrorLogViewer\GGs.ErrorLogViewer_gehhlgpb_wpftmp.csproj] C:\Users\307824\OneDrive - V├ñster├Ñs Stad\Skrivbordet\GGs\tools\GGs.ErrorLogViewer\ViewModels\MainViewModel.cs(103,57): error CS8124: Tuple must contain at least two elements. [C:\Users\307824\OneDrive - V├ñster├Ñs Stad\Skrivbordet\GGs\tools\GGs.ErrorLogViewer\GGs.ErrorLogViewer_gehhlgpb_wpftmp.csproj] C:\Users\307824\OneDrive - V├ñster├Ñs Stad\Skrivbordet\GGs\tools\GGs.ErrorLogViewer\ViewModels\MainViewModel.cs(103,59): error CS1001: Identifier expected [C:\Users\307824\OneDrive - V├ñster├Ñs Stad\Skrivbordet\GGs\tools\GGs.ErrorLogViewer\GGs.ErrorLogViewer_gehhlgpb_wpftmp.csproj] C:\Users\307824\OneDrive - V├ñster├Ñs Stad\Skrivbordet\GGs\tools\GGs.ErrorLogViewer\ViewModels\MainViewModel.cs(103,59): error CS1003: Syntax error, ',' expected [C:\Users\307824\OneDrive - V├ñster├Ñs Stad\Skrivbordet\GGs\tools\GGs.ErrorLogViewer\GGs.ErrorLogViewer_gehhlgpb_wpftmp.csproj] C:\Users\307824\OneDrive - V├ñster├Ñs Stad\Skrivbordet\GGs\tools\GGs.ErrorLogViewer\ViewModels\MainViewModel.cs(103,62): error CS1003: Syntax error, ',' expected [C:\Users\307824\OneDrive - V├ñster├Ñs Stad\Skrivbordet\GGs\tools\GGs.ErrorLogViewer\GGs.ErrorLogViewer_gehhlgpb_wpftmp.csproj] C:\Users\307824\OneDrive - V├ñster├Ñs Stad\Skrivbordet\GGs\tools\GGs.ErrorLogViewer\ViewModels\MainViewModel.cs(103,79): error CS1001: Identifier expected [C:\Users\307824\OneDrive - V├ñster├Ñs Stad\Skrivbordet\GGs\tools\GGs.ErrorLogViewer\GGs.ErrorLogViewer_gehhlgpb_wpftmp.csproj] C:\Users\307824\OneDrive - V├ñster├Ñs Stad\Skrivbordet\GGs\tools\GGs.ErrorLogViewer\ViewModels\MainViewModel.cs(103,79): error CS1003: Syntax error, ',' expected [C:\Users\307824\OneDrive - V├ñster├Ñs Stad\Skrivbordet\GGs\tools\GGs.ErrorLogViewer\GGs.ErrorLogViewer_gehhlgpb_wpftmp.csproj] C:\Users\307824\OneDrive - V├ñster├Ñs Stad\Skrivbordet\GGs\tools\GGs.ErrorLogViewer\ViewModels\MainViewModel.cs(104,13): error CS0116: A namespace cannot directly contain members such as fields, methods or statements [C:\Users\307824\OneDrive - V├ñster├Ñs Stad\Skrivbordet\GGs\tools\GGs.ErrorLogViewer\GGs.ErrorLogViewer_gehhlgpb_wpftmp.csproj] C:\Users\307824\OneDrive - V├ñster├Ñs Stad\Skrivbordet\GGs\tools\GGs.ErrorLogViewer\ViewModels\MainViewModel.cs(104,32): error CS1022: Type or namespace definition, or end-of-file expected [C:\Users\307824\OneDrive - V├ñster├Ñs Stad\Skrivbordet\GGs\tools\GGs.ErrorLogViewer\GGs.ErrorLogViewer_gehhlgpb_wpftmp.csproj] C:\Users\307824\OneDrive - V├ñster├Ñs Stad\Skrivbordet\GGs\tools\GGs.ErrorLogViewer\ViewModels\MainViewModel.cs(104,62): error CS1001: Identifier expected [C:\Users\307824\OneDrive - V├ñster├Ñs Stad\Skrivbordet\GGs\tools\GGs.ErrorLogViewer\GGs.ErrorLogViewer_gehhlgpb_wpftmp.csproj] C:\Users\307824\OneDrive - V├ñster├Ñs Stad\Skrivbordet\GGs\tools\GGs.ErrorLogViewer\ViewModels\MainViewModel.cs(104,65): error CS8124: Tuple must contain at least two elements. [C:\Users\307824\OneDrive - V├ñster├Ñs Stad\Skrivbordet\GGs\tools\GGs.ErrorLogViewer\GGs.ErrorLogViewer_gehhlgpb_wpftmp.csproj] C:\Users\307824\OneDrive - V├ñster├Ñs Stad\Skrivbordet\GGs\tools\GGs.ErrorLogViewer\ViewModels\MainViewModel.cs(104,67): error CS1001: Identifier expected [C:\Users\307824\OneDrive - V├ñster├Ñs Stad\Skrivbordet\GGs\tools\GGs.ErrorLogViewer\GGs.ErrorLogViewer_gehhlgpb_wpftmp.csproj] C:\Users\307824\OneDrive - V├ñster├Ñs Stad\Skrivbordet\GGs\tools\GGs.ErrorLogViewer\ViewModels\MainViewModel.cs(104,67): error CS1003: Syntax error, ',' expected [C:\Users\307824\OneDrive - V├ñster├Ñs Stad\Skrivbordet\GGs\tools\GGs.ErrorLogViewer\GGs.ErrorLogViewer_gehhlgpb_wpftmp.csproj] C:\Users\307824\OneDrive - V├ñster├Ñs Stad\Skrivbordet\GGs\tools\GGs.ErrorLogViewer\ViewModels\MainViewModel.cs(104,70): error CS1003: Syntax error, ',' expected [C:\Users\307824\OneDrive - V├ñster├Ñs Stad\Skrivbordet\GGs\tools\GGs.ErrorLogViewer\GGs.ErrorLogViewer_gehhlgpb_wpftmp.csproj] C:\Users\307824\OneDrive - V├ñster├Ñs Stad\Skrivbordet\GGs\tools\GGs.ErrorLogViewer\ViewModels\MainViewModel.cs(104,87): error CS1001: Identifier expected [C:\Users\307824\OneDrive - V├ñster├Ñs Stad\Skrivbordet\GGs\tools\GGs.ErrorLogViewer\GGs.ErrorLogViewer_gehhlgpb_wpftmp.csproj] C:\Users\307824\OneDrive - V├ñster├Ñs Stad\Skrivbordet\GGs\tools\GGs.ErrorLogViewer\ViewModels\MainViewModel.cs(104,87): error CS1003: Syntax error, ',' expected [C:\Users\307824\OneDrive - V├ñster├Ñs Stad\Skrivbordet\GGs\tools\GGs.ErrorLogViewer\GGs.ErrorLogViewer_gehhlgpb_wpftmp.csproj] C:\Users\307824\OneDrive - V├ñster├Ñs Stad\Skrivbordet\GGs\tools\GGs.ErrorLogViewer\ViewModels\MainViewModel.cs(105,13): error CS0116: A namespace cannot directly contain members such as fields, methods or statements [C:\Users\307824\OneDrive - V├ñster├Ñs Stad\Skrivbordet\GGs\tools\GGs.ErrorLogViewer\GGs.ErrorLogViewer_gehhlgpb_wpftmp.csproj] C:\Users\307824\OneDrive - V├ñster├Ñs Stad\Skrivbordet\GGs\tools\GGs.ErrorLogViewer\ViewModels\MainViewModel.cs(105,32): error CS1022: Type or namespace definition, or end-of-file expected [C:\Users\307824\OneDrive - V├ñster├Ñs Stad\Skrivbordet\GGs\tools\GGs.ErrorLogViewer\GGs.ErrorLogViewer_gehhlgpb_wpftmp.csproj] C:\Users\307824\OneDrive - V├ñster├Ñs Stad\Skrivbordet\GGs\tools\GGs.ErrorLogViewer\ViewModels\MainViewModel.cs(105,62): error CS1001: Identifier expected [C:\Users\307824\OneDrive - V├ñster├Ñs Stad\Skrivbordet\GGs\tools\GGs.ErrorLogViewer\GGs.ErrorLogViewer_gehhlgpb_wpftmp.csproj] C:\Users\307824\OneDrive - V├ñster├Ñs Stad\Skrivbordet\GGs\tools\GGs.ErrorLogViewer\ViewModels\MainViewModel.cs(105,65): error CS8124: Tuple must contain at least two elements. [C:\Users\307824\OneDrive - V├ñster├Ñs Stad\Skrivbordet\GGs\tools\GGs.ErrorLogViewer\GGs.ErrorLogViewer_gehhlgpb_wpftmp.csproj] C:\Users\307824\OneDrive - V├ñster├Ñs Stad\Skrivbordet\GGs\tools\GGs.ErrorLogViewer\ViewModels\MainViewModel.cs(105,67): error CS1001: Identifier expected [C:\Users\307824\OneDrive - V├ñster├Ñs Stad\Skrivbordet\GGs\tools\GGs.ErrorLogViewer\GGs.ErrorLogViewer_gehhlgpb_wpftmp.csproj] C:\Users\307824\OneDrive - V├ñster├Ñs Stad\Skrivbordet\GGs\tools\GGs.ErrorLogViewer\ViewModels\MainViewModel.cs(105,67): error CS1003: Syntax error, ',' expected [C:\Users\307824\OneDrive - V├ñster├Ñs Stad\Skrivbordet\GGs\tools\GGs.ErrorLogViewer\GGs.ErrorLogViewer_gehhlgpb_wpftmp.csproj] C:\Users\307824\OneDrive - V├ñster├Ñs Stad\Skrivbordet\GGs\tools\GGs.ErrorLogViewer\ViewModels\MainViewModel.cs(105,70): error CS1003: Syntax error, ',' expected [C:\Users\307824\OneDrive - V├ñster├Ñs Stad\Skrivbordet\GGs\tools\GGs.ErrorLogViewer\GGs.ErrorLogViewer_gehhlgpb_wpftmp.csproj] C:\Users\307824\OneDrive - V├ñster├Ñs Stad\Skrivbordet\GGs\tools\GGs.ErrorLogViewer\ViewModels\MainViewModel.cs(105,87): error CS1001: Identifier expected [C:\Users\307824\OneDrive - V├ñster├Ñs Stad\Skrivbordet\GGs\tools\GGs.ErrorLogViewer\GGs.ErrorLogViewer_gehhlgpb_wpftmp.csproj] C:\Users\307824\OneDrive - V├ñster├Ñs Stad\Skrivbordet\GGs\tools\GGs.ErrorLogViewer\ViewModels\MainViewModel.cs(105,87): error CS1003: Syntax error, ',' expected [C:\Users\307824\OneDrive - V├ñster├Ñs Stad\Skrivbordet\GGs\tools\GGs.ErrorLogViewer\GGs.ErrorLogViewer_gehhlgpb_wpftmp.csproj] C:\Users\307824\OneDrive - V├ñster├Ñs Stad\Skrivbordet\GGs\tools\GGs.ErrorLogViewer\ViewModels\MainViewModel.cs(106,13): error CS0116: A namespace cannot directly contain members such as fields, methods or statements [C:\Users\307824\OneDrive - V├ñster├Ñs Stad\Skrivbordet\GGs\tools\GGs.ErrorLogViewer\GGs.ErrorLogViewer_gehhlgpb_wpftmp.csproj] C:\Users\307824\OneDrive - V├ñster├Ñs Stad\Skrivbordet\GGs\tools\GGs.ErrorLogViewer\ViewModels\MainViewModel.cs(106,38): error CS1022: Type or namespace definition, or end-of-file expected [C:\Users\307824\OneDrive - V├ñster├Ñs Stad\Skrivbordet\GGs\tools\GGs.ErrorLogViewer\GGs.ErrorLogViewer_gehhlgpb_wpftmp.csproj] C:\Users\307824\OneDrive - V├ñster├Ñs Stad\Skrivbordet\GGs\tools\GGs.ErrorLogViewer\ViewModels\MainViewModel.cs(106,58): error CS8124: Tuple must contain at least two elements. [C:\Users\307824\OneDrive - V├ñster├Ñs Stad\Skrivbordet\GGs\tools\GGs.ErrorLogViewer\GGs.ErrorLogViewer_gehhlgpb_wpftmp.csproj] C:\Users\307824\OneDrive - V├ñster├Ñs Stad\Skrivbordet\GGs\tools\GGs.ErrorLogViewer\ViewModels\MainViewModel.cs(106,60): error CS1001: Identifier expected [C:\Users\307824\OneDrive - V├ñster├Ñs Stad\Skrivbordet\GGs\tools\GGs.ErrorLogViewer\GGs.ErrorLogViewer_gehhlgpb_wpftmp.csproj] C:\Users\307824\OneDrive - V├ñster├Ñs Stad\Skrivbordet\GGs\tools\GGs.ErrorLogViewer\ViewModels\MainViewModel.cs(106,60): error CS1003: Syntax error, ',' expected [C:\Users\307824\OneDrive - V├ñster├Ñs Stad\Skrivbordet\GGs\tools\GGs.ErrorLogViewer\GGs.ErrorLogViewer_gehhlgpb_wpftmp.csproj] C:\Users\307824\OneDrive - V├ñster├Ñs Stad\Skrivbordet\GGs\tools\GGs.ErrorLogViewer\ViewModels\MainViewModel.cs(106,63): error CS1003: Syntax error, ',' expected [C:\Users\307824\OneDrive - V├ñster├Ñs Stad\Skrivbordet\GGs\tools\GGs.ErrorLogViewer\GGs.ErrorLogViewer_gehhlgpb_wpftmp.csproj] C:\Users\307824\OneDrive - V├ñster├Ñs Stad\Skrivbordet\GGs\tools\GGs.ErrorLogViewer\ViewModels\MainViewModel.cs(106,84): error CS1001: Identifier expected [C:\Users\307824\OneDrive - V├ñster├Ñs Stad\Skrivbordet\GGs\tools\GGs.ErrorLogViewer\GGs.ErrorLogViewer_gehhlgpb_wpftmp.csproj] C:\Users\307824\OneDrive - V├ñster├Ñs Stad\Skrivbordet\GGs\tools\GGs.ErrorLogViewer\ViewModels\MainViewModel.cs(109,35): error CS0116: A namespace cannot directly contain members such as fields, methods or statements [C:\Users\307824\OneDrive - V├ñster├Ñs Stad\Skrivbordet\GGs\tools\GGs.ErrorLogViewer\GGs.ErrorLogViewer_gehhlgpb_wpftmp.csproj] C:\Users\307824\OneDrive - V├ñster├Ñs Stad\Skrivbordet\GGs\tools\GGs.ErrorLogViewer\ViewModels\MainViewModel.cs(109,49): error CS1022: Type or namespace definition, or end-of-file expected [C:\Users\307824\OneDrive - V├ñster├Ñs Stad\Skrivbordet\GGs\tools\GGs.ErrorLogViewer\GGs.ErrorLogViewer_gehhlgpb_wpftmp.csproj] C:\Users\307824\OneDrive - V├ñster├Ñs Stad\Skrivbordet\GGs\tools\GGs.ErrorLogViewer\ViewModels\MainViewModel.cs(109,52): error CS0116: A namespace cannot directly contain members such as fields, methods or statements [C:\Users\307824\OneDrive - V├ñster├Ñs Stad\Skrivbordet\GGs\tools\GGs.ErrorLogViewer\GGs.ErrorLogViewer_gehhlgpb_wpftmp.csproj] C:\Users\307824\OneDrive - V├ñster├Ñs Stad\Skrivbordet\GGs\tools\GGs.ErrorLogViewer\ViewModels\MainViewModel.cs(109,67): error CS1022: Type or namespace definition, or end-of-file expected [C:\Users\307824\OneDrive - V├ñster├Ñs Stad\Skrivbordet\GGs\tools\GGs.ErrorLogViewer\GGs.ErrorLogViewer_gehhlgpb_wpftmp.csproj] C:\Users\307824\OneDrive - V├ñster├Ñs Stad\Skrivbordet\GGs\tools\GGs.ErrorLogViewer\ViewModels\MainViewModel.cs(110,35): error CS0116: A namespace cannot directly contain members such as fields, methods or statements [C:\Users\307824\OneDrive - V├ñster├Ñs Stad\Skrivbordet\GGs\tools\GGs.ErrorLogViewer\GGs.ErrorLogViewer_gehhlgpb_wpftmp.csproj] C:\Users\307824\OneDrive - V├ñster├Ñs Stad\Skrivbordet\GGs\tools\GGs.ErrorLogViewer\ViewModels\MainViewModel.cs(110,51): error CS1022: Type or namespace definition, or end-of-file expected [C:\Users\307824\OneDrive - V├ñster├Ñs Stad\Skrivbordet\GGs\tools\GGs.ErrorLogViewer\GGs.ErrorLogViewer_gehhlgpb_wpftmp.csproj] C:\Users\307824\OneDrive - V├ñster├Ñs Stad\Skrivbordet\GGs\tools\GGs.ErrorLogViewer\ViewModels\MainViewModel.cs(110,54): error CS0116: A namespace cannot directly contain members such as fields, methods or statements [C:\Users\307824\OneDrive - V├ñster├Ñs Stad\Skrivbordet\GGs\tools\GGs.ErrorLogViewer\GGs.ErrorLogViewer_gehhlgpb_wpftmp.csproj] C:\Users\307824\OneDrive - V├ñster├Ñs Stad\Skrivbordet\GGs\tools\GGs.ErrorLogViewer\ViewModels\MainViewModel.cs(110,71): error CS1022: Type or namespace definition, or end-of-file expected [C:\Users\307824\OneDrive - V├ñster├Ñs Stad\Skrivbordet\GGs\tools\GGs.ErrorLogViewer\GGs.ErrorLogViewer_gehhlgpb_wpftmp.csproj] C:\Users\307824\OneDrive - V├ñster├Ñs Stad\Skrivbordet\GGs\tools\GGs.ErrorLogViewer\ViewModels\MainViewModel.cs(111,35): error CS0116: A namespace cannot directly contain members such as fields, methods or statements [C:\Users\307824\OneDrive - V├ñster├Ñs Stad\Skrivbordet\GGs\tools\GGs.ErrorLogViewer\GGs.ErrorLogViewer_gehhlgpb_wpftmp.csproj] C:\Users\307824\OneDrive - V├ñster├Ñs Stad\Skrivbordet\GGs\tools\GGs.ErrorLogViewer\ViewModels\MainViewModel.cs(111,47): error CS1022: Type or namespace definition, or end-of-file expected [C:\Users\307824\OneDrive - V├ñster├Ñs Stad\Skrivbordet\GGs\tools\GGs.ErrorLogViewer\GGs.ErrorLogViewer_gehhlgpb_wpftmp.csproj] C:\Users\307824\OneDrive - V├ñster├Ñs Stad\Skrivbordet\GGs\tools\GGs.ErrorLogViewer\ViewModels\MainViewModel.cs(111,50): error CS0116: A namespace cannot directly contain members such as fields, methods or statements [C:\Users\307824\OneDrive - V├ñster├Ñs Stad\Skrivbordet\GGs\tools\GGs.ErrorLogViewer\GGs.ErrorLogViewer_gehhlgpb_wpftmp.csproj] C:\Users\307824\OneDrive - V├ñster├Ñs Stad\Skrivbordet\GGs\tools\GGs.ErrorLogViewer\ViewModels\MainViewModel.cs(111,63): error CS1022: Type or namespace definition, or end-of-file expected [C:\Users\307824\OneDrive - V├ñster├Ñs Stad\Skrivbordet\GGs\tools\GGs.ErrorLogViewer\GGs.ErrorLogViewer_gehhlgpb_wpftmp.csproj] C:\Users\307824\OneDrive - V├ñster├Ñs Stad\Skrivbordet\GGs\tools\GGs.ErrorLogViewer\ViewModels\MainViewModel.cs(114,17): error CS8803: Top-level statements must precede namespace and type declarations. [C:\Users\307824\OneDrive - V├ñster├Ñs Stad\Skrivbordet\GGs\tools\GGs.ErrorLogViewer\GGs.ErrorLogViewer_gehhlgpb_wpftmp.csproj] C:\Users\307824\OneDrive - V├ñster├Ñs Stad\Skrivbordet\GGs\tools\GGs.ErrorLogViewer\ViewModels\MainViewModel.cs(115,13): error CS1022: Type or namespace definition, or end-of-file expected [C:\Users\307824\OneDrive - V├ñster├Ñs Stad\Skrivbordet\GGs\tools\GGs.ErrorLogViewer\GGs.ErrorLogViewer_gehhlgpb_wpftmp.csproj] C:\Users\307824\OneDrive - V├ñster├Ñs Stad\Skrivbordet\GGs\tools\GGs.ErrorLogViewer\ViewModels\MainViewModel.cs(116,9): error CS1022: Type or namespace definition, or end-of-file expected [C:\Users\307824\OneDrive - V├ñster├Ñs Stad\Skrivbordet\GGs\tools\GGs.ErrorLogViewer\GGs.ErrorLogViewer_gehhlgpb_wpftmp.csproj] C:\Users\307824\OneDrive - V├ñster├Ñs Stad\Skrivbordet\GGs\tools\GGs.ErrorLogViewer\ViewModels\MainViewModel.cs(118,9): error CS0106: The modifier 'private' is not valid for this item [C:\Users\307824\OneDrive - V├ñster├Ñs Stad\Skrivbordet\GGs\tools\GGs.ErrorLogViewer\GGs.ErrorLogViewer_gehhlgpb_wpftmp.csproj] C:\Users\307824\OneDrive - V├ñster├Ñs Stad\Skrivbordet\GGs\tools\GGs.ErrorLogViewer\ViewModels\MainViewModel.cs(217,9): error CS0106: The modifier 'private' is not valid for this item [C:\Users\307824\OneDrive - V├ñster├Ñs Stad\Skrivbordet\GGs\tools\GGs.ErrorLogViewer\GGs.ErrorLogViewer_gehhlgpb_wpftmp.csproj] C:\Users\307824\OneDrive - V├ñster├Ñs Stad\Skrivbordet\GGs\tools\GGs.ErrorLogViewer\ViewModels\MainViewModel.cs(230,9): error CS0106: The modifier 'private' is not valid for this item [C:\Users\307824\OneDrive - V├ñster├Ñs Stad\Skrivbordet\GGs\tools\GGs.ErrorLogViewer\GGs.ErrorLogViewer_gehhlgpb_wpftmp.csproj] C:\Users\307824\OneDrive - V├ñster├Ñs Stad\Skrivbordet\GGs\tools\GGs.ErrorLogViewer\ViewModels\MainViewModel.cs(237,9): error CS0106: The modifier 'private' is not valid for this item [C:\Users\307824\OneDrive - V├ñster├Ñs Stad\Skrivbordet\GGs\tools\GGs.ErrorLogViewer\GGs.ErrorLogViewer_gehhlgpb_wpftmp.csproj] C:\Users\307824\OneDrive - V├ñster├Ñs Stad\Skrivbordet\GGs\tools\GGs.ErrorLogViewer\ViewModels\MainViewModel.cs(261,9): error CS0106: The modifier 'private' is not valid for this item [C:\Users\307824\OneDrive - V├ñster├Ñs Stad\Skrivbordet\GGs\tools\GGs.ErrorLogViewer\GGs.ErrorLogViewer_gehhlgpb_wpftmp.csproj] C:\Users\307824\OneDrive - V├ñster├Ñs Stad\Skrivbordet\GGs\tools\GGs.ErrorLogViewer\ViewModels\MainViewModel.cs(279,9): error CS0106: The modifier 'private' is not valid for this item [C:\Users\307824\OneDrive - V├ñster├Ñs Stad\Skrivbordet\GGs\tools\GGs.ErrorLogViewer\GGs.ErrorLogViewer_gehhlgpb_wpftmp.csproj] C:\Users\307824\OneDrive - V├ñster├Ñs Stad\Skrivbordet\GGs\tools\GGs.ErrorLogViewer\ViewModels\MainViewModel.cs(293,9): error CS0106: The modifier 'private' is not valid for this item [C:\Users\307824\OneDrive - V├ñster├Ñs Stad\Skrivbordet\GGs\tools\GGs.ErrorLogViewer\GGs.ErrorLogViewer_gehhlgpb_wpftmp.csproj] C:\Users\307824\OneDrive - V├ñster├Ñs Stad\Skrivbordet\GGs\tools\GGs.ErrorLogViewer\ViewModels\MainViewModel.cs(307,9): error CS0106: The modifier 'private' is not valid for this item [C:\Users\307824\OneDrive - V├ñster├Ñs Stad\Skrivbordet\GGs\tools\GGs.ErrorLogViewer\GGs.ErrorLogViewer_gehhlgpb_wpftmp.csproj] C:\Users\307824\OneDrive - V├ñster├Ñs Stad\Skrivbordet\GGs\tools\GGs.ErrorLogViewer\ViewModels\MainViewModel.cs(328,9): error CS0106: The modifier 'private' is not valid for this item [C:\Users\307824\OneDrive - V├ñster├Ñs Stad\Skrivbordet\GGs\tools\GGs.ErrorLogViewer\GGs.ErrorLogViewer_gehhlgpb_wpftmp.csproj] C:\Users\307824\OneDrive - V├ñster├Ñs Stad\Skrivbordet\GGs\tools\GGs.ErrorLogViewer\ViewModels\MainViewModel.cs(352,9): error CS0106: The modifier 'private' is not valid for this item [C:\Users\307824\OneDrive - V├ñster├Ñs Stad\Skrivbordet\GGs\tools\GGs.ErrorLogViewer\GGs.ErrorLogViewer_gehhlgpb_wpftmp.csproj] C:\Users\307824\OneDrive - V├ñster├Ñs Stad\Skrivbordet\GGs\tools\GGs.ErrorLogViewer\ViewModels\MainViewModel.cs(378,9): error CS0106: The modifier 'private' is not valid for this item [C:\Users\307824\OneDrive - V├ñster├Ñs Stad\Skrivbordet\GGs\tools\GGs.ErrorLogViewer\GGs.ErrorLogViewer_gehhlgpb_wpftmp.csproj] C:\Users\307824\OneDrive - V├ñster├Ñs Stad\Skrivbordet\GGs\tools\GGs.ErrorLogViewer\ViewModels\MainViewModel.cs(408,9): error CS0106: The modifier 'private' is not valid for this item [C:\Users\307824\OneDrive - V├ñster├Ñs Stad\Skrivbordet\GGs\tools\GGs.ErrorLogViewer\GGs.ErrorLogViewer_gehhlgpb_wpftmp.csproj] C:\Users\307824\OneDrive - V├ñster├Ñs Stad\Skrivbordet\GGs\tools\GGs.ErrorLogViewer\ViewModels\MainViewModel.cs(446,9): error CS0106: The modifier 'private' is not valid for this item [C:\Users\307824\OneDrive - V├ñster├Ñs Stad\Skrivbordet\GGs\tools\GGs.ErrorLogViewer\GGs.ErrorLogViewer_gehhlgpb_wpftmp.csproj] C:\Users\307824\OneDrive - V├ñster├Ñs Stad\Skrivbordet\GGs\tools\GGs.ErrorLogViewer\ViewModels\MainViewModel.cs(455,9): error CS0106: The modifier 'private' is not valid for this item [C:\Users\307824\OneDrive - V├ñster├Ñs Stad\Skrivbordet\GGs\tools\GGs.ErrorLogViewer\GGs.ErrorLogViewer_gehhlgpb_wpftmp.csproj] C:\Users\307824\OneDrive - V├ñster├Ñs Stad\Skrivbordet\GGs\tools\GGs.ErrorLogViewer\ViewModels\MainViewModel.cs(472,9): error CS0106: The modifier 'private' is not valid for this item [C:\Users\307824\OneDrive - V├ñster├Ñs Stad\Skrivbordet\GGs\tools\GGs.ErrorLogViewer\GGs.ErrorLogViewer_gehhlgpb_wpftmp.csproj] C:\Users\307824\OneDrive - V├ñster├Ñs Stad\Skrivbordet\GGs\tools\GGs.ErrorLogViewer\ViewModels\MainViewModel.cs(533,9): error CS0106: The modifier 'private' is not valid for this item [C:\Users\307824\OneDrive - V├ñster├Ñs Stad\Skrivbordet\GGs\tools\GGs.ErrorLogViewer\GGs.ErrorLogViewer_gehhlgpb_wpftmp.csproj] C:\Users\307824\OneDrive - V├ñster├Ñs Stad\Skrivbordet\GGs\tools\GGs.ErrorLogViewer\ViewModels\MainViewModel.cs(539,9): error CS0106: The modifier 'private' is not valid for this item [C:\Users\307824\OneDrive - V├ñster├Ñs Stad\Skrivbordet\GGs\tools\GGs.ErrorLogViewer\GGs.ErrorLogViewer_gehhlgpb_wpftmp.csproj] C:\Users\307824\OneDrive - V├ñster├Ñs Stad\Skrivbordet\GGs\tools\GGs.ErrorLogViewer\ViewModels\MainViewModel.cs(555,5): error CS1022: Type or namespace definition, or end-of-file expected [C:\Users\307824\OneDrive - V├ñster├Ñs Stad\Skrivbordet\GGs\tools\GGs.ErrorLogViewer\GGs.ErrorLogViewer_gehhlgpb_wpftmp.csproj] C:\Users\307824\OneDrive - V├ñster├Ñs Stad\Skrivbordet\GGs\tools\GGs.ErrorLogViewer\ViewModels\MainViewModel.cs(556,1): error CS1022: Type or namespace definition, or end-of-file expected [C:\Users\307824\OneDrive - V├ñster├Ñs Stad\Skrivbordet\GGs\tools\GGs.ErrorLogViewer\GGs.ErrorLogViewer_gehhlgpb_wpftmp.csproj]     6 Warning(s)     82 Error(s)  Time Elapsed 00:00:03.41
[2025-10-01 12:55:49.099] [Error] Launcher failed: One or more builds failed. Check log for details.
[2025-10-01 12:55:49.135] [Debug] Stack Trace: at Build-Applications, C:\Users\307824\OneDrive - Västerås Stad\Skrivbordet\GGs\GGsLauncher.ps1: line 243
at <ScriptBlock>, C:\Users\307824\OneDrive - Västerås Stad\Skrivbordet\GGs\GGsLauncher.ps1: line 467
[2025-10-01 13:25:52.022] [Info] Launcher started with configuration: Release
[2025-10-01 13:25:52.127] [Debug] Checking .NET SDK...
[2025-10-01 13:25:52.474] [Success] .NET SDK found: v9.0.305
[2025-10-01 13:25:52.494] [Success] Solution file found: GGs.sln
[2025-10-01 13:25:52.522] [Success] GGs.Desktop project found
[2025-10-01 13:25:52.532] [Success] ErrorLogViewer project found
[2025-10-01 13:25:52.564] [Info] Building GGs.Desktop (Release)...
[2025-10-01 13:25:58.808] [Success] GGs.Desktop built successfully
[2025-10-01 13:25:58.817] [Info] Building ErrorLogViewer (Release)...
[2025-10-01 13:26:08.637] [Error] ErrorLogViewer build failed with exit code 1
[2025-10-01 13:26:08.647] [Debug] Build output:   Determining projects to restore... C:\Users\307824\OneDrive - V├ñster├Ñs Stad\Skrivbordet\GGs\tools\GGs.ErrorLogViewer\GGs.ErrorLogViewer.csproj : warning NU1903: Package 'System.Text.Json' 8.0.0 has a known high severity vulnerability, https://github.com/advisories/GHSA-8g4q-xg66-9fp4 C:\Users\307824\OneDrive - V├ñster├Ñs Stad\Skrivbordet\GGs\tools\GGs.ErrorLogViewer\GGs.ErrorLogViewer.csproj : warning NU1903: Package 'System.Text.Json' 8.0.0 has a known high severity vulnerability, https://github.com/advisories/GHSA-hh2w-p6rv-4g7w   All projects are up-to-date for restore. C:\Users\307824\OneDrive - V├ñster├Ñs Stad\Skrivbordet\GGs\tools\GGs.ErrorLogViewer\GGs.ErrorLogViewer.csproj : warning NU1903: Package 'System.Text.Json' 8.0.0 has a known high severity vulnerability, https://github.com/advisories/GHSA-8g4q-xg66-9fp4 C:\Users\307824\OneDrive - V├ñster├Ñs Stad\Skrivbordet\GGs\tools\GGs.ErrorLogViewer\GGs.ErrorLogViewer.csproj : warning NU1903: Package 'System.Text.Json' 8.0.0 has a known high severity vulnerability, https://github.com/advisories/GHSA-hh2w-p6rv-4g7w C:\Users\307824\OneDrive - V├ñster├Ñs Stad\Skrivbordet\GGs\tools\GGs.ErrorLogViewer\GGs.ErrorLogViewer_pzhoiivc_wpftmp.csproj : warning NU1903: Package 'System.Text.Json' 8.0.0 has a known high severity vulnerability, https://github.com/advisories/GHSA-8g4q-xg66-9fp4 C:\Users\307824\OneDrive - V├ñster├Ñs Stad\Skrivbordet\GGs\tools\GGs.ErrorLogViewer\GGs.ErrorLogViewer_pzhoiivc_wpftmp.csproj : warning NU1903: Package 'System.Text.Json' 8.0.0 has a known high severity vulnerability, https://github.com/advisories/GHSA-hh2w-p6rv-4g7w C:\Users\307824\OneDrive - V├ñster├Ñs Stad\Skrivbordet\GGs\tools\GGs.ErrorLogViewer\ViewModels\MainViewModel.cs(98,37): error CS1001: Identifier expected [C:\Users\307824\OneDrive - V├ñster├Ñs Stad\Skrivbordet\GGs\tools\GGs.ErrorLogViewer\GGs.ErrorLogViewer_pzhoiivc_wpftmp.csproj] C:\Users\307824\OneDrive - V├ñster├Ñs Stad\Skrivbordet\GGs\tools\GGs.ErrorLogViewer\ViewModels\MainViewModel.cs(98,73): error CS1026: ) expected [C:\Users\307824\OneDrive - V├ñster├Ñs Stad\Skrivbordet\GGs\tools\GGs.ErrorLogViewer\GGs.ErrorLogViewer_pzhoiivc_wpftmp.csproj] C:\Users\307824\OneDrive - V├ñster├Ñs Stad\Skrivbordet\GGs\tools\GGs.ErrorLogViewer\ViewModels\MainViewModel.cs(99,33): error CS1519: Invalid token '=' in a member declaration [C:\Users\307824\OneDrive - V├ñster├Ñs Stad\Skrivbordet\GGs\tools\GGs.ErrorLogViewer\GGs.ErrorLogViewer_pzhoiivc_wpftmp.csproj] C:\Users\307824\OneDrive - V├ñster├Ñs Stad\Skrivbordet\GGs\tools\GGs.ErrorLogViewer\ViewModels\MainViewModel.cs(99,64): error CS1001: Identifier expected [C:\Users\307824\OneDrive - V├ñster├Ñs Stad\Skrivbordet\GGs\tools\GGs.ErrorLogViewer\GGs.ErrorLogViewer_pzhoiivc_wpftmp.csproj] C:\Users\307824\OneDrive - V├ñster├Ñs Stad\Skrivbordet\GGs\tools\GGs.ErrorLogViewer\ViewModels\MainViewModel.cs(101,28): error CS1519: Invalid token '=' in a member declaration [C:\Users\307824\OneDrive - V├ñster├Ñs Stad\Skrivbordet\GGs\tools\GGs.ErrorLogViewer\GGs.ErrorLogViewer_pzhoiivc_wpftmp.csproj] C:\Users\307824\OneDrive - V├ñster├Ñs Stad\Skrivbordet\GGs\tools\GGs.ErrorLogViewer\ViewModels\MainViewModel.cs(101,54): error CS1001: Identifier expected [C:\Users\307824\OneDrive - V├ñster├Ñs Stad\Skrivbordet\GGs\tools\GGs.ErrorLogViewer\GGs.ErrorLogViewer_pzhoiivc_wpftmp.csproj] C:\Users\307824\OneDrive - V├ñster├Ñs Stad\Skrivbordet\GGs\tools\GGs.ErrorLogViewer\ViewModels\MainViewModel.cs(101,57): error CS8124: Tuple must contain at least two elements. [C:\Users\307824\OneDrive - V├ñster├Ñs Stad\Skrivbordet\GGs\tools\GGs.ErrorLogViewer\GGs.ErrorLogViewer_pzhoiivc_wpftmp.csproj] C:\Users\307824\OneDrive - V├ñster├Ñs Stad\Skrivbordet\GGs\tools\GGs.ErrorLogViewer\ViewModels\MainViewModel.cs(101,59): error CS1001: Identifier expected [C:\Users\307824\OneDrive - V├ñster├Ñs Stad\Skrivbordet\GGs\tools\GGs.ErrorLogViewer\GGs.ErrorLogViewer_pzhoiivc_wpftmp.csproj] C:\Users\307824\OneDrive - V├ñster├Ñs Stad\Skrivbordet\GGs\tools\GGs.ErrorLogViewer\ViewModels\MainViewModel.cs(101,59): error CS1003: Syntax error, ',' expected [C:\Users\307824\OneDrive - V├ñster├Ñs Stad\Skrivbordet\GGs\tools\GGs.ErrorLogViewer\GGs.ErrorLogViewer_pzhoiivc_wpftmp.csproj] C:\Users\307824\OneDrive - V├ñster├Ñs Stad\Skrivbordet\GGs\tools\GGs.ErrorLogViewer\ViewModels\MainViewModel.cs(101,62): error CS1003: Syntax error, ',' expected [C:\Users\307824\OneDrive - V├ñster├Ñs Stad\Skrivbordet\GGs\tools\GGs.ErrorLogViewer\GGs.ErrorLogViewer_pzhoiivc_wpftmp.csproj] C:\Users\307824\OneDrive - V├ñster├Ñs Stad\Skrivbordet\GGs\tools\GGs.ErrorLogViewer\ViewModels\MainViewModel.cs(101,79): error CS1001: Identifier expected [C:\Users\307824\OneDrive - V├ñster├Ñs Stad\Skrivbordet\GGs\tools\GGs.ErrorLogViewer\GGs.ErrorLogViewer_pzhoiivc_wpftmp.csproj] C:\Users\307824\OneDrive - V├ñster├Ñs Stad\Skrivbordet\GGs\tools\GGs.ErrorLogViewer\ViewModels\MainViewModel.cs(101,79): error CS1003: Syntax error, ',' expected [C:\Users\307824\OneDrive - V├ñster├Ñs Stad\Skrivbordet\GGs\tools\GGs.ErrorLogViewer\GGs.ErrorLogViewer_pzhoiivc_wpftmp.csproj] C:\Users\307824\OneDrive - V├ñster├Ñs Stad\Skrivbordet\GGs\tools\GGs.ErrorLogViewer\ViewModels\MainViewModel.cs(102,32): error CS1519: Invalid token '=' in a member declaration [C:\Users\307824\OneDrive - V├ñster├Ñs Stad\Skrivbordet\GGs\tools\GGs.ErrorLogViewer\GGs.ErrorLogViewer_pzhoiivc_wpftmp.csproj] C:\Users\307824\OneDrive - V├ñster├Ñs Stad\Skrivbordet\GGs\tools\GGs.ErrorLogViewer\ViewModels\MainViewModel.cs(102,62): error CS1001: Identifier expected [C:\Users\307824\OneDrive - V├ñster├Ñs Stad\Skrivbordet\GGs\tools\GGs.ErrorLogViewer\GGs.ErrorLogViewer_pzhoiivc_wpftmp.csproj] C:\Users\307824\OneDrive - V├ñster├Ñs Stad\Skrivbordet\GGs\tools\GGs.ErrorLogViewer\ViewModels\MainViewModel.cs(102,65): error CS8124: Tuple must contain at least two elements. [C:\Users\307824\OneDrive - V├ñster├Ñs Stad\Skrivbordet\GGs\tools\GGs.ErrorLogViewer\GGs.ErrorLogViewer_pzhoiivc_wpftmp.csproj] C:\Users\307824\OneDrive - V├ñster├Ñs Stad\Skrivbordet\GGs\tools\GGs.ErrorLogViewer\ViewModels\MainViewModel.cs(102,67): error CS1001: Identifier expected [C:\Users\307824\OneDrive - V├ñster├Ñs Stad\Skrivbordet\GGs\tools\GGs.ErrorLogViewer\GGs.ErrorLogViewer_pzhoiivc_wpftmp.csproj] C:\Users\307824\OneDrive - V├ñster├Ñs Stad\Skrivbordet\GGs\tools\GGs.ErrorLogViewer\ViewModels\MainViewModel.cs(102,67): error CS1003: Syntax error, ',' expected [C:\Users\307824\OneDrive - V├ñster├Ñs Stad\Skrivbordet\GGs\tools\GGs.ErrorLogViewer\GGs.ErrorLogViewer_pzhoiivc_wpftmp.csproj] C:\Users\307824\OneDrive - V├ñster├Ñs Stad\Skrivbordet\GGs\tools\GGs.ErrorLogViewer\ViewModels\MainViewModel.cs(102,70): error CS1003: Syntax error, ',' expected [C:\Users\307824\OneDrive - V├ñster├Ñs Stad\Skrivbordet\GGs\tools\GGs.ErrorLogViewer\GGs.ErrorLogViewer_pzhoiivc_wpftmp.csproj] C:\Users\307824\OneDrive - V├ñster├Ñs Stad\Skrivbordet\GGs\tools\GGs.ErrorLogViewer\ViewModels\MainViewModel.cs(102,87): error CS1001: Identifier expected [C:\Users\307824\OneDrive - V├ñster├Ñs Stad\Skrivbordet\GGs\tools\GGs.ErrorLogViewer\GGs.ErrorLogViewer_pzhoiivc_wpftmp.csproj] C:\Users\307824\OneDrive - V├ñster├Ñs Stad\Skrivbordet\GGs\tools\GGs.ErrorLogViewer\ViewModels\MainViewModel.cs(102,87): error CS1003: Syntax error, ',' expected [C:\Users\307824\OneDrive - V├ñster├Ñs Stad\Skrivbordet\GGs\tools\GGs.ErrorLogViewer\GGs.ErrorLogViewer_pzhoiivc_wpftmp.csproj] C:\Users\307824\OneDrive - V├ñster├Ñs Stad\Skrivbordet\GGs\tools\GGs.ErrorLogViewer\ViewModels\MainViewModel.cs(103,32): error CS1519: Invalid token '=' in a member declaration [C:\Users\307824\OneDrive - V├ñster├Ñs Stad\Skrivbordet\GGs\tools\GGs.ErrorLogViewer\GGs.ErrorLogViewer_pzhoiivc_wpftmp.csproj] C:\Users\307824\OneDrive - V├ñster├Ñs Stad\Skrivbordet\GGs\tools\GGs.ErrorLogViewer\ViewModels\MainViewModel.cs(103,62): error CS1001: Identifier expected [C:\Users\307824\OneDrive - V├ñster├Ñs Stad\Skrivbordet\GGs\tools\GGs.ErrorLogViewer\GGs.ErrorLogViewer_pzhoiivc_wpftmp.csproj] C:\Users\307824\OneDrive - V├ñster├Ñs Stad\Skrivbordet\GGs\tools\GGs.ErrorLogViewer\ViewModels\MainViewModel.cs(103,65): error CS8124: Tuple must contain at least two elements. [C:\Users\307824\OneDrive - V├ñster├Ñs Stad\Skrivbordet\GGs\tools\GGs.ErrorLogViewer\GGs.ErrorLogViewer_pzhoiivc_wpftmp.csproj] C:\Users\307824\OneDrive - V├ñster├Ñs Stad\Skrivbordet\GGs\tools\GGs.ErrorLogViewer\ViewModels\MainViewModel.cs(103,67): error CS1001: Identifier expected [C:\Users\307824\OneDrive - V├ñster├Ñs Stad\Skrivbordet\GGs\tools\GGs.ErrorLogViewer\GGs.ErrorLogViewer_pzhoiivc_wpftmp.csproj] C:\Users\307824\OneDrive - V├ñster├Ñs Stad\Skrivbordet\GGs\tools\GGs.ErrorLogViewer\ViewModels\MainViewModel.cs(103,67): error CS1003: Syntax error, ',' expected [C:\Users\307824\OneDrive - V├ñster├Ñs Stad\Skrivbordet\GGs\tools\GGs.ErrorLogViewer\GGs.ErrorLogViewer_pzhoiivc_wpftmp.csproj] C:\Users\307824\OneDrive - V├ñster├Ñs Stad\Skrivbordet\GGs\tools\GGs.ErrorLogViewer\ViewModels\MainViewModel.cs(103,70): error CS1003: Syntax error, ',' expected [C:\Users\307824\OneDrive - V├ñster├Ñs Stad\Skrivbordet\GGs\tools\GGs.ErrorLogViewer\GGs.ErrorLogViewer_pzhoiivc_wpftmp.csproj] C:\Users\307824\OneDrive - V├ñster├Ñs Stad\Skrivbordet\GGs\tools\GGs.ErrorLogViewer\ViewModels\MainViewModel.cs(103,87): error CS1001: Identifier expected [C:\Users\307824\OneDrive - V├ñster├Ñs Stad\Skrivbordet\GGs\tools\GGs.ErrorLogViewer\GGs.ErrorLogViewer_pzhoiivc_wpftmp.csproj] C:\Users\307824\OneDrive - V├ñster├Ñs Stad\Skrivbordet\GGs\tools\GGs.ErrorLogViewer\ViewModels\MainViewModel.cs(103,87): error CS1003: Syntax error, ',' expected [C:\Users\307824\OneDrive - V├ñster├Ñs Stad\Skrivbordet\GGs\tools\GGs.ErrorLogViewer\GGs.ErrorLogViewer_pzhoiivc_wpftmp.csproj] C:\Users\307824\OneDrive - V├ñster├Ñs Stad\Skrivbordet\GGs\tools\GGs.ErrorLogViewer\ViewModels\MainViewModel.cs(104,38): error CS1519: Invalid token '=' in a member declaration [C:\Users\307824\OneDrive - V├ñster├Ñs Stad\Skrivbordet\GGs\tools\GGs.ErrorLogViewer\GGs.ErrorLogViewer_pzhoiivc_wpftmp.csproj] C:\Users\307824\OneDrive - V├ñster├Ñs Stad\Skrivbordet\GGs\tools\GGs.ErrorLogViewer\ViewModels\MainViewModel.cs(104,58): error CS8124: Tuple must contain at least two elements. [C:\Users\307824\OneDrive - V├ñster├Ñs Stad\Skrivbordet\GGs\tools\GGs.ErrorLogViewer\GGs.ErrorLogViewer_pzhoiivc_wpftmp.csproj] C:\Users\307824\OneDrive - V├ñster├Ñs Stad\Skrivbordet\GGs\tools\GGs.ErrorLogViewer\ViewModels\MainViewModel.cs(104,60): error CS1001: Identifier expected [C:\Users\307824\OneDrive - V├ñster├Ñs Stad\Skrivbordet\GGs\tools\GGs.ErrorLogViewer\GGs.ErrorLogViewer_pzhoiivc_wpftmp.csproj] C:\Users\307824\OneDrive - V├ñster├Ñs Stad\Skrivbordet\GGs\tools\GGs.ErrorLogViewer\ViewModels\MainViewModel.cs(104,60): error CS1003: Syntax error, ',' expected [C:\Users\307824\OneDrive - V├ñster├Ñs Stad\Skrivbordet\GGs\tools\GGs.ErrorLogViewer\GGs.ErrorLogViewer_pzhoiivc_wpftmp.csproj] C:\Users\307824\OneDrive - V├ñster├Ñs Stad\Skrivbordet\GGs\tools\GGs.ErrorLogViewer\ViewModels\MainViewModel.cs(104,63): error CS1003: Syntax error, ',' expected [C:\Users\307824\OneDrive - V├ñster├Ñs Stad\Skrivbordet\GGs\tools\GGs.ErrorLogViewer\GGs.ErrorLogViewer_pzhoiivc_wpftmp.csproj] C:\Users\307824\OneDrive - V├ñster├Ñs Stad\Skrivbordet\GGs\tools\GGs.ErrorLogViewer\ViewModels\MainViewModel.cs(104,84): error CS1001: Identifier expected [C:\Users\307824\OneDrive - V├ñster├Ñs Stad\Skrivbordet\GGs\tools\GGs.ErrorLogViewer\GGs.ErrorLogViewer_pzhoiivc_wpftmp.csproj] C:\Users\307824\OneDrive - V├ñster├Ñs Stad\Skrivbordet\GGs\tools\GGs.ErrorLogViewer\ViewModels\MainViewModel.cs(107,49): error CS1519: Invalid token '+=' in a member declaration [C:\Users\307824\OneDrive - V├ñster├Ñs Stad\Skrivbordet\GGs\tools\GGs.ErrorLogViewer\GGs.ErrorLogViewer_pzhoiivc_wpftmp.csproj] C:\Users\307824\OneDrive - V├ñster├Ñs Stad\Skrivbordet\GGs\tools\GGs.ErrorLogViewer\ViewModels\MainViewModel.cs(107,67): error CS1519: Invalid token ';' in a member declaration [C:\Users\307824\OneDrive - V├ñster├Ñs Stad\Skrivbordet\GGs\tools\GGs.ErrorLogViewer\GGs.ErrorLogViewer_pzhoiivc_wpftmp.csproj] C:\Users\307824\OneDrive - V├ñster├Ñs Stad\Skrivbordet\GGs\tools\GGs.ErrorLogViewer\ViewModels\MainViewModel.cs(108,51): error CS1519: Invalid token '+=' in a member declaration [C:\Users\307824\OneDrive - V├ñster├Ñs Stad\Skrivbordet\GGs\tools\GGs.ErrorLogViewer\GGs.ErrorLogViewer_pzhoiivc_wpftmp.csproj] C:\Users\307824\OneDrive - V├ñster├Ñs Stad\Skrivbordet\GGs\tools\GGs.ErrorLogViewer\ViewModels\MainViewModel.cs(108,71): error CS1519: Invalid token ';' in a member declaration [C:\Users\307824\OneDrive - V├ñster├Ñs Stad\Skrivbordet\GGs\tools\GGs.ErrorLogViewer\GGs.ErrorLogViewer_pzhoiivc_wpftmp.csproj] C:\Users\307824\OneDrive - V├ñster├Ñs Stad\Skrivbordet\GGs\tools\GGs.ErrorLogViewer\ViewModels\MainViewModel.cs(109,47): error CS1519: Invalid token '+=' in a member declaration [C:\Users\307824\OneDrive - V├ñster├Ñs Stad\Skrivbordet\GGs\tools\GGs.ErrorLogViewer\GGs.ErrorLogViewer_pzhoiivc_wpftmp.csproj] C:\Users\307824\OneDrive - V├ñster├Ñs Stad\Skrivbordet\GGs\tools\GGs.ErrorLogViewer\ViewModels\MainViewModel.cs(109,63): error CS1519: Invalid token ';' in a member declaration [C:\Users\307824\OneDrive - V├ñster├Ñs Stad\Skrivbordet\GGs\tools\GGs.ErrorLogViewer\GGs.ErrorLogViewer_pzhoiivc_wpftmp.csproj] C:\Users\307824\OneDrive - V├ñster├Ñs Stad\Skrivbordet\GGs\tools\GGs.ErrorLogViewer\ViewModels\MainViewModel.cs(111,33): error CS1519: Invalid token '(' in a member declaration [C:\Users\307824\OneDrive - V├ñster├Ñs Stad\Skrivbordet\GGs\tools\GGs.ErrorLogViewer\GGs.ErrorLogViewer_pzhoiivc_wpftmp.csproj] C:\Users\307824\OneDrive - V├ñster├Ñs Stad\Skrivbordet\GGs\tools\GGs.ErrorLogViewer\ViewModels\MainViewModel.cs(111,38): error CS1031: Type expected [C:\Users\307824\OneDrive - V├ñster├Ñs Stad\Skrivbordet\GGs\tools\GGs.ErrorLogViewer\GGs.ErrorLogViewer_pzhoiivc_wpftmp.csproj] C:\Users\307824\OneDrive - V├ñster├Ñs Stad\Skrivbordet\GGs\tools\GGs.ErrorLogViewer\ViewModels\MainViewModel.cs(111,38): error CS1026: ) expected [C:\Users\307824\OneDrive - V├ñster├Ñs Stad\Skrivbordet\GGs\tools\GGs.ErrorLogViewer\GGs.ErrorLogViewer_pzhoiivc_wpftmp.csproj] C:\Users\307824\OneDrive - V├ñster├Ñs Stad\Skrivbordet\GGs\tools\GGs.ErrorLogViewer\ViewModels\MainViewModel.cs(111,38): error CS1519: Invalid token '"Failed to clear logs"' in a member declaration [C:\Users\307824\OneDrive - V├ñster├Ñs Stad\Skrivbordet\GGs\tools\GGs.ErrorLogViewer\GGs.ErrorLogViewer_pzhoiivc_wpftmp.csproj] C:\Users\307824\OneDrive - V├ñster├Ñs Stad\Skrivbordet\GGs\tools\GGs.ErrorLogViewer\ViewModels\MainViewModel.cs(115,9): error CS8803: Top-level statements must precede namespace and type declarations. [C:\Users\307824\OneDrive - V├ñster├Ñs Stad\Skrivbordet\GGs\tools\GGs.ErrorLogViewer\GGs.ErrorLogViewer_pzhoiivc_wpftmp.csproj] C:\Users\307824\OneDrive - V├ñster├Ñs Stad\Skrivbordet\GGs\tools\GGs.ErrorLogViewer\ViewModels\MainViewModel.cs(115,9): error CS0106: The modifier 'private' is not valid for this item [C:\Users\307824\OneDrive - V├ñster├Ñs Stad\Skrivbordet\GGs\tools\GGs.ErrorLogViewer\GGs.ErrorLogViewer_pzhoiivc_wpftmp.csproj] C:\Users\307824\OneDrive - V├ñster├Ñs Stad\Skrivbordet\GGs\tools\GGs.ErrorLogViewer\ViewModels\MainViewModel.cs(214,9): error CS0106: The modifier 'private' is not valid for this item [C:\Users\307824\OneDrive - V├ñster├Ñs Stad\Skrivbordet\GGs\tools\GGs.ErrorLogViewer\GGs.ErrorLogViewer_pzhoiivc_wpftmp.csproj] C:\Users\307824\OneDrive - V├ñster├Ñs Stad\Skrivbordet\GGs\tools\GGs.ErrorLogViewer\ViewModels\MainViewModel.cs(227,9): error CS0106: The modifier 'private' is not valid for this item [C:\Users\307824\OneDrive - V├ñster├Ñs Stad\Skrivbordet\GGs\tools\GGs.ErrorLogViewer\GGs.ErrorLogViewer_pzhoiivc_wpftmp.csproj] C:\Users\307824\OneDrive - V├ñster├Ñs Stad\Skrivbordet\GGs\tools\GGs.ErrorLogViewer\ViewModels\MainViewModel.cs(234,9): error CS0106: The modifier 'private' is not valid for this item [C:\Users\307824\OneDrive - V├ñster├Ñs Stad\Skrivbordet\GGs\tools\GGs.ErrorLogViewer\GGs.ErrorLogViewer_pzhoiivc_wpftmp.csproj] C:\Users\307824\OneDrive - V├ñster├Ñs Stad\Skrivbordet\GGs\tools\GGs.ErrorLogViewer\ViewModels\MainViewModel.cs(258,9): error CS0106: The modifier 'private' is not valid for this item [C:\Users\307824\OneDrive - V├ñster├Ñs Stad\Skrivbordet\GGs\tools\GGs.ErrorLogViewer\GGs.ErrorLogViewer_pzhoiivc_wpftmp.csproj] C:\Users\307824\OneDrive - V├ñster├Ñs Stad\Skrivbordet\GGs\tools\GGs.ErrorLogViewer\ViewModels\MainViewModel.cs(276,9): error CS0106: The modifier 'private' is not valid for this item [C:\Users\307824\OneDrive - V├ñster├Ñs Stad\Skrivbordet\GGs\tools\GGs.ErrorLogViewer\GGs.ErrorLogViewer_pzhoiivc_wpftmp.csproj] C:\Users\307824\OneDrive - V├ñster├Ñs Stad\Skrivbordet\GGs\tools\GGs.ErrorLogViewer\ViewModels\MainViewModel.cs(290,9): error CS0106: The modifier 'private' is not valid for this item [C:\Users\307824\OneDrive - V├ñster├Ñs Stad\Skrivbordet\GGs\tools\GGs.ErrorLogViewer\GGs.ErrorLogViewer_pzhoiivc_wpftmp.csproj] C:\Users\307824\OneDrive - V├ñster├Ñs Stad\Skrivbordet\GGs\tools\GGs.ErrorLogViewer\ViewModels\MainViewModel.cs(304,9): error CS0106: The modifier 'private' is not valid for this item [C:\Users\307824\OneDrive - V├ñster├Ñs Stad\Skrivbordet\GGs\tools\GGs.ErrorLogViewer\GGs.ErrorLogViewer_pzhoiivc_wpftmp.csproj] C:\Users\307824\OneDrive - V├ñster├Ñs Stad\Skrivbordet\GGs\tools\GGs.ErrorLogViewer\ViewModels\MainViewModel.cs(325,9): error CS0106: The modifier 'private' is not valid for this item [C:\Users\307824\OneDrive - V├ñster├Ñs Stad\Skrivbordet\GGs\tools\GGs.ErrorLogViewer\GGs.ErrorLogViewer_pzhoiivc_wpftmp.csproj] C:\Users\307824\OneDrive - V├ñster├Ñs Stad\Skrivbordet\GGs\tools\GGs.ErrorLogViewer\ViewModels\MainViewModel.cs(349,9): error CS0106: The modifier 'private' is not valid for this item [C:\Users\307824\OneDrive - V├ñster├Ñs Stad\Skrivbordet\GGs\tools\GGs.ErrorLogViewer\GGs.ErrorLogViewer_pzhoiivc_wpftmp.csproj] C:\Users\307824\OneDrive - V├ñster├Ñs Stad\Skrivbordet\GGs\tools\GGs.ErrorLogViewer\ViewModels\MainViewModel.cs(375,9): error CS0106: The modifier 'private' is not valid for this item [C:\Users\307824\OneDrive - V├ñster├Ñs Stad\Skrivbordet\GGs\tools\GGs.ErrorLogViewer\GGs.ErrorLogViewer_pzhoiivc_wpftmp.csproj] C:\Users\307824\OneDrive - V├ñster├Ñs Stad\Skrivbordet\GGs\tools\GGs.ErrorLogViewer\ViewModels\MainViewModel.cs(405,9): error CS0106: The modifier 'private' is not valid for this item [C:\Users\307824\OneDrive - V├ñster├Ñs Stad\Skrivbordet\GGs\tools\GGs.ErrorLogViewer\GGs.ErrorLogViewer_pzhoiivc_wpftmp.csproj] C:\Users\307824\OneDrive - V├ñster├Ñs Stad\Skrivbordet\GGs\tools\GGs.ErrorLogViewer\ViewModels\MainViewModel.cs(443,9): error CS0106: The modifier 'private' is not valid for this item [C:\Users\307824\OneDrive - V├ñster├Ñs Stad\Skrivbordet\GGs\tools\GGs.ErrorLogViewer\GGs.ErrorLogViewer_pzhoiivc_wpftmp.csproj] C:\Users\307824\OneDrive - V├ñster├Ñs Stad\Skrivbordet\GGs\tools\GGs.ErrorLogViewer\ViewModels\MainViewModel.cs(452,9): error CS0106: The modifier 'private' is not valid for this item [C:\Users\307824\OneDrive - V├ñster├Ñs Stad\Skrivbordet\GGs\tools\GGs.ErrorLogViewer\GGs.ErrorLogViewer_pzhoiivc_wpftmp.csproj] C:\Users\307824\OneDrive - V├ñster├Ñs Stad\Skrivbordet\GGs\tools\GGs.ErrorLogViewer\ViewModels\MainViewModel.cs(469,9): error CS0106: The modifier 'private' is not valid for this item [C:\Users\307824\OneDrive - V├ñster├Ñs Stad\Skrivbordet\GGs\tools\GGs.ErrorLogViewer\GGs.ErrorLogViewer_pzhoiivc_wpftmp.csproj] C:\Users\307824\OneDrive - V├ñster├Ñs Stad\Skrivbordet\GGs\tools\GGs.ErrorLogViewer\ViewModels\MainViewModel.cs(530,9): error CS0106: The modifier 'private' is not valid for this item [C:\Users\307824\OneDrive - V├ñster├Ñs Stad\Skrivbordet\GGs\tools\GGs.ErrorLogViewer\GGs.ErrorLogViewer_pzhoiivc_wpftmp.csproj] C:\Users\307824\OneDrive - V├ñster├Ñs Stad\Skrivbordet\GGs\tools\GGs.ErrorLogViewer\ViewModels\MainViewModel.cs(536,9): error CS0106: The modifier 'private' is not valid for this item [C:\Users\307824\OneDrive - V├ñster├Ñs Stad\Skrivbordet\GGs\tools\GGs.ErrorLogViewer\GGs.ErrorLogViewer_pzhoiivc_wpftmp.csproj] C:\Users\307824\OneDrive - V├ñster├Ñs Stad\Skrivbordet\GGs\tools\GGs.ErrorLogViewer\ViewModels\MainViewModel.cs(552,5): error CS1022: Type or namespace definition, or end-of-file expected [C:\Users\307824\OneDrive - V├ñster├Ñs Stad\Skrivbordet\GGs\tools\GGs.ErrorLogViewer\GGs.ErrorLogViewer_pzhoiivc_wpftmp.csproj] C:\Users\307824\OneDrive - V├ñster├Ñs Stad\Skrivbordet\GGs\tools\GGs.ErrorLogViewer\ViewModels\MainViewModel.cs(553,1): error CS1022: Type or namespace definition, or end-of-file expected [C:\Users\307824\OneDrive - V├ñster├Ñs Stad\Skrivbordet\GGs\tools\GGs.ErrorLogViewer\GGs.ErrorLogViewer_pzhoiivc_wpftmp.csproj]  Build FAILED.  C:\Users\307824\OneDrive - V├ñster├Ñs Stad\Skrivbordet\GGs\tools\GGs.ErrorLogViewer\GGs.ErrorLogViewer.csproj : warning NU1903: Package 'System.Text.Json' 8.0.0 has a known high severity vulnerability, https://github.com/advisories/GHSA-8g4q-xg66-9fp4 C:\Users\307824\OneDrive - V├ñster├Ñs Stad\Skrivbordet\GGs\tools\GGs.ErrorLogViewer\GGs.ErrorLogViewer.csproj : warning NU1903: Package 'System.Text.Json' 8.0.0 has a known high severity vulnerability, https://github.com/advisories/GHSA-hh2w-p6rv-4g7w C:\Users\307824\OneDrive - V├ñster├Ñs Stad\Skrivbordet\GGs\tools\GGs.ErrorLogViewer\GGs.ErrorLogViewer.csproj : warning NU1903: Package 'System.Text.Json' 8.0.0 has a known high severity vulnerability, https://github.com/advisories/GHSA-8g4q-xg66-9fp4 C:\Users\307824\OneDrive - V├ñster├Ñs Stad\Skrivbordet\GGs\tools\GGs.ErrorLogViewer\GGs.ErrorLogViewer.csproj : warning NU1903: Package 'System.Text.Json' 8.0.0 has a known high severity vulnerability, https://github.com/advisories/GHSA-hh2w-p6rv-4g7w C:\Users\307824\OneDrive - V├ñster├Ñs Stad\Skrivbordet\GGs\tools\GGs.ErrorLogViewer\GGs.ErrorLogViewer_pzhoiivc_wpftmp.csproj : warning NU1903: Package 'System.Text.Json' 8.0.0 has a known high severity vulnerability, https://github.com/advisories/GHSA-8g4q-xg66-9fp4 C:\Users\307824\OneDrive - V├ñster├Ñs Stad\Skrivbordet\GGs\tools\GGs.ErrorLogViewer\GGs.ErrorLogViewer_pzhoiivc_wpftmp.csproj : warning NU1903: Package 'System.Text.Json' 8.0.0 has a known high severity vulnerability, https://github.com/advisories/GHSA-hh2w-p6rv-4g7w C:\Users\307824\OneDrive - V├ñster├Ñs Stad\Skrivbordet\GGs\tools\GGs.ErrorLogViewer\ViewModels\MainViewModel.cs(98,37): error CS1001: Identifier expected [C:\Users\307824\OneDrive - V├ñster├Ñs Stad\Skrivbordet\GGs\tools\GGs.ErrorLogViewer\GGs.ErrorLogViewer_pzhoiivc_wpftmp.csproj] C:\Users\307824\OneDrive - V├ñster├Ñs Stad\Skrivbordet\GGs\tools\GGs.ErrorLogViewer\ViewModels\MainViewModel.cs(98,73): error CS1026: ) expected [C:\Users\307824\OneDrive - V├ñster├Ñs Stad\Skrivbordet\GGs\tools\GGs.ErrorLogViewer\GGs.ErrorLogViewer_pzhoiivc_wpftmp.csproj] C:\Users\307824\OneDrive - V├ñster├Ñs Stad\Skrivbordet\GGs\tools\GGs.ErrorLogViewer\ViewModels\MainViewModel.cs(99,33): error CS1519: Invalid token '=' in a member declaration [C:\Users\307824\OneDrive - V├ñster├Ñs Stad\Skrivbordet\GGs\tools\GGs.ErrorLogViewer\GGs.ErrorLogViewer_pzhoiivc_wpftmp.csproj] C:\Users\307824\OneDrive - V├ñster├Ñs Stad\Skrivbordet\GGs\tools\GGs.ErrorLogViewer\ViewModels\MainViewModel.cs(99,64): error CS1001: Identifier expected [C:\Users\307824\OneDrive - V├ñster├Ñs Stad\Skrivbordet\GGs\tools\GGs.ErrorLogViewer\GGs.ErrorLogViewer_pzhoiivc_wpftmp.csproj] C:\Users\307824\OneDrive - V├ñster├Ñs Stad\Skrivbordet\GGs\tools\GGs.ErrorLogViewer\ViewModels\MainViewModel.cs(101,28): error CS1519: Invalid token '=' in a member declaration [C:\Users\307824\OneDrive - V├ñster├Ñs Stad\Skrivbordet\GGs\tools\GGs.ErrorLogViewer\GGs.ErrorLogViewer_pzhoiivc_wpftmp.csproj] C:\Users\307824\OneDrive - V├ñster├Ñs Stad\Skrivbordet\GGs\tools\GGs.ErrorLogViewer\ViewModels\MainViewModel.cs(101,54): error CS1001: Identifier expected [C:\Users\307824\OneDrive - V├ñster├Ñs Stad\Skrivbordet\GGs\tools\GGs.ErrorLogViewer\GGs.ErrorLogViewer_pzhoiivc_wpftmp.csproj] C:\Users\307824\OneDrive - V├ñster├Ñs Stad\Skrivbordet\GGs\tools\GGs.ErrorLogViewer\ViewModels\MainViewModel.cs(101,57): error CS8124: Tuple must contain at least two elements. [C:\Users\307824\OneDrive - V├ñster├Ñs Stad\Skrivbordet\GGs\tools\GGs.ErrorLogViewer\GGs.ErrorLogViewer_pzhoiivc_wpftmp.csproj] C:\Users\307824\OneDrive - V├ñster├Ñs Stad\Skrivbordet\GGs\tools\GGs.ErrorLogViewer\ViewModels\MainViewModel.cs(101,59): error CS1001: Identifier expected [C:\Users\307824\OneDrive - V├ñster├Ñs Stad\Skrivbordet\GGs\tools\GGs.ErrorLogViewer\GGs.ErrorLogViewer_pzhoiivc_wpftmp.csproj] C:\Users\307824\OneDrive - V├ñster├Ñs Stad\Skrivbordet\GGs\tools\GGs.ErrorLogViewer\ViewModels\MainViewModel.cs(101,59): error CS1003: Syntax error, ',' expected [C:\Users\307824\OneDrive - V├ñster├Ñs Stad\Skrivbordet\GGs\tools\GGs.ErrorLogViewer\GGs.ErrorLogViewer_pzhoiivc_wpftmp.csproj] C:\Users\307824\OneDrive - V├ñster├Ñs Stad\Skrivbordet\GGs\tools\GGs.ErrorLogViewer\ViewModels\MainViewModel.cs(101,62): error CS1003: Syntax error, ',' expected [C:\Users\307824\OneDrive - V├ñster├Ñs Stad\Skrivbordet\GGs\tools\GGs.ErrorLogViewer\GGs.ErrorLogViewer_pzhoiivc_wpftmp.csproj] C:\Users\307824\OneDrive - V├ñster├Ñs Stad\Skrivbordet\GGs\tools\GGs.ErrorLogViewer\ViewModels\MainViewModel.cs(101,79): error CS1001: Identifier expected [C:\Users\307824\OneDrive - V├ñster├Ñs Stad\Skrivbordet\GGs\tools\GGs.ErrorLogViewer\GGs.ErrorLogViewer_pzhoiivc_wpftmp.csproj] C:\Users\307824\OneDrive - V├ñster├Ñs Stad\Skrivbordet\GGs\tools\GGs.ErrorLogViewer\ViewModels\MainViewModel.cs(101,79): error CS1003: Syntax error, ',' expected [C:\Users\307824\OneDrive - V├ñster├Ñs Stad\Skrivbordet\GGs\tools\GGs.ErrorLogViewer\GGs.ErrorLogViewer_pzhoiivc_wpftmp.csproj] C:\Users\307824\OneDrive - V├ñster├Ñs Stad\Skrivbordet\GGs\tools\GGs.ErrorLogViewer\ViewModels\MainViewModel.cs(102,32): error CS1519: Invalid token '=' in a member declaration [C:\Users\307824\OneDrive - V├ñster├Ñs Stad\Skrivbordet\GGs\tools\GGs.ErrorLogViewer\GGs.ErrorLogViewer_pzhoiivc_wpftmp.csproj] C:\Users\307824\OneDrive - V├ñster├Ñs Stad\Skrivbordet\GGs\tools\GGs.ErrorLogViewer\ViewModels\MainViewModel.cs(102,62): error CS1001: Identifier expected [C:\Users\307824\OneDrive - V├ñster├Ñs Stad\Skrivbordet\GGs\tools\GGs.ErrorLogViewer\GGs.ErrorLogViewer_pzhoiivc_wpftmp.csproj] C:\Users\307824\OneDrive - V├ñster├Ñs Stad\Skrivbordet\GGs\tools\GGs.ErrorLogViewer\ViewModels\MainViewModel.cs(102,65): error CS8124: Tuple must contain at least two elements. [C:\Users\307824\OneDrive - V├ñster├Ñs Stad\Skrivbordet\GGs\tools\GGs.ErrorLogViewer\GGs.ErrorLogViewer_pzhoiivc_wpftmp.csproj] C:\Users\307824\OneDrive - V├ñster├Ñs Stad\Skrivbordet\GGs\tools\GGs.ErrorLogViewer\ViewModels\MainViewModel.cs(102,67): error CS1001: Identifier expected [C:\Users\307824\OneDrive - V├ñster├Ñs Stad\Skrivbordet\GGs\tools\GGs.ErrorLogViewer\GGs.ErrorLogViewer_pzhoiivc_wpftmp.csproj] C:\Users\307824\OneDrive - V├ñster├Ñs Stad\Skrivbordet\GGs\tools\GGs.ErrorLogViewer\ViewModels\MainViewModel.cs(102,67): error CS1003: Syntax error, ',' expected [C:\Users\307824\OneDrive - V├ñster├Ñs Stad\Skrivbordet\GGs\tools\GGs.ErrorLogViewer\GGs.ErrorLogViewer_pzhoiivc_wpftmp.csproj] C:\Users\307824\OneDrive - V├ñster├Ñs Stad\Skrivbordet\GGs\tools\GGs.ErrorLogViewer\ViewModels\MainViewModel.cs(102,70): error CS1003: Syntax error, ',' expected [C:\Users\307824\OneDrive - V├ñster├Ñs Stad\Skrivbordet\GGs\tools\GGs.ErrorLogViewer\GGs.ErrorLogViewer_pzhoiivc_wpftmp.csproj] C:\Users\307824\OneDrive - V├ñster├Ñs Stad\Skrivbordet\GGs\tools\GGs.ErrorLogViewer\ViewModels\MainViewModel.cs(102,87): error CS1001: Identifier expected [C:\Users\307824\OneDrive - V├ñster├Ñs Stad\Skrivbordet\GGs\tools\GGs.ErrorLogViewer\GGs.ErrorLogViewer_pzhoiivc_wpftmp.csproj] C:\Users\307824\OneDrive - V├ñster├Ñs Stad\Skrivbordet\GGs\tools\GGs.ErrorLogViewer\ViewModels\MainViewModel.cs(102,87): error CS1003: Syntax error, ',' expected [C:\Users\307824\OneDrive - V├ñster├Ñs Stad\Skrivbordet\GGs\tools\GGs.ErrorLogViewer\GGs.ErrorLogViewer_pzhoiivc_wpftmp.csproj] C:\Users\307824\OneDrive - V├ñster├Ñs Stad\Skrivbordet\GGs\tools\GGs.ErrorLogViewer\ViewModels\MainViewModel.cs(103,32): error CS1519: Invalid token '=' in a member declaration [C:\Users\307824\OneDrive - V├ñster├Ñs Stad\Skrivbordet\GGs\tools\GGs.ErrorLogViewer\GGs.ErrorLogViewer_pzhoiivc_wpftmp.csproj] C:\Users\307824\OneDrive - V├ñster├Ñs Stad\Skrivbordet\GGs\tools\GGs.ErrorLogViewer\ViewModels\MainViewModel.cs(103,62): error CS1001: Identifier expected [C:\Users\307824\OneDrive - V├ñster├Ñs Stad\Skrivbordet\GGs\tools\GGs.ErrorLogViewer\GGs.ErrorLogViewer_pzhoiivc_wpftmp.csproj] C:\Users\307824\OneDrive - V├ñster├Ñs Stad\Skrivbordet\GGs\tools\GGs.ErrorLogViewer\ViewModels\MainViewModel.cs(103,65): error CS8124: Tuple must contain at least two elements. [C:\Users\307824\OneDrive - V├ñster├Ñs Stad\Skrivbordet\GGs\tools\GGs.ErrorLogViewer\GGs.ErrorLogViewer_pzhoiivc_wpftmp.csproj] C:\Users\307824\OneDrive - V├ñster├Ñs Stad\Skrivbordet\GGs\tools\GGs.ErrorLogViewer\ViewModels\MainViewModel.cs(103,67): error CS1001: Identifier expected [C:\Users\307824\OneDrive - V├ñster├Ñs Stad\Skrivbordet\GGs\tools\GGs.ErrorLogViewer\GGs.ErrorLogViewer_pzhoiivc_wpftmp.csproj] C:\Users\307824\OneDrive - V├ñster├Ñs Stad\Skrivbordet\GGs\tools\GGs.ErrorLogViewer\ViewModels\MainViewModel.cs(103,67): error CS1003: Syntax error, ',' expected [C:\Users\307824\OneDrive - V├ñster├Ñs Stad\Skrivbordet\GGs\tools\GGs.ErrorLogViewer\GGs.ErrorLogViewer_pzhoiivc_wpftmp.csproj] C:\Users\307824\OneDrive - V├ñster├Ñs Stad\Skrivbordet\GGs\tools\GGs.ErrorLogViewer\ViewModels\MainViewModel.cs(103,70): error CS1003: Syntax error, ',' expected [C:\Users\307824\OneDrive - V├ñster├Ñs Stad\Skrivbordet\GGs\tools\GGs.ErrorLogViewer\GGs.ErrorLogViewer_pzhoiivc_wpftmp.csproj] C:\Users\307824\OneDrive - V├ñster├Ñs Stad\Skrivbordet\GGs\tools\GGs.ErrorLogViewer\ViewModels\MainViewModel.cs(103,87): error CS1001: Identifier expected [C:\Users\307824\OneDrive - V├ñster├Ñs Stad\Skrivbordet\GGs\tools\GGs.ErrorLogViewer\GGs.ErrorLogViewer_pzhoiivc_wpftmp.csproj] C:\Users\307824\OneDrive - V├ñster├Ñs Stad\Skrivbordet\GGs\tools\GGs.ErrorLogViewer\ViewModels\MainViewModel.cs(103,87): error CS1003: Syntax error, ',' expected [C:\Users\307824\OneDrive - V├ñster├Ñs Stad\Skrivbordet\GGs\tools\GGs.ErrorLogViewer\GGs.ErrorLogViewer_pzhoiivc_wpftmp.csproj] C:\Users\307824\OneDrive - V├ñster├Ñs Stad\Skrivbordet\GGs\tools\GGs.ErrorLogViewer\ViewModels\MainViewModel.cs(104,38): error CS1519: Invalid token '=' in a member declaration [C:\Users\307824\OneDrive - V├ñster├Ñs Stad\Skrivbordet\GGs\tools\GGs.ErrorLogViewer\GGs.ErrorLogViewer_pzhoiivc_wpftmp.csproj] C:\Users\307824\OneDrive - V├ñster├Ñs Stad\Skrivbordet\GGs\tools\GGs.ErrorLogViewer\ViewModels\MainViewModel.cs(104,58): error CS8124: Tuple must contain at least two elements. [C:\Users\307824\OneDrive - V├ñster├Ñs Stad\Skrivbordet\GGs\tools\GGs.ErrorLogViewer\GGs.ErrorLogViewer_pzhoiivc_wpftmp.csproj] C:\Users\307824\OneDrive - V├ñster├Ñs Stad\Skrivbordet\GGs\tools\GGs.ErrorLogViewer\ViewModels\MainViewModel.cs(104,60): error CS1001: Identifier expected [C:\Users\307824\OneDrive - V├ñster├Ñs Stad\Skrivbordet\GGs\tools\GGs.ErrorLogViewer\GGs.ErrorLogViewer_pzhoiivc_wpftmp.csproj] C:\Users\307824\OneDrive - V├ñster├Ñs Stad\Skrivbordet\GGs\tools\GGs.ErrorLogViewer\ViewModels\MainViewModel.cs(104,60): error CS1003: Syntax error, ',' expected [C:\Users\307824\OneDrive - V├ñster├Ñs Stad\Skrivbordet\GGs\tools\GGs.ErrorLogViewer\GGs.ErrorLogViewer_pzhoiivc_wpftmp.csproj] C:\Users\307824\OneDrive - V├ñster├Ñs Stad\Skrivbordet\GGs\tools\GGs.ErrorLogViewer\ViewModels\MainViewModel.cs(104,63): error CS1003: Syntax error, ',' expected [C:\Users\307824\OneDrive - V├ñster├Ñs Stad\Skrivbordet\GGs\tools\GGs.ErrorLogViewer\GGs.ErrorLogViewer_pzhoiivc_wpftmp.csproj] C:\Users\307824\OneDrive - V├ñster├Ñs Stad\Skrivbordet\GGs\tools\GGs.ErrorLogViewer\ViewModels\MainViewModel.cs(104,84): error CS1001: Identifier expected [C:\Users\307824\OneDrive - V├ñster├Ñs Stad\Skrivbordet\GGs\tools\GGs.ErrorLogViewer\GGs.ErrorLogViewer_pzhoiivc_wpftmp.csproj] C:\Users\307824\OneDrive - V├ñster├Ñs Stad\Skrivbordet\GGs\tools\GGs.ErrorLogViewer\ViewModels\MainViewModel.cs(107,49): error CS1519: Invalid token '+=' in a member declaration [C:\Users\307824\OneDrive - V├ñster├Ñs Stad\Skrivbordet\GGs\tools\GGs.ErrorLogViewer\GGs.ErrorLogViewer_pzhoiivc_wpftmp.csproj] C:\Users\307824\OneDrive - V├ñster├Ñs Stad\Skrivbordet\GGs\tools\GGs.ErrorLogViewer\ViewModels\MainViewModel.cs(107,67): error CS1519: Invalid token ';' in a member declaration [C:\Users\307824\OneDrive - V├ñster├Ñs Stad\Skrivbordet\GGs\tools\GGs.ErrorLogViewer\GGs.ErrorLogViewer_pzhoiivc_wpftmp.csproj] C:\Users\307824\OneDrive - V├ñster├Ñs Stad\Skrivbordet\GGs\tools\GGs.ErrorLogViewer\ViewModels\MainViewModel.cs(108,51): error CS1519: Invalid token '+=' in a member declaration [C:\Users\307824\OneDrive - V├ñster├Ñs Stad\Skrivbordet\GGs\tools\GGs.ErrorLogViewer\GGs.ErrorLogViewer_pzhoiivc_wpftmp.csproj] C:\Users\307824\OneDrive - V├ñster├Ñs Stad\Skrivbordet\GGs\tools\GGs.ErrorLogViewer\ViewModels\MainViewModel.cs(108,71): error CS1519: Invalid token ';' in a member declaration [C:\Users\307824\OneDrive - V├ñster├Ñs Stad\Skrivbordet\GGs\tools\GGs.ErrorLogViewer\GGs.ErrorLogViewer_pzhoiivc_wpftmp.csproj] C:\Users\307824\OneDrive - V├ñster├Ñs Stad\Skrivbordet\GGs\tools\GGs.ErrorLogViewer\ViewModels\MainViewModel.cs(109,47): error CS1519: Invalid token '+=' in a member declaration [C:\Users\307824\OneDrive - V├ñster├Ñs Stad\Skrivbordet\GGs\tools\GGs.ErrorLogViewer\GGs.ErrorLogViewer_pzhoiivc_wpftmp.csproj] C:\Users\307824\OneDrive - V├ñster├Ñs Stad\Skrivbordet\GGs\tools\GGs.ErrorLogViewer\ViewModels\MainViewModel.cs(109,63): error CS1519: Invalid token ';' in a member declaration [C:\Users\307824\OneDrive - V├ñster├Ñs Stad\Skrivbordet\GGs\tools\GGs.ErrorLogViewer\GGs.ErrorLogViewer_pzhoiivc_wpftmp.csproj] C:\Users\307824\OneDrive - V├ñster├Ñs Stad\Skrivbordet\GGs\tools\GGs.ErrorLogViewer\ViewModels\MainViewModel.cs(111,33): error CS1519: Invalid token '(' in a member declaration [C:\Users\307824\OneDrive - V├ñster├Ñs Stad\Skrivbordet\GGs\tools\GGs.ErrorLogViewer\GGs.ErrorLogViewer_pzhoiivc_wpftmp.csproj] C:\Users\307824\OneDrive - V├ñster├Ñs Stad\Skrivbordet\GGs\tools\GGs.ErrorLogViewer\ViewModels\MainViewModel.cs(111,38): error CS1031: Type expected [C:\Users\307824\OneDrive - V├ñster├Ñs Stad\Skrivbordet\GGs\tools\GGs.ErrorLogViewer\GGs.ErrorLogViewer_pzhoiivc_wpftmp.csproj] C:\Users\307824\OneDrive - V├ñster├Ñs Stad\Skrivbordet\GGs\tools\GGs.ErrorLogViewer\ViewModels\MainViewModel.cs(111,38): error CS1026: ) expected [C:\Users\307824\OneDrive - V├ñster├Ñs Stad\Skrivbordet\GGs\tools\GGs.ErrorLogViewer\GGs.ErrorLogViewer_pzhoiivc_wpftmp.csproj] C:\Users\307824\OneDrive - V├ñster├Ñs Stad\Skrivbordet\GGs\tools\GGs.ErrorLogViewer\ViewModels\MainViewModel.cs(111,38): error CS1519: Invalid token '"Failed to clear logs"' in a member declaration [C:\Users\307824\OneDrive - V├ñster├Ñs Stad\Skrivbordet\GGs\tools\GGs.ErrorLogViewer\GGs.ErrorLogViewer_pzhoiivc_wpftmp.csproj] C:\Users\307824\OneDrive - V├ñster├Ñs Stad\Skrivbordet\GGs\tools\GGs.ErrorLogViewer\ViewModels\MainViewModel.cs(115,9): error CS8803: Top-level statements must precede namespace and type declarations. [C:\Users\307824\OneDrive - V├ñster├Ñs Stad\Skrivbordet\GGs\tools\GGs.ErrorLogViewer\GGs.ErrorLogViewer_pzhoiivc_wpftmp.csproj] C:\Users\307824\OneDrive - V├ñster├Ñs Stad\Skrivbordet\GGs\tools\GGs.ErrorLogViewer\ViewModels\MainViewModel.cs(115,9): error CS0106: The modifier 'private' is not valid for this item [C:\Users\307824\OneDrive - V├ñster├Ñs Stad\Skrivbordet\GGs\tools\GGs.ErrorLogViewer\GGs.ErrorLogViewer_pzhoiivc_wpftmp.csproj] C:\Users\307824\OneDrive - V├ñster├Ñs Stad\Skrivbordet\GGs\tools\GGs.ErrorLogViewer\ViewModels\MainViewModel.cs(214,9): error CS0106: The modifier 'private' is not valid for this item [C:\Users\307824\OneDrive - V├ñster├Ñs Stad\Skrivbordet\GGs\tools\GGs.ErrorLogViewer\GGs.ErrorLogViewer_pzhoiivc_wpftmp.csproj] C:\Users\307824\OneDrive - V├ñster├Ñs Stad\Skrivbordet\GGs\tools\GGs.ErrorLogViewer\ViewModels\MainViewModel.cs(227,9): error CS0106: The modifier 'private' is not valid for this item [C:\Users\307824\OneDrive - V├ñster├Ñs Stad\Skrivbordet\GGs\tools\GGs.ErrorLogViewer\GGs.ErrorLogViewer_pzhoiivc_wpftmp.csproj] C:\Users\307824\OneDrive - V├ñster├Ñs Stad\Skrivbordet\GGs\tools\GGs.ErrorLogViewer\ViewModels\MainViewModel.cs(234,9): error CS0106: The modifier 'private' is not valid for this item [C:\Users\307824\OneDrive - V├ñster├Ñs Stad\Skrivbordet\GGs\tools\GGs.ErrorLogViewer\GGs.ErrorLogViewer_pzhoiivc_wpftmp.csproj] C:\Users\307824\OneDrive - V├ñster├Ñs Stad\Skrivbordet\GGs\tools\GGs.ErrorLogViewer\ViewModels\MainViewModel.cs(258,9): error CS0106: The modifier 'private' is not valid for this item [C:\Users\307824\OneDrive - V├ñster├Ñs Stad\Skrivbordet\GGs\tools\GGs.ErrorLogViewer\GGs.ErrorLogViewer_pzhoiivc_wpftmp.csproj] C:\Users\307824\OneDrive - V├ñster├Ñs Stad\Skrivbordet\GGs\tools\GGs.ErrorLogViewer\ViewModels\MainViewModel.cs(276,9): error CS0106: The modifier 'private' is not valid for this item [C:\Users\307824\OneDrive - V├ñster├Ñs Stad\Skrivbordet\GGs\tools\GGs.ErrorLogViewer\GGs.ErrorLogViewer_pzhoiivc_wpftmp.csproj] C:\Users\307824\OneDrive - V├ñster├Ñs Stad\Skrivbordet\GGs\tools\GGs.ErrorLogViewer\ViewModels\MainViewModel.cs(290,9): error CS0106: The modifier 'private' is not valid for this item [C:\Users\307824\OneDrive - V├ñster├Ñs Stad\Skrivbordet\GGs\tools\GGs.ErrorLogViewer\GGs.ErrorLogViewer_pzhoiivc_wpftmp.csproj] C:\Users\307824\OneDrive - V├ñster├Ñs Stad\Skrivbordet\GGs\tools\GGs.ErrorLogViewer\ViewModels\MainViewModel.cs(304,9): error CS0106: The modifier 'private' is not valid for this item [C:\Users\307824\OneDrive - V├ñster├Ñs Stad\Skrivbordet\GGs\tools\GGs.ErrorLogViewer\GGs.ErrorLogViewer_pzhoiivc_wpftmp.csproj] C:\Users\307824\OneDrive - V├ñster├Ñs Stad\Skrivbordet\GGs\tools\GGs.ErrorLogViewer\ViewModels\MainViewModel.cs(325,9): error CS0106: The modifier 'private' is not valid for this item [C:\Users\307824\OneDrive - V├ñster├Ñs Stad\Skrivbordet\GGs\tools\GGs.ErrorLogViewer\GGs.ErrorLogViewer_pzhoiivc_wpftmp.csproj] C:\Users\307824\OneDrive - V├ñster├Ñs Stad\Skrivbordet\GGs\tools\GGs.ErrorLogViewer\ViewModels\MainViewModel.cs(349,9): error CS0106: The modifier 'private' is not valid for this item [C:\Users\307824\OneDrive - V├ñster├Ñs Stad\Skrivbordet\GGs\tools\GGs.ErrorLogViewer\GGs.ErrorLogViewer_pzhoiivc_wpftmp.csproj] C:\Users\307824\OneDrive - V├ñster├Ñs Stad\Skrivbordet\GGs\tools\GGs.ErrorLogViewer\ViewModels\MainViewModel.cs(375,9): error CS0106: The modifier 'private' is not valid for this item [C:\Users\307824\OneDrive - V├ñster├Ñs Stad\Skrivbordet\GGs\tools\GGs.ErrorLogViewer\GGs.ErrorLogViewer_pzhoiivc_wpftmp.csproj] C:\Users\307824\OneDrive - V├ñster├Ñs Stad\Skrivbordet\GGs\tools\GGs.ErrorLogViewer\ViewModels\MainViewModel.cs(405,9): error CS0106: The modifier 'private' is not valid for this item [C:\Users\307824\OneDrive - V├ñster├Ñs Stad\Skrivbordet\GGs\tools\GGs.ErrorLogViewer\GGs.ErrorLogViewer_pzhoiivc_wpftmp.csproj] C:\Users\307824\OneDrive - V├ñster├Ñs Stad\Skrivbordet\GGs\tools\GGs.ErrorLogViewer\ViewModels\MainViewModel.cs(443,9): error CS0106: The modifier 'private' is not valid for this item [C:\Users\307824\OneDrive - V├ñster├Ñs Stad\Skrivbordet\GGs\tools\GGs.ErrorLogViewer\GGs.ErrorLogViewer_pzhoiivc_wpftmp.csproj] C:\Users\307824\OneDrive - V├ñster├Ñs Stad\Skrivbordet\GGs\tools\GGs.ErrorLogViewer\ViewModels\MainViewModel.cs(452,9): error CS0106: The modifier 'private' is not valid for this item [C:\Users\307824\OneDrive - V├ñster├Ñs Stad\Skrivbordet\GGs\tools\GGs.ErrorLogViewer\GGs.ErrorLogViewer_pzhoiivc_wpftmp.csproj] C:\Users\307824\OneDrive - V├ñster├Ñs Stad\Skrivbordet\GGs\tools\GGs.ErrorLogViewer\ViewModels\MainViewModel.cs(469,9): error CS0106: The modifier 'private' is not valid for this item [C:\Users\307824\OneDrive - V├ñster├Ñs Stad\Skrivbordet\GGs\tools\GGs.ErrorLogViewer\GGs.ErrorLogViewer_pzhoiivc_wpftmp.csproj] C:\Users\307824\OneDrive - V├ñster├Ñs Stad\Skrivbordet\GGs\tools\GGs.ErrorLogViewer\ViewModels\MainViewModel.cs(530,9): error CS0106: The modifier 'private' is not valid for this item [C:\Users\307824\OneDrive - V├ñster├Ñs Stad\Skrivbordet\GGs\tools\GGs.ErrorLogViewer\GGs.ErrorLogViewer_pzhoiivc_wpftmp.csproj] C:\Users\307824\OneDrive - V├ñster├Ñs Stad\Skrivbordet\GGs\tools\GGs.ErrorLogViewer\ViewModels\MainViewModel.cs(536,9): error CS0106: The modifier 'private' is not valid for this item [C:\Users\307824\OneDrive - V├ñster├Ñs Stad\Skrivbordet\GGs\tools\GGs.ErrorLogViewer\GGs.ErrorLogViewer_pzhoiivc_wpftmp.csproj] C:\Users\307824\OneDrive - V├ñster├Ñs Stad\Skrivbordet\GGs\tools\GGs.ErrorLogViewer\ViewModels\MainViewModel.cs(552,5): error CS1022: Type or namespace definition, or end-of-file expected [C:\Users\307824\OneDrive - V├ñster├Ñs Stad\Skrivbordet\GGs\tools\GGs.ErrorLogViewer\GGs.ErrorLogViewer_pzhoiivc_wpftmp.csproj] C:\Users\307824\OneDrive - V├ñster├Ñs Stad\Skrivbordet\GGs\tools\GGs.ErrorLogViewer\ViewModels\MainViewModel.cs(553,1): error CS1022: Type or namespace definition, or end-of-file expected [C:\Users\307824\OneDrive - V├ñster├Ñs Stad\Skrivbordet\GGs\tools\GGs.ErrorLogViewer\GGs.ErrorLogViewer_pzhoiivc_wpftmp.csproj]     6 Warning(s)     64 Error(s)  Time Elapsed 00:00:09.21
[2025-10-01 13:26:08.681] [Error] Launcher failed: One or more builds failed. Check log for details.
[2025-10-01 13:26:08.707] [Debug] Stack Trace: at Build-Applications, C:\Users\307824\OneDrive - Västerås Stad\Skrivbordet\GGs\GGsLauncher.ps1: line 243
at <ScriptBlock>, C:\Users\307824\OneDrive - Västerås Stad\Skrivbordet\GGs\GGsLauncher.ps1: line 467
[2025-10-01 14:10:53.318] [Info] Launcher started with configuration: Release
[2025-10-01 14:10:53.448] [Debug] Checking .NET SDK...
[2025-10-01 14:10:53.775] [Success] .NET SDK found: v9.0.305
[2025-10-01 14:10:53.791] [Success] Solution file found: GGs.sln
[2025-10-01 14:10:53.818] [Success] GGs.Desktop project found
[2025-10-01 14:10:53.828] [Success] ErrorLogViewer project found
[2025-10-01 14:10:53.890] [Info] Building GGs.Desktop (Release)...
[2025-10-01 14:10:57.808] [Success] GGs.Desktop built successfully
[2025-10-01 14:10:57.814] [Info] Building ErrorLogViewer (Release)...
[2025-10-01 14:11:01.829] [Error] ErrorLogViewer build failed with exit code 1
[2025-10-01 14:11:01.840] [Debug] Build output:   Determining projects to restore... C:\Users\307824\OneDrive - V├ñster├Ñs Stad\Skrivbordet\GGs\tools\GGs.ErrorLogViewer\GGs.ErrorLogViewer.csproj : warning NU1903: Package 'System.Text.Json' 8.0.0 has a known high severity vulnerability, https://github.com/advisories/GHSA-8g4q-xg66-9fp4 C:\Users\307824\OneDrive - V├ñster├Ñs Stad\Skrivbordet\GGs\tools\GGs.ErrorLogViewer\GGs.ErrorLogViewer.csproj : warning NU1903: Package 'System.Text.Json' 8.0.0 has a known high severity vulnerability, https://github.com/advisories/GHSA-hh2w-p6rv-4g7w   All projects are up-to-date for restore. C:\Users\307824\OneDrive - V├ñster├Ñs Stad\Skrivbordet\GGs\tools\GGs.ErrorLogViewer\GGs.ErrorLogViewer.csproj : warning NU1903: Package 'System.Text.Json' 8.0.0 has a known high severity vulnerability, https://github.com/advisories/GHSA-8g4q-xg66-9fp4 C:\Users\307824\OneDrive - V├ñster├Ñs Stad\Skrivbordet\GGs\tools\GGs.ErrorLogViewer\GGs.ErrorLogViewer.csproj : warning NU1903: Package 'System.Text.Json' 8.0.0 has a known high severity vulnerability, https://github.com/advisories/GHSA-hh2w-p6rv-4g7w C:\Users\307824\OneDrive - V├ñster├Ñs Stad\Skrivbordet\GGs\tools\GGs.ErrorLogViewer\GGs.ErrorLogViewer_y3jq43vv_wpftmp.csproj : warning NU1903: Package 'System.Text.Json' 8.0.0 has a known high severity vulnerability, https://github.com/advisories/GHSA-8g4q-xg66-9fp4 C:\Users\307824\OneDrive - V├ñster├Ñs Stad\Skrivbordet\GGs\tools\GGs.ErrorLogViewer\GGs.ErrorLogViewer_y3jq43vv_wpftmp.csproj : warning NU1903: Package 'System.Text.Json' 8.0.0 has a known high severity vulnerability, https://github.com/advisories/GHSA-hh2w-p6rv-4g7w C:\Users\307824\OneDrive - V├ñster├Ñs Stad\Skrivbordet\GGs\tools\GGs.ErrorLogViewer\ViewModels\MainViewModel.cs(86,1): error CS1519: Invalid token '{' in a member declaration [C:\Users\307824\OneDrive - V├ñster├Ñs Stad\Skrivbordet\GGs\tools\GGs.ErrorLogViewer\GGs.ErrorLogViewer_y3jq43vv_wpftmp.csproj] C:\Users\307824\OneDrive - V├ñster├Ñs Stad\Skrivbordet\GGs\tools\GGs.ErrorLogViewer\ViewModels\MainViewModel.cs(86,9): error CS1519: Invalid token '}' in a member declaration [C:\Users\307824\OneDrive - V├ñster├Ñs Stad\Skrivbordet\GGs\tools\GGs.ErrorLogViewer\GGs.ErrorLogViewer_y3jq43vv_wpftmp.csproj] C:\Users\307824\OneDrive - V├ñster├Ñs Stad\Skrivbordet\GGs\tools\GGs.ErrorLogViewer\ViewModels\MainViewModel.cs(98,40): error CS1031: Type expected [C:\Users\307824\OneDrive - V├ñster├Ñs Stad\Skrivbordet\GGs\tools\GGs.ErrorLogViewer\GGs.ErrorLogViewer_y3jq43vv_wpftmp.csproj] C:\Users\307824\OneDrive - V├ñster├Ñs Stad\Skrivbordet\GGs\tools\GGs.ErrorLogViewer\ViewModels\MainViewModel.cs(98,40): error CS1001: Identifier expected [C:\Users\307824\OneDrive - V├ñster├Ñs Stad\Skrivbordet\GGs\tools\GGs.ErrorLogViewer\GGs.ErrorLogViewer_y3jq43vv_wpftmp.csproj] C:\Users\307824\OneDrive - V├ñster├Ñs Stad\Skrivbordet\GGs\tools\GGs.ErrorLogViewer\ViewModels\MainViewModel.cs(98,40): error CS1026: ) expected [C:\Users\307824\OneDrive - V├ñster├Ñs Stad\Skrivbordet\GGs\tools\GGs.ErrorLogViewer\GGs.ErrorLogViewer_y3jq43vv_wpftmp.csproj] C:\Users\307824\OneDrive - V├ñster├Ñs Stad\Skrivbordet\GGs\tools\GGs.ErrorLogViewer\ViewModels\MainViewModel.cs(99,4): error CS8635: Unexpected character sequence '...' [C:\Users\307824\OneDrive - V├ñster├Ñs Stad\Skrivbordet\GGs\tools\GGs.ErrorLogViewer\GGs.ErrorLogViewer_y3jq43vv_wpftmp.csproj] C:\Users\307824\OneDrive - V├ñster├Ñs Stad\Skrivbordet\GGs\tools\GGs.ErrorLogViewer\ViewModels\MainViewModel.cs(99,8): error CS1002: ; expected [C:\Users\307824\OneDrive - V├ñster├Ñs Stad\Skrivbordet\GGs\tools\GGs.ErrorLogViewer\GGs.ErrorLogViewer_y3jq43vv_wpftmp.csproj] C:\Users\307824\OneDrive - V├ñster├Ñs Stad\Skrivbordet\GGs\tools\GGs.ErrorLogViewer\ViewModels\MainViewModel.cs(100,1): error CS1513: } expected [C:\Users\307824\OneDrive - V├ñster├Ñs Stad\Skrivbordet\GGs\tools\GGs.ErrorLogViewer\GGs.ErrorLogViewer_y3jq43vv_wpftmp.csproj] C:\Users\307824\OneDrive - V├ñster├Ñs Stad\Skrivbordet\GGs\tools\GGs.ErrorLogViewer\ViewModels\MainViewModel.cs(100,13): error CS0116: A namespace cannot directly contain members such as fields, methods or statements [C:\Users\307824\OneDrive - V├ñster├Ñs Stad\Skrivbordet\GGs\tools\GGs.ErrorLogViewer\GGs.ErrorLogViewer_y3jq43vv_wpftmp.csproj] C:\Users\307824\OneDrive - V├ñster├Ñs Stad\Skrivbordet\GGs\tools\GGs.ErrorLogViewer\ViewModels\MainViewModel.cs(100,37): error CS1022: Type or namespace definition, or end-of-file expected [C:\Users\307824\OneDrive - V├ñster├Ñs Stad\Skrivbordet\GGs\tools\GGs.ErrorLogViewer\GGs.ErrorLogViewer_y3jq43vv_wpftmp.csproj] C:\Users\307824\OneDrive - V├ñster├Ñs Stad\Skrivbordet\GGs\tools\GGs.ErrorLogViewer\ViewModels\MainViewModel.cs(100,72): error CS1001: Identifier expected [C:\Users\307824\OneDrive - V├ñster├Ñs Stad\Skrivbordet\GGs\tools\GGs.ErrorLogViewer\GGs.ErrorLogViewer_y3jq43vv_wpftmp.csproj] C:\Users\307824\OneDrive - V├ñster├Ñs Stad\Skrivbordet\GGs\tools\GGs.ErrorLogViewer\ViewModels\MainViewModel.cs(101,13): error CS0116: A namespace cannot directly contain members such as fields, methods or statements [C:\Users\307824\OneDrive - V├ñster├Ñs Stad\Skrivbordet\GGs\tools\GGs.ErrorLogViewer\GGs.ErrorLogViewer_y3jq43vv_wpftmp.csproj] C:\Users\307824\OneDrive - V├ñster├Ñs Stad\Skrivbordet\GGs\tools\GGs.ErrorLogViewer\ViewModels\MainViewModel.cs(101,33): error CS1022: Type or namespace definition, or end-of-file expected [C:\Users\307824\OneDrive - V├ñster├Ñs Stad\Skrivbordet\GGs\tools\GGs.ErrorLogViewer\GGs.ErrorLogViewer_y3jq43vv_wpftmp.csproj] C:\Users\307824\OneDrive - V├ñster├Ñs Stad\Skrivbordet\GGs\tools\GGs.ErrorLogViewer\ViewModels\MainViewModel.cs(101,64): error CS1001: Identifier expected [C:\Users\307824\OneDrive - V├ñster├Ñs Stad\Skrivbordet\GGs\tools\GGs.ErrorLogViewer\GGs.ErrorLogViewer_y3jq43vv_wpftmp.csproj] C:\Users\307824\OneDrive - V├ñster├Ñs Stad\Skrivbordet\GGs\tools\GGs.ErrorLogViewer\ViewModels\MainViewModel.cs(103,13): error CS0116: A namespace cannot directly contain members such as fields, methods or statements [C:\Users\307824\OneDrive - V├ñster├Ñs Stad\Skrivbordet\GGs\tools\GGs.ErrorLogViewer\GGs.ErrorLogViewer_y3jq43vv_wpftmp.csproj] C:\Users\307824\OneDrive - V├ñster├Ñs Stad\Skrivbordet\GGs\tools\GGs.ErrorLogViewer\ViewModels\MainViewModel.cs(103,28): error CS1022: Type or namespace definition, or end-of-file expected [C:\Users\307824\OneDrive - V├ñster├Ñs Stad\Skrivbordet\GGs\tools\GGs.ErrorLogViewer\GGs.ErrorLogViewer_y3jq43vv_wpftmp.csproj] C:\Users\307824\OneDrive - V├ñster├Ñs Stad\Skrivbordet\GGs\tools\GGs.ErrorLogViewer\ViewModels\MainViewModel.cs(103,54): error CS1001: Identifier expected [C:\Users\307824\OneDrive - V├ñster├Ñs Stad\Skrivbordet\GGs\tools\GGs.ErrorLogViewer\GGs.ErrorLogViewer_y3jq43vv_wpftmp.csproj] C:\Users\307824\OneDrive - V├ñster├Ñs Stad\Skrivbordet\GGs\tools\GGs.ErrorLogViewer\ViewModels\MainViewModel.cs(103,57): error CS8124: Tuple must contain at least two elements. [C:\Users\307824\OneDrive - V├ñster├Ñs Stad\Skrivbordet\GGs\tools\GGs.ErrorLogViewer\GGs.ErrorLogViewer_y3jq43vv_wpftmp.csproj] C:\Users\307824\OneDrive - V├ñster├Ñs Stad\Skrivbordet\GGs\tools\GGs.ErrorLogViewer\ViewModels\MainViewModel.cs(103,59): error CS1001: Identifier expected [C:\Users\307824\OneDrive - V├ñster├Ñs Stad\Skrivbordet\GGs\tools\GGs.ErrorLogViewer\GGs.ErrorLogViewer_y3jq43vv_wpftmp.csproj] C:\Users\307824\OneDrive - V├ñster├Ñs Stad\Skrivbordet\GGs\tools\GGs.ErrorLogViewer\ViewModels\MainViewModel.cs(103,59): error CS1003: Syntax error, ',' expected [C:\Users\307824\OneDrive - V├ñster├Ñs Stad\Skrivbordet\GGs\tools\GGs.ErrorLogViewer\GGs.ErrorLogViewer_y3jq43vv_wpftmp.csproj] C:\Users\307824\OneDrive - V├ñster├Ñs Stad\Skrivbordet\GGs\tools\GGs.ErrorLogViewer\ViewModels\MainViewModel.cs(103,62): error CS1003: Syntax error, ',' expected [C:\Users\307824\OneDrive - V├ñster├Ñs Stad\Skrivbordet\GGs\tools\GGs.ErrorLogViewer\GGs.ErrorLogViewer_y3jq43vv_wpftmp.csproj] C:\Users\307824\OneDrive - V├ñster├Ñs Stad\Skrivbordet\GGs\tools\GGs.ErrorLogViewer\ViewModels\MainViewModel.cs(103,79): error CS1001: Identifier expected [C:\Users\307824\OneDrive - V├ñster├Ñs Stad\Skrivbordet\GGs\tools\GGs.ErrorLogViewer\GGs.ErrorLogViewer_y3jq43vv_wpftmp.csproj] C:\Users\307824\OneDrive - V├ñster├Ñs Stad\Skrivbordet\GGs\tools\GGs.ErrorLogViewer\ViewModels\MainViewModel.cs(103,79): error CS1003: Syntax error, ',' expected [C:\Users\307824\OneDrive - V├ñster├Ñs Stad\Skrivbordet\GGs\tools\GGs.ErrorLogViewer\GGs.ErrorLogViewer_y3jq43vv_wpftmp.csproj] C:\Users\307824\OneDrive - V├ñster├Ñs Stad\Skrivbordet\GGs\tools\GGs.ErrorLogViewer\ViewModels\MainViewModel.cs(104,13): error CS0116: A namespace cannot directly contain members such as fields, methods or statements [C:\Users\307824\OneDrive - V├ñster├Ñs Stad\Skrivbordet\GGs\tools\GGs.ErrorLogViewer\GGs.ErrorLogViewer_y3jq43vv_wpftmp.csproj] C:\Users\307824\OneDrive - V├ñster├Ñs Stad\Skrivbordet\GGs\tools\GGs.ErrorLogViewer\ViewModels\MainViewModel.cs(104,32): error CS1022: Type or namespace definition, or end-of-file expected [C:\Users\307824\OneDrive - V├ñster├Ñs Stad\Skrivbordet\GGs\tools\GGs.ErrorLogViewer\GGs.ErrorLogViewer_y3jq43vv_wpftmp.csproj] C:\Users\307824\OneDrive - V├ñster├Ñs Stad\Skrivbordet\GGs\tools\GGs.ErrorLogViewer\ViewModels\MainViewModel.cs(104,62): error CS1001: Identifier expected [C:\Users\307824\OneDrive - V├ñster├Ñs Stad\Skrivbordet\GGs\tools\GGs.ErrorLogViewer\GGs.ErrorLogViewer_y3jq43vv_wpftmp.csproj] C:\Users\307824\OneDrive - V├ñster├Ñs Stad\Skrivbordet\GGs\tools\GGs.ErrorLogViewer\ViewModels\MainViewModel.cs(104,65): error CS8124: Tuple must contain at least two elements. [C:\Users\307824\OneDrive - V├ñster├Ñs Stad\Skrivbordet\GGs\tools\GGs.ErrorLogViewer\GGs.ErrorLogViewer_y3jq43vv_wpftmp.csproj] C:\Users\307824\OneDrive - V├ñster├Ñs Stad\Skrivbordet\GGs\tools\GGs.ErrorLogViewer\ViewModels\MainViewModel.cs(104,67): error CS1001: Identifier expected [C:\Users\307824\OneDrive - V├ñster├Ñs Stad\Skrivbordet\GGs\tools\GGs.ErrorLogViewer\GGs.ErrorLogViewer_y3jq43vv_wpftmp.csproj] C:\Users\307824\OneDrive - V├ñster├Ñs Stad\Skrivbordet\GGs\tools\GGs.ErrorLogViewer\ViewModels\MainViewModel.cs(104,67): error CS1003: Syntax error, ',' expected [C:\Users\307824\OneDrive - V├ñster├Ñs Stad\Skrivbordet\GGs\tools\GGs.ErrorLogViewer\GGs.ErrorLogViewer_y3jq43vv_wpftmp.csproj] C:\Users\307824\OneDrive - V├ñster├Ñs Stad\Skrivbordet\GGs\tools\GGs.ErrorLogViewer\ViewModels\MainViewModel.cs(104,70): error CS1003: Syntax error, ',' expected [C:\Users\307824\OneDrive - V├ñster├Ñs Stad\Skrivbordet\GGs\tools\GGs.ErrorLogViewer\GGs.ErrorLogViewer_y3jq43vv_wpftmp.csproj] C:\Users\307824\OneDrive - V├ñster├Ñs Stad\Skrivbordet\GGs\tools\GGs.ErrorLogViewer\ViewModels\MainViewModel.cs(104,87): error CS1001: Identifier expected [C:\Users\307824\OneDrive - V├ñster├Ñs Stad\Skrivbordet\GGs\tools\GGs.ErrorLogViewer\GGs.ErrorLogViewer_y3jq43vv_wpftmp.csproj] C:\Users\307824\OneDrive - V├ñster├Ñs Stad\Skrivbordet\GGs\tools\GGs.ErrorLogViewer\ViewModels\MainViewModel.cs(104,87): error CS1003: Syntax error, ',' expected [C:\Users\307824\OneDrive - V├ñster├Ñs Stad\Skrivbordet\GGs\tools\GGs.ErrorLogViewer\GGs.ErrorLogViewer_y3jq43vv_wpftmp.csproj] C:\Users\307824\OneDrive - V├ñster├Ñs Stad\Skrivbordet\GGs\tools\GGs.ErrorLogViewer\ViewModels\MainViewModel.cs(105,13): error CS0116: A namespace cannot directly contain members such as fields, methods or statements [C:\Users\307824\OneDrive - V├ñster├Ñs Stad\Skrivbordet\GGs\tools\GGs.ErrorLogViewer\GGs.ErrorLogViewer_y3jq43vv_wpftmp.csproj] C:\Users\307824\OneDrive - V├ñster├Ñs Stad\Skrivbordet\GGs\tools\GGs.ErrorLogViewer\ViewModels\MainViewModel.cs(105,32): error CS1022: Type or namespace definition, or end-of-file expected [C:\Users\307824\OneDrive - V├ñster├Ñs Stad\Skrivbordet\GGs\tools\GGs.ErrorLogViewer\GGs.ErrorLogViewer_y3jq43vv_wpftmp.csproj] C:\Users\307824\OneDrive - V├ñster├Ñs Stad\Skrivbordet\GGs\tools\GGs.ErrorLogViewer\ViewModels\MainViewModel.cs(105,62): error CS1001: Identifier expected [C:\Users\307824\OneDrive - V├ñster├Ñs Stad\Skrivbordet\GGs\tools\GGs.ErrorLogViewer\GGs.ErrorLogViewer_y3jq43vv_wpftmp.csproj] C:\Users\307824\OneDrive - V├ñster├Ñs Stad\Skrivbordet\GGs\tools\GGs.ErrorLogViewer\ViewModels\MainViewModel.cs(105,65): error CS8124: Tuple must contain at least two elements. [C:\Users\307824\OneDrive - V├ñster├Ñs Stad\Skrivbordet\GGs\tools\GGs.ErrorLogViewer\GGs.ErrorLogViewer_y3jq43vv_wpftmp.csproj] C:\Users\307824\OneDrive - V├ñster├Ñs Stad\Skrivbordet\GGs\tools\GGs.ErrorLogViewer\ViewModels\MainViewModel.cs(105,67): error CS1001: Identifier expected [C:\Users\307824\OneDrive - V├ñster├Ñs Stad\Skrivbordet\GGs\tools\GGs.ErrorLogViewer\GGs.ErrorLogViewer_y3jq43vv_wpftmp.csproj] C:\Users\307824\OneDrive - V├ñster├Ñs Stad\Skrivbordet\GGs\tools\GGs.ErrorLogViewer\ViewModels\MainViewModel.cs(105,67): error CS1003: Syntax error, ',' expected [C:\Users\307824\OneDrive - V├ñster├Ñs Stad\Skrivbordet\GGs\tools\GGs.ErrorLogViewer\GGs.ErrorLogViewer_y3jq43vv_wpftmp.csproj] C:\Users\307824\OneDrive - V├ñster├Ñs Stad\Skrivbordet\GGs\tools\GGs.ErrorLogViewer\ViewModels\MainViewModel.cs(105,70): error CS1003: Syntax error, ',' expected [C:\Users\307824\OneDrive - V├ñster├Ñs Stad\Skrivbordet\GGs\tools\GGs.ErrorLogViewer\GGs.ErrorLogViewer_y3jq43vv_wpftmp.csproj] C:\Users\307824\OneDrive - V├ñster├Ñs Stad\Skrivbordet\GGs\tools\GGs.ErrorLogViewer\ViewModels\MainViewModel.cs(105,87): error CS1001: Identifier expected [C:\Users\307824\OneDrive - V├ñster├Ñs Stad\Skrivbordet\GGs\tools\GGs.ErrorLogViewer\GGs.ErrorLogViewer_y3jq43vv_wpftmp.csproj] C:\Users\307824\OneDrive - V├ñster├Ñs Stad\Skrivbordet\GGs\tools\GGs.ErrorLogViewer\ViewModels\MainViewModel.cs(105,87): error CS1003: Syntax error, ',' expected [C:\Users\307824\OneDrive - V├ñster├Ñs Stad\Skrivbordet\GGs\tools\GGs.ErrorLogViewer\GGs.ErrorLogViewer_y3jq43vv_wpftmp.csproj] C:\Users\307824\OneDrive - V├ñster├Ñs Stad\Skrivbordet\GGs\tools\GGs.ErrorLogViewer\ViewModels\MainViewModel.cs(106,13): error CS0116: A namespace cannot directly contain members such as fields, methods or statements [C:\Users\307824\OneDrive - V├ñster├Ñs Stad\Skrivbordet\GGs\tools\GGs.ErrorLogViewer\GGs.ErrorLogViewer_y3jq43vv_wpftmp.csproj] C:\Users\307824\OneDrive - V├ñster├Ñs Stad\Skrivbordet\GGs\tools\GGs.ErrorLogViewer\ViewModels\MainViewModel.cs(106,38): error CS1022: Type or namespace definition, or end-of-file expected [C:\Users\307824\OneDrive - V├ñster├Ñs Stad\Skrivbordet\GGs\tools\GGs.ErrorLogViewer\GGs.ErrorLogViewer_y3jq43vv_wpftmp.csproj] C:\Users\307824\OneDrive - V├ñster├Ñs Stad\Skrivbordet\GGs\tools\GGs.ErrorLogViewer\ViewModels\MainViewModel.cs(106,58): error CS8124: Tuple must contain at least two elements. [C:\Users\307824\OneDrive - V├ñster├Ñs Stad\Skrivbordet\GGs\tools\GGs.ErrorLogViewer\GGs.ErrorLogViewer_y3jq43vv_wpftmp.csproj] C:\Users\307824\OneDrive - V├ñster├Ñs Stad\Skrivbordet\GGs\tools\GGs.ErrorLogViewer\ViewModels\MainViewModel.cs(106,60): error CS1001: Identifier expected [C:\Users\307824\OneDrive - V├ñster├Ñs Stad\Skrivbordet\GGs\tools\GGs.ErrorLogViewer\GGs.ErrorLogViewer_y3jq43vv_wpftmp.csproj] C:\Users\307824\OneDrive - V├ñster├Ñs Stad\Skrivbordet\GGs\tools\GGs.ErrorLogViewer\ViewModels\MainViewModel.cs(106,60): error CS1003: Syntax error, ',' expected [C:\Users\307824\OneDrive - V├ñster├Ñs Stad\Skrivbordet\GGs\tools\GGs.ErrorLogViewer\GGs.ErrorLogViewer_y3jq43vv_wpftmp.csproj] C:\Users\307824\OneDrive - V├ñster├Ñs Stad\Skrivbordet\GGs\tools\GGs.ErrorLogViewer\ViewModels\MainViewModel.cs(106,63): error CS1003: Syntax error, ',' expected [C:\Users\307824\OneDrive - V├ñster├Ñs Stad\Skrivbordet\GGs\tools\GGs.ErrorLogViewer\GGs.ErrorLogViewer_y3jq43vv_wpftmp.csproj] C:\Users\307824\OneDrive - V├ñster├Ñs Stad\Skrivbordet\GGs\tools\GGs.ErrorLogViewer\ViewModels\MainViewModel.cs(106,84): error CS1001: Identifier expected [C:\Users\307824\OneDrive - V├ñster├Ñs Stad\Skrivbordet\GGs\tools\GGs.ErrorLogViewer\GGs.ErrorLogViewer_y3jq43vv_wpftmp.csproj] C:\Users\307824\OneDrive - V├ñster├Ñs Stad\Skrivbordet\GGs\tools\GGs.ErrorLogViewer\ViewModels\MainViewModel.cs(109,35): error CS0116: A namespace cannot directly contain members such as fields, methods or statements [C:\Users\307824\OneDrive - V├ñster├Ñs Stad\Skrivbordet\GGs\tools\GGs.ErrorLogViewer\GGs.ErrorLogViewer_y3jq43vv_wpftmp.csproj] C:\Users\307824\OneDrive - V├ñster├Ñs Stad\Skrivbordet\GGs\tools\GGs.ErrorLogViewer\ViewModels\MainViewModel.cs(109,49): error CS1022: Type or namespace definition, or end-of-file expected [C:\Users\307824\OneDrive - V├ñster├Ñs Stad\Skrivbordet\GGs\tools\GGs.ErrorLogViewer\GGs.ErrorLogViewer_y3jq43vv_wpftmp.csproj] C:\Users\307824\OneDrive - V├ñster├Ñs Stad\Skrivbordet\GGs\tools\GGs.ErrorLogViewer\ViewModels\MainViewModel.cs(109,52): error CS0116: A namespace cannot directly contain members such as fields, methods or statements [C:\Users\307824\OneDrive - V├ñster├Ñs Stad\Skrivbordet\GGs\tools\GGs.ErrorLogViewer\GGs.ErrorLogViewer_y3jq43vv_wpftmp.csproj] C:\Users\307824\OneDrive - V├ñster├Ñs Stad\Skrivbordet\GGs\tools\GGs.ErrorLogViewer\ViewModels\MainViewModel.cs(109,67): error CS1022: Type or namespace definition, or end-of-file expected [C:\Users\307824\OneDrive - V├ñster├Ñs Stad\Skrivbordet\GGs\tools\GGs.ErrorLogViewer\GGs.ErrorLogViewer_y3jq43vv_wpftmp.csproj] C:\Users\307824\OneDrive - V├ñster├Ñs Stad\Skrivbordet\GGs\tools\GGs.ErrorLogViewer\ViewModels\MainViewModel.cs(110,35): error CS0116: A namespace cannot directly contain members such as fields, methods or statements [C:\Users\307824\OneDrive - V├ñster├Ñs Stad\Skrivbordet\GGs\tools\GGs.ErrorLogViewer\GGs.ErrorLogViewer_y3jq43vv_wpftmp.csproj] C:\Users\307824\OneDrive - V├ñster├Ñs Stad\Skrivbordet\GGs\tools\GGs.ErrorLogViewer\ViewModels\MainViewModel.cs(110,51): error CS1022: Type or namespace definition, or end-of-file expected [C:\Users\307824\OneDrive - V├ñster├Ñs Stad\Skrivbordet\GGs\tools\GGs.ErrorLogViewer\GGs.ErrorLogViewer_y3jq43vv_wpftmp.csproj] C:\Users\307824\OneDrive - V├ñster├Ñs Stad\Skrivbordet\GGs\tools\GGs.ErrorLogViewer\ViewModels\MainViewModel.cs(110,54): error CS0116: A namespace cannot directly contain members such as fields, methods or statements [C:\Users\307824\OneDrive - V├ñster├Ñs Stad\Skrivbordet\GGs\tools\GGs.ErrorLogViewer\GGs.ErrorLogViewer_y3jq43vv_wpftmp.csproj] C:\Users\307824\OneDrive - V├ñster├Ñs Stad\Skrivbordet\GGs\tools\GGs.ErrorLogViewer\ViewModels\MainViewModel.cs(110,71): error CS1022: Type or namespace definition, or end-of-file expected [C:\Users\307824\OneDrive - V├ñster├Ñs Stad\Skrivbordet\GGs\tools\GGs.ErrorLogViewer\GGs.ErrorLogViewer_y3jq43vv_wpftmp.csproj] C:\Users\307824\OneDrive - V├ñster├Ñs Stad\Skrivbordet\GGs\tools\GGs.ErrorLogViewer\ViewModels\MainViewModel.cs(111,35): error CS0116: A namespace cannot directly contain members such as fields, methods or statements [C:\Users\307824\OneDrive - V├ñster├Ñs Stad\Skrivbordet\GGs\tools\GGs.ErrorLogViewer\GGs.ErrorLogViewer_y3jq43vv_wpftmp.csproj] C:\Users\307824\OneDrive - V├ñster├Ñs Stad\Skrivbordet\GGs\tools\GGs.ErrorLogViewer\ViewModels\MainViewModel.cs(111,47): error CS1022: Type or namespace definition, or end-of-file expected [C:\Users\307824\OneDrive - V├ñster├Ñs Stad\Skrivbordet\GGs\tools\GGs.ErrorLogViewer\GGs.ErrorLogViewer_y3jq43vv_wpftmp.csproj] C:\Users\307824\OneDrive - V├ñster├Ñs Stad\Skrivbordet\GGs\tools\GGs.ErrorLogViewer\ViewModels\MainViewModel.cs(111,50): error CS0116: A namespace cannot directly contain members such as fields, methods or statements [C:\Users\307824\OneDrive - V├ñster├Ñs Stad\Skrivbordet\GGs\tools\GGs.ErrorLogViewer\GGs.ErrorLogViewer_y3jq43vv_wpftmp.csproj] C:\Users\307824\OneDrive - V├ñster├Ñs Stad\Skrivbordet\GGs\tools\GGs.ErrorLogViewer\ViewModels\MainViewModel.cs(111,63): error CS1022: Type or namespace definition, or end-of-file expected [C:\Users\307824\OneDrive - V├ñster├Ñs Stad\Skrivbordet\GGs\tools\GGs.ErrorLogViewer\GGs.ErrorLogViewer_y3jq43vv_wpftmp.csproj] C:\Users\307824\OneDrive - V├ñster├Ñs Stad\Skrivbordet\GGs\tools\GGs.ErrorLogViewer\ViewModels\MainViewModel.cs(114,17): error CS8803: Top-level statements must precede namespace and type declarations. [C:\Users\307824\OneDrive - V├ñster├Ñs Stad\Skrivbordet\GGs\tools\GGs.ErrorLogViewer\GGs.ErrorLogViewer_y3jq43vv_wpftmp.csproj] C:\Users\307824\OneDrive - V├ñster├Ñs Stad\Skrivbordet\GGs\tools\GGs.ErrorLogViewer\ViewModels\MainViewModel.cs(115,13): error CS1022: Type or namespace definition, or end-of-file expected [C:\Users\307824\OneDrive - V├ñster├Ñs Stad\Skrivbordet\GGs\tools\GGs.ErrorLogViewer\GGs.ErrorLogViewer_y3jq43vv_wpftmp.csproj] C:\Users\307824\OneDrive - V├ñster├Ñs Stad\Skrivbordet\GGs\tools\GGs.ErrorLogViewer\ViewModels\MainViewModel.cs(116,9): error CS1022: Type or namespace definition, or end-of-file expected [C:\Users\307824\OneDrive - V├ñster├Ñs Stad\Skrivbordet\GGs\tools\GGs.ErrorLogViewer\GGs.ErrorLogViewer_y3jq43vv_wpftmp.csproj] C:\Users\307824\OneDrive - V├ñster├Ñs Stad\Skrivbordet\GGs\tools\GGs.ErrorLogViewer\ViewModels\MainViewModel.cs(118,9): error CS0106: The modifier 'private' is not valid for this item [C:\Users\307824\OneDrive - V├ñster├Ñs Stad\Skrivbordet\GGs\tools\GGs.ErrorLogViewer\GGs.ErrorLogViewer_y3jq43vv_wpftmp.csproj] C:\Users\307824\OneDrive - V├ñster├Ñs Stad\Skrivbordet\GGs\tools\GGs.ErrorLogViewer\ViewModels\MainViewModel.cs(217,9): error CS0106: The modifier 'private' is not valid for this item [C:\Users\307824\OneDrive - V├ñster├Ñs Stad\Skrivbordet\GGs\tools\GGs.ErrorLogViewer\GGs.ErrorLogViewer_y3jq43vv_wpftmp.csproj] C:\Users\307824\OneDrive - V├ñster├Ñs Stad\Skrivbordet\GGs\tools\GGs.ErrorLogViewer\ViewModels\MainViewModel.cs(230,9): error CS0106: The modifier 'private' is not valid for this item [C:\Users\307824\OneDrive - V├ñster├Ñs Stad\Skrivbordet\GGs\tools\GGs.ErrorLogViewer\GGs.ErrorLogViewer_y3jq43vv_wpftmp.csproj] C:\Users\307824\OneDrive - V├ñster├Ñs Stad\Skrivbordet\GGs\tools\GGs.ErrorLogViewer\ViewModels\MainViewModel.cs(237,9): error CS0106: The modifier 'private' is not valid for this item [C:\Users\307824\OneDrive - V├ñster├Ñs Stad\Skrivbordet\GGs\tools\GGs.ErrorLogViewer\GGs.ErrorLogViewer_y3jq43vv_wpftmp.csproj] C:\Users\307824\OneDrive - V├ñster├Ñs Stad\Skrivbordet\GGs\tools\GGs.ErrorLogViewer\ViewModels\MainViewModel.cs(261,9): error CS0106: The modifier 'private' is not valid for this item [C:\Users\307824\OneDrive - V├ñster├Ñs Stad\Skrivbordet\GGs\tools\GGs.ErrorLogViewer\GGs.ErrorLogViewer_y3jq43vv_wpftmp.csproj] C:\Users\307824\OneDrive - V├ñster├Ñs Stad\Skrivbordet\GGs\tools\GGs.ErrorLogViewer\ViewModels\MainViewModel.cs(279,9): error CS0106: The modifier 'private' is not valid for this item [C:\Users\307824\OneDrive - V├ñster├Ñs Stad\Skrivbordet\GGs\tools\GGs.ErrorLogViewer\GGs.ErrorLogViewer_y3jq43vv_wpftmp.csproj] C:\Users\307824\OneDrive - V├ñster├Ñs Stad\Skrivbordet\GGs\tools\GGs.ErrorLogViewer\ViewModels\MainViewModel.cs(293,9): error CS0106: The modifier 'private' is not valid for this item [C:\Users\307824\OneDrive - V├ñster├Ñs Stad\Skrivbordet\GGs\tools\GGs.ErrorLogViewer\GGs.ErrorLogViewer_y3jq43vv_wpftmp.csproj] C:\Users\307824\OneDrive - V├ñster├Ñs Stad\Skrivbordet\GGs\tools\GGs.ErrorLogViewer\ViewModels\MainViewModel.cs(307,9): error CS0106: The modifier 'private' is not valid for this item [C:\Users\307824\OneDrive - V├ñster├Ñs Stad\Skrivbordet\GGs\tools\GGs.ErrorLogViewer\GGs.ErrorLogViewer_y3jq43vv_wpftmp.csproj] C:\Users\307824\OneDrive - V├ñster├Ñs Stad\Skrivbordet\GGs\tools\GGs.ErrorLogViewer\ViewModels\MainViewModel.cs(328,9): error CS0106: The modifier 'private' is not valid for this item [C:\Users\307824\OneDrive - V├ñster├Ñs Stad\Skrivbordet\GGs\tools\GGs.ErrorLogViewer\GGs.ErrorLogViewer_y3jq43vv_wpftmp.csproj] C:\Users\307824\OneDrive - V├ñster├Ñs Stad\Skrivbordet\GGs\tools\GGs.ErrorLogViewer\ViewModels\MainViewModel.cs(352,9): error CS0106: The modifier 'private' is not valid for this item [C:\Users\307824\OneDrive - V├ñster├Ñs Stad\Skrivbordet\GGs\tools\GGs.ErrorLogViewer\GGs.ErrorLogViewer_y3jq43vv_wpftmp.csproj] C:\Users\307824\OneDrive - V├ñster├Ñs Stad\Skrivbordet\GGs\tools\GGs.ErrorLogViewer\ViewModels\MainViewModel.cs(378,9): error CS0106: The modifier 'private' is not valid for this item [C:\Users\307824\OneDrive - V├ñster├Ñs Stad\Skrivbordet\GGs\tools\GGs.ErrorLogViewer\GGs.ErrorLogViewer_y3jq43vv_wpftmp.csproj] C:\Users\307824\OneDrive - V├ñster├Ñs Stad\Skrivbordet\GGs\tools\GGs.ErrorLogViewer\ViewModels\MainViewModel.cs(408,9): error CS0106: The modifier 'private' is not valid for this item [C:\Users\307824\OneDrive - V├ñster├Ñs Stad\Skrivbordet\GGs\tools\GGs.ErrorLogViewer\GGs.ErrorLogViewer_y3jq43vv_wpftmp.csproj] C:\Users\307824\OneDrive - V├ñster├Ñs Stad\Skrivbordet\GGs\tools\GGs.ErrorLogViewer\ViewModels\MainViewModel.cs(446,9): error CS0106: The modifier 'private' is not valid for this item [C:\Users\307824\OneDrive - V├ñster├Ñs Stad\Skrivbordet\GGs\tools\GGs.ErrorLogViewer\GGs.ErrorLogViewer_y3jq43vv_wpftmp.csproj] C:\Users\307824\OneDrive - V├ñster├Ñs Stad\Skrivbordet\GGs\tools\GGs.ErrorLogViewer\ViewModels\MainViewModel.cs(455,9): error CS0106: The modifier 'private' is not valid for this item [C:\Users\307824\OneDrive - V├ñster├Ñs Stad\Skrivbordet\GGs\tools\GGs.ErrorLogViewer\GGs.ErrorLogViewer_y3jq43vv_wpftmp.csproj] C:\Users\307824\OneDrive - V├ñster├Ñs Stad\Skrivbordet\GGs\tools\GGs.ErrorLogViewer\ViewModels\MainViewModel.cs(472,9): error CS0106: The modifier 'private' is not valid for this item [C:\Users\307824\OneDrive - V├ñster├Ñs Stad\Skrivbordet\GGs\tools\GGs.ErrorLogViewer\GGs.ErrorLogViewer_y3jq43vv_wpftmp.csproj] C:\Users\307824\OneDrive - V├ñster├Ñs Stad\Skrivbordet\GGs\tools\GGs.ErrorLogViewer\ViewModels\MainViewModel.cs(533,9): error CS0106: The modifier 'private' is not valid for this item [C:\Users\307824\OneDrive - V├ñster├Ñs Stad\Skrivbordet\GGs\tools\GGs.ErrorLogViewer\GGs.ErrorLogViewer_y3jq43vv_wpftmp.csproj] C:\Users\307824\OneDrive - V├ñster├Ñs Stad\Skrivbordet\GGs\tools\GGs.ErrorLogViewer\ViewModels\MainViewModel.cs(539,9): error CS0106: The modifier 'private' is not valid for this item [C:\Users\307824\OneDrive - V├ñster├Ñs Stad\Skrivbordet\GGs\tools\GGs.ErrorLogViewer\GGs.ErrorLogViewer_y3jq43vv_wpftmp.csproj] C:\Users\307824\OneDrive - V├ñster├Ñs Stad\Skrivbordet\GGs\tools\GGs.ErrorLogViewer\ViewModels\MainViewModel.cs(555,5): error CS1022: Type or namespace definition, or end-of-file expected [C:\Users\307824\OneDrive - V├ñster├Ñs Stad\Skrivbordet\GGs\tools\GGs.ErrorLogViewer\GGs.ErrorLogViewer_y3jq43vv_wpftmp.csproj] C:\Users\307824\OneDrive - V├ñster├Ñs Stad\Skrivbordet\GGs\tools\GGs.ErrorLogViewer\ViewModels\MainViewModel.cs(556,1): error CS1022: Type or namespace definition, or end-of-file expected [C:\Users\307824\OneDrive - V├ñster├Ñs Stad\Skrivbordet\GGs\tools\GGs.ErrorLogViewer\GGs.ErrorLogViewer_y3jq43vv_wpftmp.csproj]  Build FAILED.  C:\Users\307824\OneDrive - V├ñster├Ñs Stad\Skrivbordet\GGs\tools\GGs.ErrorLogViewer\GGs.ErrorLogViewer.csproj : warning NU1903: Package 'System.Text.Json' 8.0.0 has a known high severity vulnerability, https://github.com/advisories/GHSA-8g4q-xg66-9fp4 C:\Users\307824\OneDrive - V├ñster├Ñs Stad\Skrivbordet\GGs\tools\GGs.ErrorLogViewer\GGs.ErrorLogViewer.csproj : warning NU1903: Package 'System.Text.Json' 8.0.0 has a known high severity vulnerability, https://github.com/advisories/GHSA-hh2w-p6rv-4g7w C:\Users\307824\OneDrive - V├ñster├Ñs Stad\Skrivbordet\GGs\tools\GGs.ErrorLogViewer\GGs.ErrorLogViewer.csproj : warning NU1903: Package 'System.Text.Json' 8.0.0 has a known high severity vulnerability, https://github.com/advisories/GHSA-8g4q-xg66-9fp4 C:\Users\307824\OneDrive - V├ñster├Ñs Stad\Skrivbordet\GGs\tools\GGs.ErrorLogViewer\GGs.ErrorLogViewer.csproj : warning NU1903: Package 'System.Text.Json' 8.0.0 has a known high severity vulnerability, https://github.com/advisories/GHSA-hh2w-p6rv-4g7w C:\Users\307824\OneDrive - V├ñster├Ñs Stad\Skrivbordet\GGs\tools\GGs.ErrorLogViewer\GGs.ErrorLogViewer_y3jq43vv_wpftmp.csproj : warning NU1903: Package 'System.Text.Json' 8.0.0 has a known high severity vulnerability, https://github.com/advisories/GHSA-8g4q-xg66-9fp4 C:\Users\307824\OneDrive - V├ñster├Ñs Stad\Skrivbordet\GGs\tools\GGs.ErrorLogViewer\GGs.ErrorLogViewer_y3jq43vv_wpftmp.csproj : warning NU1903: Package 'System.Text.Json' 8.0.0 has a known high severity vulnerability, https://github.com/advisories/GHSA-hh2w-p6rv-4g7w C:\Users\307824\OneDrive - V├ñster├Ñs Stad\Skrivbordet\GGs\tools\GGs.ErrorLogViewer\ViewModels\MainViewModel.cs(86,1): error CS1519: Invalid token '{' in a member declaration [C:\Users\307824\OneDrive - V├ñster├Ñs Stad\Skrivbordet\GGs\tools\GGs.ErrorLogViewer\GGs.ErrorLogViewer_y3jq43vv_wpftmp.csproj] C:\Users\307824\OneDrive - V├ñster├Ñs Stad\Skrivbordet\GGs\tools\GGs.ErrorLogViewer\ViewModels\MainViewModel.cs(86,9): error CS1519: Invalid token '}' in a member declaration [C:\Users\307824\OneDrive - V├ñster├Ñs Stad\Skrivbordet\GGs\tools\GGs.ErrorLogViewer\GGs.ErrorLogViewer_y3jq43vv_wpftmp.csproj] C:\Users\307824\OneDrive - V├ñster├Ñs Stad\Skrivbordet\GGs\tools\GGs.ErrorLogViewer\ViewModels\MainViewModel.cs(98,40): error CS1031: Type expected [C:\Users\307824\OneDrive - V├ñster├Ñs Stad\Skrivbordet\GGs\tools\GGs.ErrorLogViewer\GGs.ErrorLogViewer_y3jq43vv_wpftmp.csproj] C:\Users\307824\OneDrive - V├ñster├Ñs Stad\Skrivbordet\GGs\tools\GGs.ErrorLogViewer\ViewModels\MainViewModel.cs(98,40): error CS1001: Identifier expected [C:\Users\307824\OneDrive - V├ñster├Ñs Stad\Skrivbordet\GGs\tools\GGs.ErrorLogViewer\GGs.ErrorLogViewer_y3jq43vv_wpftmp.csproj] C:\Users\307824\OneDrive - V├ñster├Ñs Stad\Skrivbordet\GGs\tools\GGs.ErrorLogViewer\ViewModels\MainViewModel.cs(98,40): error CS1026: ) expected [C:\Users\307824\OneDrive - V├ñster├Ñs Stad\Skrivbordet\GGs\tools\GGs.ErrorLogViewer\GGs.ErrorLogViewer_y3jq43vv_wpftmp.csproj] C:\Users\307824\OneDrive - V├ñster├Ñs Stad\Skrivbordet\GGs\tools\GGs.ErrorLogViewer\ViewModels\MainViewModel.cs(99,4): error CS8635: Unexpected character sequence '...' [C:\Users\307824\OneDrive - V├ñster├Ñs Stad\Skrivbordet\GGs\tools\GGs.ErrorLogViewer\GGs.ErrorLogViewer_y3jq43vv_wpftmp.csproj] C:\Users\307824\OneDrive - V├ñster├Ñs Stad\Skrivbordet\GGs\tools\GGs.ErrorLogViewer\ViewModels\MainViewModel.cs(99,8): error CS1002: ; expected [C:\Users\307824\OneDrive - V├ñster├Ñs Stad\Skrivbordet\GGs\tools\GGs.ErrorLogViewer\GGs.ErrorLogViewer_y3jq43vv_wpftmp.csproj] C:\Users\307824\OneDrive - V├ñster├Ñs Stad\Skrivbordet\GGs\tools\GGs.ErrorLogViewer\ViewModels\MainViewModel.cs(100,1): error CS1513: } expected [C:\Users\307824\OneDrive - V├ñster├Ñs Stad\Skrivbordet\GGs\tools\GGs.ErrorLogViewer\GGs.ErrorLogViewer_y3jq43vv_wpftmp.csproj] C:\Users\307824\OneDrive - V├ñster├Ñs Stad\Skrivbordet\GGs\tools\GGs.ErrorLogViewer\ViewModels\MainViewModel.cs(100,13): error CS0116: A namespace cannot directly contain members such as fields, methods or statements [C:\Users\307824\OneDrive - V├ñster├Ñs Stad\Skrivbordet\GGs\tools\GGs.ErrorLogViewer\GGs.ErrorLogViewer_y3jq43vv_wpftmp.csproj] C:\Users\307824\OneDrive - V├ñster├Ñs Stad\Skrivbordet\GGs\tools\GGs.ErrorLogViewer\ViewModels\MainViewModel.cs(100,37): error CS1022: Type or namespace definition, or end-of-file expected [C:\Users\307824\OneDrive - V├ñster├Ñs Stad\Skrivbordet\GGs\tools\GGs.ErrorLogViewer\GGs.ErrorLogViewer_y3jq43vv_wpftmp.csproj] C:\Users\307824\OneDrive - V├ñster├Ñs Stad\Skrivbordet\GGs\tools\GGs.ErrorLogViewer\ViewModels\MainViewModel.cs(100,72): error CS1001: Identifier expected [C:\Users\307824\OneDrive - V├ñster├Ñs Stad\Skrivbordet\GGs\tools\GGs.ErrorLogViewer\GGs.ErrorLogViewer_y3jq43vv_wpftmp.csproj] C:\Users\307824\OneDrive - V├ñster├Ñs Stad\Skrivbordet\GGs\tools\GGs.ErrorLogViewer\ViewModels\MainViewModel.cs(101,13): error CS0116: A namespace cannot directly contain members such as fields, methods or statements [C:\Users\307824\OneDrive - V├ñster├Ñs Stad\Skrivbordet\GGs\tools\GGs.ErrorLogViewer\GGs.ErrorLogViewer_y3jq43vv_wpftmp.csproj] C:\Users\307824\OneDrive - V├ñster├Ñs Stad\Skrivbordet\GGs\tools\GGs.ErrorLogViewer\ViewModels\MainViewModel.cs(101,33): error CS1022: Type or namespace definition, or end-of-file expected [C:\Users\307824\OneDrive - V├ñster├Ñs Stad\Skrivbordet\GGs\tools\GGs.ErrorLogViewer\GGs.ErrorLogViewer_y3jq43vv_wpftmp.csproj] C:\Users\307824\OneDrive - V├ñster├Ñs Stad\Skrivbordet\GGs\tools\GGs.ErrorLogViewer\ViewModels\MainViewModel.cs(101,64): error CS1001: Identifier expected [C:\Users\307824\OneDrive - V├ñster├Ñs Stad\Skrivbordet\GGs\tools\GGs.ErrorLogViewer\GGs.ErrorLogViewer_y3jq43vv_wpftmp.csproj] C:\Users\307824\OneDrive - V├ñster├Ñs Stad\Skrivbordet\GGs\tools\GGs.ErrorLogViewer\ViewModels\MainViewModel.cs(103,13): error CS0116: A namespace cannot directly contain members such as fields, methods or statements [C:\Users\307824\OneDrive - V├ñster├Ñs Stad\Skrivbordet\GGs\tools\GGs.ErrorLogViewer\GGs.ErrorLogViewer_y3jq43vv_wpftmp.csproj] C:\Users\307824\OneDrive - V├ñster├Ñs Stad\Skrivbordet\GGs\tools\GGs.ErrorLogViewer\ViewModels\MainViewModel.cs(103,28): error CS1022: Type or namespace definition, or end-of-file expected [C:\Users\307824\OneDrive - V├ñster├Ñs Stad\Skrivbordet\GGs\tools\GGs.ErrorLogViewer\GGs.ErrorLogViewer_y3jq43vv_wpftmp.csproj] C:\Users\307824\OneDrive - V├ñster├Ñs Stad\Skrivbordet\GGs\tools\GGs.ErrorLogViewer\ViewModels\MainViewModel.cs(103,54): error CS1001: Identifier expected [C:\Users\307824\OneDrive - V├ñster├Ñs Stad\Skrivbordet\GGs\tools\GGs.ErrorLogViewer\GGs.ErrorLogViewer_y3jq43vv_wpftmp.csproj] C:\Users\307824\OneDrive - V├ñster├Ñs Stad\Skrivbordet\GGs\tools\GGs.ErrorLogViewer\ViewModels\MainViewModel.cs(103,57): error CS8124: Tuple must contain at least two elements. [C:\Users\307824\OneDrive - V├ñster├Ñs Stad\Skrivbordet\GGs\tools\GGs.ErrorLogViewer\GGs.ErrorLogViewer_y3jq43vv_wpftmp.csproj] C:\Users\307824\OneDrive - V├ñster├Ñs Stad\Skrivbordet\GGs\tools\GGs.ErrorLogViewer\ViewModels\MainViewModel.cs(103,59): error CS1001: Identifier expected [C:\Users\307824\OneDrive - V├ñster├Ñs Stad\Skrivbordet\GGs\tools\GGs.ErrorLogViewer\GGs.ErrorLogViewer_y3jq43vv_wpftmp.csproj] C:\Users\307824\OneDrive - V├ñster├Ñs Stad\Skrivbordet\GGs\tools\GGs.ErrorLogViewer\ViewModels\MainViewModel.cs(103,59): error CS1003: Syntax error, ',' expected [C:\Users\307824\OneDrive - V├ñster├Ñs Stad\Skrivbordet\GGs\tools\GGs.ErrorLogViewer\GGs.ErrorLogViewer_y3jq43vv_wpftmp.csproj] C:\Users\307824\OneDrive - V├ñster├Ñs Stad\Skrivbordet\GGs\tools\GGs.ErrorLogViewer\ViewModels\MainViewModel.cs(103,62): error CS1003: Syntax error, ',' expected [C:\Users\307824\OneDrive - V├ñster├Ñs Stad\Skrivbordet\GGs\tools\GGs.ErrorLogViewer\GGs.ErrorLogViewer_y3jq43vv_wpftmp.csproj] C:\Users\307824\OneDrive - V├ñster├Ñs Stad\Skrivbordet\GGs\tools\GGs.ErrorLogViewer\ViewModels\MainViewModel.cs(103,79): error CS1001: Identifier expected [C:\Users\307824\OneDrive - V├ñster├Ñs Stad\Skrivbordet\GGs\tools\GGs.ErrorLogViewer\GGs.ErrorLogViewer_y3jq43vv_wpftmp.csproj] C:\Users\307824\OneDrive - V├ñster├Ñs Stad\Skrivbordet\GGs\tools\GGs.ErrorLogViewer\ViewModels\MainViewModel.cs(103,79): error CS1003: Syntax error, ',' expected [C:\Users\307824\OneDrive - V├ñster├Ñs Stad\Skrivbordet\GGs\tools\GGs.ErrorLogViewer\GGs.ErrorLogViewer_y3jq43vv_wpftmp.csproj] C:\Users\307824\OneDrive - V├ñster├Ñs Stad\Skrivbordet\GGs\tools\GGs.ErrorLogViewer\ViewModels\MainViewModel.cs(104,13): error CS0116: A namespace cannot directly contain members such as fields, methods or statements [C:\Users\307824\OneDrive - V├ñster├Ñs Stad\Skrivbordet\GGs\tools\GGs.ErrorLogViewer\GGs.ErrorLogViewer_y3jq43vv_wpftmp.csproj] C:\Users\307824\OneDrive - V├ñster├Ñs Stad\Skrivbordet\GGs\tools\GGs.ErrorLogViewer\ViewModels\MainViewModel.cs(104,32): error CS1022: Type or namespace definition, or end-of-file expected [C:\Users\307824\OneDrive - V├ñster├Ñs Stad\Skrivbordet\GGs\tools\GGs.ErrorLogViewer\GGs.ErrorLogViewer_y3jq43vv_wpftmp.csproj] C:\Users\307824\OneDrive - V├ñster├Ñs Stad\Skrivbordet\GGs\tools\GGs.ErrorLogViewer\ViewModels\MainViewModel.cs(104,62): error CS1001: Identifier expected [C:\Users\307824\OneDrive - V├ñster├Ñs Stad\Skrivbordet\GGs\tools\GGs.ErrorLogViewer\GGs.ErrorLogViewer_y3jq43vv_wpftmp.csproj] C:\Users\307824\OneDrive - V├ñster├Ñs Stad\Skrivbordet\GGs\tools\GGs.ErrorLogViewer\ViewModels\MainViewModel.cs(104,65): error CS8124: Tuple must contain at least two elements. [C:\Users\307824\OneDrive - V├ñster├Ñs Stad\Skrivbordet\GGs\tools\GGs.ErrorLogViewer\GGs.ErrorLogViewer_y3jq43vv_wpftmp.csproj] C:\Users\307824\OneDrive - V├ñster├Ñs Stad\Skrivbordet\GGs\tools\GGs.ErrorLogViewer\ViewModels\MainViewModel.cs(104,67): error CS1001: Identifier expected [C:\Users\307824\OneDrive - V├ñster├Ñs Stad\Skrivbordet\GGs\tools\GGs.ErrorLogViewer\GGs.ErrorLogViewer_y3jq43vv_wpftmp.csproj] C:\Users\307824\OneDrive - V├ñster├Ñs Stad\Skrivbordet\GGs\tools\GGs.ErrorLogViewer\ViewModels\MainViewModel.cs(104,67): error CS1003: Syntax error, ',' expected [C:\Users\307824\OneDrive - V├ñster├Ñs Stad\Skrivbordet\GGs\tools\GGs.ErrorLogViewer\GGs.ErrorLogViewer_y3jq43vv_wpftmp.csproj] C:\Users\307824\OneDrive - V├ñster├Ñs Stad\Skrivbordet\GGs\tools\GGs.ErrorLogViewer\ViewModels\MainViewModel.cs(104,70): error CS1003: Syntax error, ',' expected [C:\Users\307824\OneDrive - V├ñster├Ñs Stad\Skrivbordet\GGs\tools\GGs.ErrorLogViewer\GGs.ErrorLogViewer_y3jq43vv_wpftmp.csproj] C:\Users\307824\OneDrive - V├ñster├Ñs Stad\Skrivbordet\GGs\tools\GGs.ErrorLogViewer\ViewModels\MainViewModel.cs(104,87): error CS1001: Identifier expected [C:\Users\307824\OneDrive - V├ñster├Ñs Stad\Skrivbordet\GGs\tools\GGs.ErrorLogViewer\GGs.ErrorLogViewer_y3jq43vv_wpftmp.csproj] C:\Users\307824\OneDrive - V├ñster├Ñs Stad\Skrivbordet\GGs\tools\GGs.ErrorLogViewer\ViewModels\MainViewModel.cs(104,87): error CS1003: Syntax error, ',' expected [C:\Users\307824\OneDrive - V├ñster├Ñs Stad\Skrivbordet\GGs\tools\GGs.ErrorLogViewer\GGs.ErrorLogViewer_y3jq43vv_wpftmp.csproj] C:\Users\307824\OneDrive - V├ñster├Ñs Stad\Skrivbordet\GGs\tools\GGs.ErrorLogViewer\ViewModels\MainViewModel.cs(105,13): error CS0116: A namespace cannot directly contain members such as fields, methods or statements [C:\Users\307824\OneDrive - V├ñster├Ñs Stad\Skrivbordet\GGs\tools\GGs.ErrorLogViewer\GGs.ErrorLogViewer_y3jq43vv_wpftmp.csproj] C:\Users\307824\OneDrive - V├ñster├Ñs Stad\Skrivbordet\GGs\tools\GGs.ErrorLogViewer\ViewModels\MainViewModel.cs(105,32): error CS1022: Type or namespace definition, or end-of-file expected [C:\Users\307824\OneDrive - V├ñster├Ñs Stad\Skrivbordet\GGs\tools\GGs.ErrorLogViewer\GGs.ErrorLogViewer_y3jq43vv_wpftmp.csproj] C:\Users\307824\OneDrive - V├ñster├Ñs Stad\Skrivbordet\GGs\tools\GGs.ErrorLogViewer\ViewModels\MainViewModel.cs(105,62): error CS1001: Identifier expected [C:\Users\307824\OneDrive - V├ñster├Ñs Stad\Skrivbordet\GGs\tools\GGs.ErrorLogViewer\GGs.ErrorLogViewer_y3jq43vv_wpftmp.csproj] C:\Users\307824\OneDrive - V├ñster├Ñs Stad\Skrivbordet\GGs\tools\GGs.ErrorLogViewer\ViewModels\MainViewModel.cs(105,65): error CS8124: Tuple must contain at least two elements. [C:\Users\307824\OneDrive - V├ñster├Ñs Stad\Skrivbordet\GGs\tools\GGs.ErrorLogViewer\GGs.ErrorLogViewer_y3jq43vv_wpftmp.csproj] C:\Users\307824\OneDrive - V├ñster├Ñs Stad\Skrivbordet\GGs\tools\GGs.ErrorLogViewer\ViewModels\MainViewModel.cs(105,67): error CS1001: Identifier expected [C:\Users\307824\OneDrive - V├ñster├Ñs Stad\Skrivbordet\GGs\tools\GGs.ErrorLogViewer\GGs.ErrorLogViewer_y3jq43vv_wpftmp.csproj] C:\Users\307824\OneDrive - V├ñster├Ñs Stad\Skrivbordet\GGs\tools\GGs.ErrorLogViewer\ViewModels\MainViewModel.cs(105,67): error CS1003: Syntax error, ',' expected [C:\Users\307824\OneDrive - V├ñster├Ñs Stad\Skrivbordet\GGs\tools\GGs.ErrorLogViewer\GGs.ErrorLogViewer_y3jq43vv_wpftmp.csproj] C:\Users\307824\OneDrive - V├ñster├Ñs Stad\Skrivbordet\GGs\tools\GGs.ErrorLogViewer\ViewModels\MainViewModel.cs(105,70): error CS1003: Syntax error, ',' expected [C:\Users\307824\OneDrive - V├ñster├Ñs Stad\Skrivbordet\GGs\tools\GGs.ErrorLogViewer\GGs.ErrorLogViewer_y3jq43vv_wpftmp.csproj] C:\Users\307824\OneDrive - V├ñster├Ñs Stad\Skrivbordet\GGs\tools\GGs.ErrorLogViewer\ViewModels\MainViewModel.cs(105,87): error CS1001: Identifier expected [C:\Users\307824\OneDrive - V├ñster├Ñs Stad\Skrivbordet\GGs\tools\GGs.ErrorLogViewer\GGs.ErrorLogViewer_y3jq43vv_wpftmp.csproj] C:\Users\307824\OneDrive - V├ñster├Ñs Stad\Skrivbordet\GGs\tools\GGs.ErrorLogViewer\ViewModels\MainViewModel.cs(105,87): error CS1003: Syntax error, ',' expected [C:\Users\307824\OneDrive - V├ñster├Ñs Stad\Skrivbordet\GGs\tools\GGs.ErrorLogViewer\GGs.ErrorLogViewer_y3jq43vv_wpftmp.csproj] C:\Users\307824\OneDrive - V├ñster├Ñs Stad\Skrivbordet\GGs\tools\GGs.ErrorLogViewer\ViewModels\MainViewModel.cs(106,13): error CS0116: A namespace cannot directly contain members such as fields, methods or statements [C:\Users\307824\OneDrive - V├ñster├Ñs Stad\Skrivbordet\GGs\tools\GGs.ErrorLogViewer\GGs.ErrorLogViewer_y3jq43vv_wpftmp.csproj] C:\Users\307824\OneDrive - V├ñster├Ñs Stad\Skrivbordet\GGs\tools\GGs.ErrorLogViewer\ViewModels\MainViewModel.cs(106,38): error CS1022: Type or namespace definition, or end-of-file expected [C:\Users\307824\OneDrive - V├ñster├Ñs Stad\Skrivbordet\GGs\tools\GGs.ErrorLogViewer\GGs.ErrorLogViewer_y3jq43vv_wpftmp.csproj] C:\Users\307824\OneDrive - V├ñster├Ñs Stad\Skrivbordet\GGs\tools\GGs.ErrorLogViewer\ViewModels\MainViewModel.cs(106,58): error CS8124: Tuple must contain at least two elements. [C:\Users\307824\OneDrive - V├ñster├Ñs Stad\Skrivbordet\GGs\tools\GGs.ErrorLogViewer\GGs.ErrorLogViewer_y3jq43vv_wpftmp.csproj] C:\Users\307824\OneDrive - V├ñster├Ñs Stad\Skrivbordet\GGs\tools\GGs.ErrorLogViewer\ViewModels\MainViewModel.cs(106,60): error CS1001: Identifier expected [C:\Users\307824\OneDrive - V├ñster├Ñs Stad\Skrivbordet\GGs\tools\GGs.ErrorLogViewer\GGs.ErrorLogViewer_y3jq43vv_wpftmp.csproj] C:\Users\307824\OneDrive - V├ñster├Ñs Stad\Skrivbordet\GGs\tools\GGs.ErrorLogViewer\ViewModels\MainViewModel.cs(106,60): error CS1003: Syntax error, ',' expected [C:\Users\307824\OneDrive - V├ñster├Ñs Stad\Skrivbordet\GGs\tools\GGs.ErrorLogViewer\GGs.ErrorLogViewer_y3jq43vv_wpftmp.csproj] C:\Users\307824\OneDrive - V├ñster├Ñs Stad\Skrivbordet\GGs\tools\GGs.ErrorLogViewer\ViewModels\MainViewModel.cs(106,63): error CS1003: Syntax error, ',' expected [C:\Users\307824\OneDrive - V├ñster├Ñs Stad\Skrivbordet\GGs\tools\GGs.ErrorLogViewer\GGs.ErrorLogViewer_y3jq43vv_wpftmp.csproj] C:\Users\307824\OneDrive - V├ñster├Ñs Stad\Skrivbordet\GGs\tools\GGs.ErrorLogViewer\ViewModels\MainViewModel.cs(106,84): error CS1001: Identifier expected [C:\Users\307824\OneDrive - V├ñster├Ñs Stad\Skrivbordet\GGs\tools\GGs.ErrorLogViewer\GGs.ErrorLogViewer_y3jq43vv_wpftmp.csproj] C:\Users\307824\OneDrive - V├ñster├Ñs Stad\Skrivbordet\GGs\tools\GGs.ErrorLogViewer\ViewModels\MainViewModel.cs(109,35): error CS0116: A namespace cannot directly contain members such as fields, methods or statements [C:\Users\307824\OneDrive - V├ñster├Ñs Stad\Skrivbordet\GGs\tools\GGs.ErrorLogViewer\GGs.ErrorLogViewer_y3jq43vv_wpftmp.csproj] C:\Users\307824\OneDrive - V├ñster├Ñs Stad\Skrivbordet\GGs\tools\GGs.ErrorLogViewer\ViewModels\MainViewModel.cs(109,49): error CS1022: Type or namespace definition, or end-of-file expected [C:\Users\307824\OneDrive - V├ñster├Ñs Stad\Skrivbordet\GGs\tools\GGs.ErrorLogViewer\GGs.ErrorLogViewer_y3jq43vv_wpftmp.csproj] C:\Users\307824\OneDrive - V├ñster├Ñs Stad\Skrivbordet\GGs\tools\GGs.ErrorLogViewer\ViewModels\MainViewModel.cs(109,52): error CS0116: A namespace cannot directly contain members such as fields, methods or statements [C:\Users\307824\OneDrive - V├ñster├Ñs Stad\Skrivbordet\GGs\tools\GGs.ErrorLogViewer\GGs.ErrorLogViewer_y3jq43vv_wpftmp.csproj] C:\Users\307824\OneDrive - V├ñster├Ñs Stad\Skrivbordet\GGs\tools\GGs.ErrorLogViewer\ViewModels\MainViewModel.cs(109,67): error CS1022: Type or namespace definition, or end-of-file expected [C:\Users\307824\OneDrive - V├ñster├Ñs Stad\Skrivbordet\GGs\tools\GGs.ErrorLogViewer\GGs.ErrorLogViewer_y3jq43vv_wpftmp.csproj] C:\Users\307824\OneDrive - V├ñster├Ñs Stad\Skrivbordet\GGs\tools\GGs.ErrorLogViewer\ViewModels\MainViewModel.cs(110,35): error CS0116: A namespace cannot directly contain members such as fields, methods or statements [C:\Users\307824\OneDrive - V├ñster├Ñs Stad\Skrivbordet\GGs\tools\GGs.ErrorLogViewer\GGs.ErrorLogViewer_y3jq43vv_wpftmp.csproj] C:\Users\307824\OneDrive - V├ñster├Ñs Stad\Skrivbordet\GGs\tools\GGs.ErrorLogViewer\ViewModels\MainViewModel.cs(110,51): error CS1022: Type or namespace definition, or end-of-file expected [C:\Users\307824\OneDrive - V├ñster├Ñs Stad\Skrivbordet\GGs\tools\GGs.ErrorLogViewer\GGs.ErrorLogViewer_y3jq43vv_wpftmp.csproj] C:\Users\307824\OneDrive - V├ñster├Ñs Stad\Skrivbordet\GGs\tools\GGs.ErrorLogViewer\ViewModels\MainViewModel.cs(110,54): error CS0116: A namespace cannot directly contain members such as fields, methods or statements [C:\Users\307824\OneDrive - V├ñster├Ñs Stad\Skrivbordet\GGs\tools\GGs.ErrorLogViewer\GGs.ErrorLogViewer_y3jq43vv_wpftmp.csproj] C:\Users\307824\OneDrive - V├ñster├Ñs Stad\Skrivbordet\GGs\tools\GGs.ErrorLogViewer\ViewModels\MainViewModel.cs(110,71): error CS1022: Type or namespace definition, or end-of-file expected [C:\Users\307824\OneDrive - V├ñster├Ñs Stad\Skrivbordet\GGs\tools\GGs.ErrorLogViewer\GGs.ErrorLogViewer_y3jq43vv_wpftmp.csproj] C:\Users\307824\OneDrive - V├ñster├Ñs Stad\Skrivbordet\GGs\tools\GGs.ErrorLogViewer\ViewModels\MainViewModel.cs(111,35): error CS0116: A namespace cannot directly contain members such as fields, methods or statements [C:\Users\307824\OneDrive - V├ñster├Ñs Stad\Skrivbordet\GGs\tools\GGs.ErrorLogViewer\GGs.ErrorLogViewer_y3jq43vv_wpftmp.csproj] C:\Users\307824\OneDrive - V├ñster├Ñs Stad\Skrivbordet\GGs\tools\GGs.ErrorLogViewer\ViewModels\MainViewModel.cs(111,47): error CS1022: Type or namespace definition, or end-of-file expected [C:\Users\307824\OneDrive - V├ñster├Ñs Stad\Skrivbordet\GGs\tools\GGs.ErrorLogViewer\GGs.ErrorLogViewer_y3jq43vv_wpftmp.csproj] C:\Users\307824\OneDrive - V├ñster├Ñs Stad\Skrivbordet\GGs\tools\GGs.ErrorLogViewer\ViewModels\MainViewModel.cs(111,50): error CS0116: A namespace cannot directly contain members such as fields, methods or statements [C:\Users\307824\OneDrive - V├ñster├Ñs Stad\Skrivbordet\GGs\tools\GGs.ErrorLogViewer\GGs.ErrorLogViewer_y3jq43vv_wpftmp.csproj] C:\Users\307824\OneDrive - V├ñster├Ñs Stad\Skrivbordet\GGs\tools\GGs.ErrorLogViewer\ViewModels\MainViewModel.cs(111,63): error CS1022: Type or namespace definition, or end-of-file expected [C:\Users\307824\OneDrive - V├ñster├Ñs Stad\Skrivbordet\GGs\tools\GGs.ErrorLogViewer\GGs.ErrorLogViewer_y3jq43vv_wpftmp.csproj] C:\Users\307824\OneDrive - V├ñster├Ñs Stad\Skrivbordet\GGs\tools\GGs.ErrorLogViewer\ViewModels\MainViewModel.cs(114,17): error CS8803: Top-level statements must precede namespace and type declarations. [C:\Users\307824\OneDrive - V├ñster├Ñs Stad\Skrivbordet\GGs\tools\GGs.ErrorLogViewer\GGs.ErrorLogViewer_y3jq43vv_wpftmp.csproj] C:\Users\307824\OneDrive - V├ñster├Ñs Stad\Skrivbordet\GGs\tools\GGs.ErrorLogViewer\ViewModels\MainViewModel.cs(115,13): error CS1022: Type or namespace definition, or end-of-file expected [C:\Users\307824\OneDrive - V├ñster├Ñs Stad\Skrivbordet\GGs\tools\GGs.ErrorLogViewer\GGs.ErrorLogViewer_y3jq43vv_wpftmp.csproj] C:\Users\307824\OneDrive - V├ñster├Ñs Stad\Skrivbordet\GGs\tools\GGs.ErrorLogViewer\ViewModels\MainViewModel.cs(116,9): error CS1022: Type or namespace definition, or end-of-file expected [C:\Users\307824\OneDrive - V├ñster├Ñs Stad\Skrivbordet\GGs\tools\GGs.ErrorLogViewer\GGs.ErrorLogViewer_y3jq43vv_wpftmp.csproj] C:\Users\307824\OneDrive - V├ñster├Ñs Stad\Skrivbordet\GGs\tools\GGs.ErrorLogViewer\ViewModels\MainViewModel.cs(118,9): error CS0106: The modifier 'private' is not valid for this item [C:\Users\307824\OneDrive - V├ñster├Ñs Stad\Skrivbordet\GGs\tools\GGs.ErrorLogViewer\GGs.ErrorLogViewer_y3jq43vv_wpftmp.csproj] C:\Users\307824\OneDrive - V├ñster├Ñs Stad\Skrivbordet\GGs\tools\GGs.ErrorLogViewer\ViewModels\MainViewModel.cs(217,9): error CS0106: The modifier 'private' is not valid for this item [C:\Users\307824\OneDrive - V├ñster├Ñs Stad\Skrivbordet\GGs\tools\GGs.ErrorLogViewer\GGs.ErrorLogViewer_y3jq43vv_wpftmp.csproj] C:\Users\307824\OneDrive - V├ñster├Ñs Stad\Skrivbordet\GGs\tools\GGs.ErrorLogViewer\ViewModels\MainViewModel.cs(230,9): error CS0106: The modifier 'private' is not valid for this item [C:\Users\307824\OneDrive - V├ñster├Ñs Stad\Skrivbordet\GGs\tools\GGs.ErrorLogViewer\GGs.ErrorLogViewer_y3jq43vv_wpftmp.csproj] C:\Users\307824\OneDrive - V├ñster├Ñs Stad\Skrivbordet\GGs\tools\GGs.ErrorLogViewer\ViewModels\MainViewModel.cs(237,9): error CS0106: The modifier 'private' is not valid for this item [C:\Users\307824\OneDrive - V├ñster├Ñs Stad\Skrivbordet\GGs\tools\GGs.ErrorLogViewer\GGs.ErrorLogViewer_y3jq43vv_wpftmp.csproj] C:\Users\307824\OneDrive - V├ñster├Ñs Stad\Skrivbordet\GGs\tools\GGs.ErrorLogViewer\ViewModels\MainViewModel.cs(261,9): error CS0106: The modifier 'private' is not valid for this item [C:\Users\307824\OneDrive - V├ñster├Ñs Stad\Skrivbordet\GGs\tools\GGs.ErrorLogViewer\GGs.ErrorLogViewer_y3jq43vv_wpftmp.csproj] C:\Users\307824\OneDrive - V├ñster├Ñs Stad\Skrivbordet\GGs\tools\GGs.ErrorLogViewer\ViewModels\MainViewModel.cs(279,9): error CS0106: The modifier 'private' is not valid for this item [C:\Users\307824\OneDrive - V├ñster├Ñs Stad\Skrivbordet\GGs\tools\GGs.ErrorLogViewer\GGs.ErrorLogViewer_y3jq43vv_wpftmp.csproj] C:\Users\307824\OneDrive - V├ñster├Ñs Stad\Skrivbordet\GGs\tools\GGs.ErrorLogViewer\ViewModels\MainViewModel.cs(293,9): error CS0106: The modifier 'private' is not valid for this item [C:\Users\307824\OneDrive - V├ñster├Ñs Stad\Skrivbordet\GGs\tools\GGs.ErrorLogViewer\GGs.ErrorLogViewer_y3jq43vv_wpftmp.csproj] C:\Users\307824\OneDrive - V├ñster├Ñs Stad\Skrivbordet\GGs\tools\GGs.ErrorLogViewer\ViewModels\MainViewModel.cs(307,9): error CS0106: The modifier 'private' is not valid for this item [C:\Users\307824\OneDrive - V├ñster├Ñs Stad\Skrivbordet\GGs\tools\GGs.ErrorLogViewer\GGs.ErrorLogViewer_y3jq43vv_wpftmp.csproj] C:\Users\307824\OneDrive - V├ñster├Ñs Stad\Skrivbordet\GGs\tools\GGs.ErrorLogViewer\ViewModels\MainViewModel.cs(328,9): error CS0106: The modifier 'private' is not valid for this item [C:\Users\307824\OneDrive - V├ñster├Ñs Stad\Skrivbordet\GGs\tools\GGs.ErrorLogViewer\GGs.ErrorLogViewer_y3jq43vv_wpftmp.csproj] C:\Users\307824\OneDrive - V├ñster├Ñs Stad\Skrivbordet\GGs\tools\GGs.ErrorLogViewer\ViewModels\MainViewModel.cs(352,9): error CS0106: The modifier 'private' is not valid for this item [C:\Users\307824\OneDrive - V├ñster├Ñs Stad\Skrivbordet\GGs\tools\GGs.ErrorLogViewer\GGs.ErrorLogViewer_y3jq43vv_wpftmp.csproj] C:\Users\307824\OneDrive - V├ñster├Ñs Stad\Skrivbordet\GGs\tools\GGs.ErrorLogViewer\ViewModels\MainViewModel.cs(378,9): error CS0106: The modifier 'private' is not valid for this item [C:\Users\307824\OneDrive - V├ñster├Ñs Stad\Skrivbordet\GGs\tools\GGs.ErrorLogViewer\GGs.ErrorLogViewer_y3jq43vv_wpftmp.csproj] C:\Users\307824\OneDrive - V├ñster├Ñs Stad\Skrivbordet\GGs\tools\GGs.ErrorLogViewer\ViewModels\MainViewModel.cs(408,9): error CS0106: The modifier 'private' is not valid for this item [C:\Users\307824\OneDrive - V├ñster├Ñs Stad\Skrivbordet\GGs\tools\GGs.ErrorLogViewer\GGs.ErrorLogViewer_y3jq43vv_wpftmp.csproj] C:\Users\307824\OneDrive - V├ñster├Ñs Stad\Skrivbordet\GGs\tools\GGs.ErrorLogViewer\ViewModels\MainViewModel.cs(446,9): error CS0106: The modifier 'private' is not valid for this item [C:\Users\307824\OneDrive - V├ñster├Ñs Stad\Skrivbordet\GGs\tools\GGs.ErrorLogViewer\GGs.ErrorLogViewer_y3jq43vv_wpftmp.csproj] C:\Users\307824\OneDrive - V├ñster├Ñs Stad\Skrivbordet\GGs\tools\GGs.ErrorLogViewer\ViewModels\MainViewModel.cs(455,9): error CS0106: The modifier 'private' is not valid for this item [C:\Users\307824\OneDrive - V├ñster├Ñs Stad\Skrivbordet\GGs\tools\GGs.ErrorLogViewer\GGs.ErrorLogViewer_y3jq43vv_wpftmp.csproj] C:\Users\307824\OneDrive - V├ñster├Ñs Stad\Skrivbordet\GGs\tools\GGs.ErrorLogViewer\ViewModels\MainViewModel.cs(472,9): error CS0106: The modifier 'private' is not valid for this item [C:\Users\307824\OneDrive - V├ñster├Ñs Stad\Skrivbordet\GGs\tools\GGs.ErrorLogViewer\GGs.ErrorLogViewer_y3jq43vv_wpftmp.csproj] C:\Users\307824\OneDrive - V├ñster├Ñs Stad\Skrivbordet\GGs\tools\GGs.ErrorLogViewer\ViewModels\MainViewModel.cs(533,9): error CS0106: The modifier 'private' is not valid for this item [C:\Users\307824\OneDrive - V├ñster├Ñs Stad\Skrivbordet\GGs\tools\GGs.ErrorLogViewer\GGs.ErrorLogViewer_y3jq43vv_wpftmp.csproj] C:\Users\307824\OneDrive - V├ñster├Ñs Stad\Skrivbordet\GGs\tools\GGs.ErrorLogViewer\ViewModels\MainViewModel.cs(539,9): error CS0106: The modifier 'private' is not valid for this item [C:\Users\307824\OneDrive - V├ñster├Ñs Stad\Skrivbordet\GGs\tools\GGs.ErrorLogViewer\GGs.ErrorLogViewer_y3jq43vv_wpftmp.csproj] C:\Users\307824\OneDrive - V├ñster├Ñs Stad\Skrivbordet\GGs\tools\GGs.ErrorLogViewer\ViewModels\MainViewModel.cs(555,5): error CS1022: Type or namespace definition, or end-of-file expected [C:\Users\307824\OneDrive - V├ñster├Ñs Stad\Skrivbordet\GGs\tools\GGs.ErrorLogViewer\GGs.ErrorLogViewer_y3jq43vv_wpftmp.csproj] C:\Users\307824\OneDrive - V├ñster├Ñs Stad\Skrivbordet\GGs\tools\GGs.ErrorLogViewer\ViewModels\MainViewModel.cs(556,1): error CS1022: Type or namespace definition, or end-of-file expected [C:\Users\307824\OneDrive - V├ñster├Ñs Stad\Skrivbordet\GGs\tools\GGs.ErrorLogViewer\GGs.ErrorLogViewer_y3jq43vv_wpftmp.csproj]     6 Warning(s)     82 Error(s)  Time Elapsed 00:00:03.47
[2025-10-01 14:11:01.924] [Error] Launcher failed: One or more builds failed. Check log for details.
[2025-10-01 14:11:01.965] [Debug] Stack Trace: at Build-Applications, C:\Users\307824\OneDrive - Västerås Stad\Skrivbordet\GGs\GGsLauncher.ps1: line 243
at <ScriptBlock>, C:\Users\307824\OneDrive - Västerås Stad\Skrivbordet\GGs\GGsLauncher.ps1: line 467
[2025-10-01 14:21:56.037] [Info] Launcher started with configuration: Release
[2025-10-01 14:21:56.170] [Debug] Checking .NET SDK...
[2025-10-01 14:21:56.445] [Success] .NET SDK found: v9.0.305
[2025-10-01 14:21:56.477] [Success] Solution file found: GGs.sln
[2025-10-01 14:21:56.508] [Success] GGs.Desktop project found
[2025-10-01 14:21:56.516] [Success] ErrorLogViewer project found
[2025-10-01 14:21:56.542] [Info] Building GGs.Desktop (Release)...
[2025-10-01 14:22:00.109] [Success] GGs.Desktop built successfully
[2025-10-01 14:22:00.115] [Info] Building ErrorLogViewer (Release)...
[2025-10-01 14:22:03.827] [Error] ErrorLogViewer build failed with exit code 1
[2025-10-01 14:22:03.861] [Debug] Build output:   Determining projects to restore... C:\Users\307824\OneDrive - V├ñster├Ñs Stad\Skrivbordet\GGs\tools\GGs.ErrorLogViewer\GGs.ErrorLogViewer.csproj : warning NU1903: Package 'System.Text.Json' 8.0.0 has a known high severity vulnerability, https://github.com/advisories/GHSA-8g4q-xg66-9fp4 C:\Users\307824\OneDrive - V├ñster├Ñs Stad\Skrivbordet\GGs\tools\GGs.ErrorLogViewer\GGs.ErrorLogViewer.csproj : warning NU1903: Package 'System.Text.Json' 8.0.0 has a known high severity vulnerability, https://github.com/advisories/GHSA-hh2w-p6rv-4g7w   All projects are up-to-date for restore. C:\Users\307824\OneDrive - V├ñster├Ñs Stad\Skrivbordet\GGs\tools\GGs.ErrorLogViewer\GGs.ErrorLogViewer.csproj : warning NU1903: Package 'System.Text.Json' 8.0.0 has a known high severity vulnerability, https://github.com/advisories/GHSA-8g4q-xg66-9fp4 C:\Users\307824\OneDrive - V├ñster├Ñs Stad\Skrivbordet\GGs\tools\GGs.ErrorLogViewer\GGs.ErrorLogViewer.csproj : warning NU1903: Package 'System.Text.Json' 8.0.0 has a known high severity vulnerability, https://github.com/advisories/GHSA-hh2w-p6rv-4g7w C:\Users\307824\OneDrive - V├ñster├Ñs Stad\Skrivbordet\GGs\tools\GGs.ErrorLogViewer\GGs.ErrorLogViewer_jd1reqtq_wpftmp.csproj : warning NU1903: Package 'System.Text.Json' 8.0.0 has a known high severity vulnerability, https://github.com/advisories/GHSA-8g4q-xg66-9fp4 C:\Users\307824\OneDrive - V├ñster├Ñs Stad\Skrivbordet\GGs\tools\GGs.ErrorLogViewer\GGs.ErrorLogViewer_jd1reqtq_wpftmp.csproj : warning NU1903: Package 'System.Text.Json' 8.0.0 has a known high severity vulnerability, https://github.com/advisories/GHSA-hh2w-p6rv-4g7w C:\Users\307824\OneDrive - V├ñster├Ñs Stad\Skrivbordet\GGs\tools\GGs.ErrorLogViewer\ViewModels\MainViewModel.cs(86,1): error CS1519: Invalid token '{' in a member declaration [C:\Users\307824\OneDrive - V├ñster├Ñs Stad\Skrivbordet\GGs\tools\GGs.ErrorLogViewer\GGs.ErrorLogViewer_jd1reqtq_wpftmp.csproj] C:\Users\307824\OneDrive - V├ñster├Ñs Stad\Skrivbordet\GGs\tools\GGs.ErrorLogViewer\ViewModels\MainViewModel.cs(86,9): error CS1519: Invalid token '}' in a member declaration [C:\Users\307824\OneDrive - V├ñster├Ñs Stad\Skrivbordet\GGs\tools\GGs.ErrorLogViewer\GGs.ErrorLogViewer_jd1reqtq_wpftmp.csproj] C:\Users\307824\OneDrive - V├ñster├Ñs Stad\Skrivbordet\GGs\tools\GGs.ErrorLogViewer\ViewModels\MainViewModel.cs(98,40): error CS1031: Type expected [C:\Users\307824\OneDrive - V├ñster├Ñs Stad\Skrivbordet\GGs\tools\GGs.ErrorLogViewer\GGs.ErrorLogViewer_jd1reqtq_wpftmp.csproj] C:\Users\307824\OneDrive - V├ñster├Ñs Stad\Skrivbordet\GGs\tools\GGs.ErrorLogViewer\ViewModels\MainViewModel.cs(98,40): error CS1001: Identifier expected [C:\Users\307824\OneDrive - V├ñster├Ñs Stad\Skrivbordet\GGs\tools\GGs.ErrorLogViewer\GGs.ErrorLogViewer_jd1reqtq_wpftmp.csproj] C:\Users\307824\OneDrive - V├ñster├Ñs Stad\Skrivbordet\GGs\tools\GGs.ErrorLogViewer\ViewModels\MainViewModel.cs(98,40): error CS1026: ) expected [C:\Users\307824\OneDrive - V├ñster├Ñs Stad\Skrivbordet\GGs\tools\GGs.ErrorLogViewer\GGs.ErrorLogViewer_jd1reqtq_wpftmp.csproj] C:\Users\307824\OneDrive - V├ñster├Ñs Stad\Skrivbordet\GGs\tools\GGs.ErrorLogViewer\ViewModels\MainViewModel.cs(99,4): error CS8635: Unexpected character sequence '...' [C:\Users\307824\OneDrive - V├ñster├Ñs Stad\Skrivbordet\GGs\tools\GGs.ErrorLogViewer\GGs.ErrorLogViewer_jd1reqtq_wpftmp.csproj] C:\Users\307824\OneDrive - V├ñster├Ñs Stad\Skrivbordet\GGs\tools\GGs.ErrorLogViewer\ViewModels\MainViewModel.cs(99,8): error CS1002: ; expected [C:\Users\307824\OneDrive - V├ñster├Ñs Stad\Skrivbordet\GGs\tools\GGs.ErrorLogViewer\GGs.ErrorLogViewer_jd1reqtq_wpftmp.csproj] C:\Users\307824\OneDrive - V├ñster├Ñs Stad\Skrivbordet\GGs\tools\GGs.ErrorLogViewer\ViewModels\MainViewModel.cs(100,1): error CS1513: } expected [C:\Users\307824\OneDrive - V├ñster├Ñs Stad\Skrivbordet\GGs\tools\GGs.ErrorLogViewer\GGs.ErrorLogViewer_jd1reqtq_wpftmp.csproj] C:\Users\307824\OneDrive - V├ñster├Ñs Stad\Skrivbordet\GGs\tools\GGs.ErrorLogViewer\ViewModels\MainViewModel.cs(100,13): error CS0116: A namespace cannot directly contain members such as fields, methods or statements [C:\Users\307824\OneDrive - V├ñster├Ñs Stad\Skrivbordet\GGs\tools\GGs.ErrorLogViewer\GGs.ErrorLogViewer_jd1reqtq_wpftmp.csproj] C:\Users\307824\OneDrive - V├ñster├Ñs Stad\Skrivbordet\GGs\tools\GGs.ErrorLogViewer\ViewModels\MainViewModel.cs(100,37): error CS1022: Type or namespace definition, or end-of-file expected [C:\Users\307824\OneDrive - V├ñster├Ñs Stad\Skrivbordet\GGs\tools\GGs.ErrorLogViewer\GGs.ErrorLogViewer_jd1reqtq_wpftmp.csproj] C:\Users\307824\OneDrive - V├ñster├Ñs Stad\Skrivbordet\GGs\tools\GGs.ErrorLogViewer\ViewModels\MainViewModel.cs(100,72): error CS1001: Identifier expected [C:\Users\307824\OneDrive - V├ñster├Ñs Stad\Skrivbordet\GGs\tools\GGs.ErrorLogViewer\GGs.ErrorLogViewer_jd1reqtq_wpftmp.csproj] C:\Users\307824\OneDrive - V├ñster├Ñs Stad\Skrivbordet\GGs\tools\GGs.ErrorLogViewer\ViewModels\MainViewModel.cs(101,13): error CS0116: A namespace cannot directly contain members such as fields, methods or statements [C:\Users\307824\OneDrive - V├ñster├Ñs Stad\Skrivbordet\GGs\tools\GGs.ErrorLogViewer\GGs.ErrorLogViewer_jd1reqtq_wpftmp.csproj] C:\Users\307824\OneDrive - V├ñster├Ñs Stad\Skrivbordet\GGs\tools\GGs.ErrorLogViewer\ViewModels\MainViewModel.cs(101,33): error CS1022: Type or namespace definition, or end-of-file expected [C:\Users\307824\OneDrive - V├ñster├Ñs Stad\Skrivbordet\GGs\tools\GGs.ErrorLogViewer\GGs.ErrorLogViewer_jd1reqtq_wpftmp.csproj] C:\Users\307824\OneDrive - V├ñster├Ñs Stad\Skrivbordet\GGs\tools\GGs.ErrorLogViewer\ViewModels\MainViewModel.cs(101,64): error CS1001: Identifier expected [C:\Users\307824\OneDrive - V├ñster├Ñs Stad\Skrivbordet\GGs\tools\GGs.ErrorLogViewer\GGs.ErrorLogViewer_jd1reqtq_wpftmp.csproj] C:\Users\307824\OneDrive - V├ñster├Ñs Stad\Skrivbordet\GGs\tools\GGs.ErrorLogViewer\ViewModels\MainViewModel.cs(103,13): error CS0116: A namespace cannot directly contain members such as fields, methods or statements [C:\Users\307824\OneDrive - V├ñster├Ñs Stad\Skrivbordet\GGs\tools\GGs.ErrorLogViewer\GGs.ErrorLogViewer_jd1reqtq_wpftmp.csproj] C:\Users\307824\OneDrive - V├ñster├Ñs Stad\Skrivbordet\GGs\tools\GGs.ErrorLogViewer\ViewModels\MainViewModel.cs(103,28): error CS1022: Type or namespace definition, or end-of-file expected [C:\Users\307824\OneDrive - V├ñster├Ñs Stad\Skrivbordet\GGs\tools\GGs.ErrorLogViewer\GGs.ErrorLogViewer_jd1reqtq_wpftmp.csproj] C:\Users\307824\OneDrive - V├ñster├Ñs Stad\Skrivbordet\GGs\tools\GGs.ErrorLogViewer\ViewModels\MainViewModel.cs(103,54): error CS1001: Identifier expected [C:\Users\307824\OneDrive - V├ñster├Ñs Stad\Skrivbordet\GGs\tools\GGs.ErrorLogViewer\GGs.ErrorLogViewer_jd1reqtq_wpftmp.csproj] C:\Users\307824\OneDrive - V├ñster├Ñs Stad\Skrivbordet\GGs\tools\GGs.ErrorLogViewer\ViewModels\MainViewModel.cs(103,57): error CS8124: Tuple must contain at least two elements. [C:\Users\307824\OneDrive - V├ñster├Ñs Stad\Skrivbordet\GGs\tools\GGs.ErrorLogViewer\GGs.ErrorLogViewer_jd1reqtq_wpftmp.csproj] C:\Users\307824\OneDrive - V├ñster├Ñs Stad\Skrivbordet\GGs\tools\GGs.ErrorLogViewer\ViewModels\MainViewModel.cs(103,59): error CS1001: Identifier expected [C:\Users\307824\OneDrive - V├ñster├Ñs Stad\Skrivbordet\GGs\tools\GGs.ErrorLogViewer\GGs.ErrorLogViewer_jd1reqtq_wpftmp.csproj] C:\Users\307824\OneDrive - V├ñster├Ñs Stad\Skrivbordet\GGs\tools\GGs.ErrorLogViewer\ViewModels\MainViewModel.cs(103,59): error CS1003: Syntax error, ',' expected [C:\Users\307824\OneDrive - V├ñster├Ñs Stad\Skrivbordet\GGs\tools\GGs.ErrorLogViewer\GGs.ErrorLogViewer_jd1reqtq_wpftmp.csproj] C:\Users\307824\OneDrive - V├ñster├Ñs Stad\Skrivbordet\GGs\tools\GGs.ErrorLogViewer\ViewModels\MainViewModel.cs(103,62): error CS1003: Syntax error, ',' expected [C:\Users\307824\OneDrive - V├ñster├Ñs Stad\Skrivbordet\GGs\tools\GGs.ErrorLogViewer\GGs.ErrorLogViewer_jd1reqtq_wpftmp.csproj] C:\Users\307824\OneDrive - V├ñster├Ñs Stad\Skrivbordet\GGs\tools\GGs.ErrorLogViewer\ViewModels\MainViewModel.cs(103,79): error CS1001: Identifier expected [C:\Users\307824\OneDrive - V├ñster├Ñs Stad\Skrivbordet\GGs\tools\GGs.ErrorLogViewer\GGs.ErrorLogViewer_jd1reqtq_wpftmp.csproj] C:\Users\307824\OneDrive - V├ñster├Ñs Stad\Skrivbordet\GGs\tools\GGs.ErrorLogViewer\ViewModels\MainViewModel.cs(103,79): error CS1003: Syntax error, ',' expected [C:\Users\307824\OneDrive - V├ñster├Ñs Stad\Skrivbordet\GGs\tools\GGs.ErrorLogViewer\GGs.ErrorLogViewer_jd1reqtq_wpftmp.csproj] C:\Users\307824\OneDrive - V├ñster├Ñs Stad\Skrivbordet\GGs\tools\GGs.ErrorLogViewer\ViewModels\MainViewModel.cs(104,13): error CS0116: A namespace cannot directly contain members such as fields, methods or statements [C:\Users\307824\OneDrive - V├ñster├Ñs Stad\Skrivbordet\GGs\tools\GGs.ErrorLogViewer\GGs.ErrorLogViewer_jd1reqtq_wpftmp.csproj] C:\Users\307824\OneDrive - V├ñster├Ñs Stad\Skrivbordet\GGs\tools\GGs.ErrorLogViewer\ViewModels\MainViewModel.cs(104,32): error CS1022: Type or namespace definition, or end-of-file expected [C:\Users\307824\OneDrive - V├ñster├Ñs Stad\Skrivbordet\GGs\tools\GGs.ErrorLogViewer\GGs.ErrorLogViewer_jd1reqtq_wpftmp.csproj] C:\Users\307824\OneDrive - V├ñster├Ñs Stad\Skrivbordet\GGs\tools\GGs.ErrorLogViewer\ViewModels\MainViewModel.cs(104,62): error CS1001: Identifier expected [C:\Users\307824\OneDrive - V├ñster├Ñs Stad\Skrivbordet\GGs\tools\GGs.ErrorLogViewer\GGs.ErrorLogViewer_jd1reqtq_wpftmp.csproj] C:\Users\307824\OneDrive - V├ñster├Ñs Stad\Skrivbordet\GGs\tools\GGs.ErrorLogViewer\ViewModels\MainViewModel.cs(104,65): error CS8124: Tuple must contain at least two elements. [C:\Users\307824\OneDrive - V├ñster├Ñs Stad\Skrivbordet\GGs\tools\GGs.ErrorLogViewer\GGs.ErrorLogViewer_jd1reqtq_wpftmp.csproj] C:\Users\307824\OneDrive - V├ñster├Ñs Stad\Skrivbordet\GGs\tools\GGs.ErrorLogViewer\ViewModels\MainViewModel.cs(104,67): error CS1001: Identifier expected [C:\Users\307824\OneDrive - V├ñster├Ñs Stad\Skrivbordet\GGs\tools\GGs.ErrorLogViewer\GGs.ErrorLogViewer_jd1reqtq_wpftmp.csproj] C:\Users\307824\OneDrive - V├ñster├Ñs Stad\Skrivbordet\GGs\tools\GGs.ErrorLogViewer\ViewModels\MainViewModel.cs(104,67): error CS1003: Syntax error, ',' expected [C:\Users\307824\OneDrive - V├ñster├Ñs Stad\Skrivbordet\GGs\tools\GGs.ErrorLogViewer\GGs.ErrorLogViewer_jd1reqtq_wpftmp.csproj] C:\Users\307824\OneDrive - V├ñster├Ñs Stad\Skrivbordet\GGs\tools\GGs.ErrorLogViewer\ViewModels\MainViewModel.cs(104,70): error CS1003: Syntax error, ',' expected [C:\Users\307824\OneDrive - V├ñster├Ñs Stad\Skrivbordet\GGs\tools\GGs.ErrorLogViewer\GGs.ErrorLogViewer_jd1reqtq_wpftmp.csproj] C:\Users\307824\OneDrive - V├ñster├Ñs Stad\Skrivbordet\GGs\tools\GGs.ErrorLogViewer\ViewModels\MainViewModel.cs(104,87): error CS1001: Identifier expected [C:\Users\307824\OneDrive - V├ñster├Ñs Stad\Skrivbordet\GGs\tools\GGs.ErrorLogViewer\GGs.ErrorLogViewer_jd1reqtq_wpftmp.csproj] C:\Users\307824\OneDrive - V├ñster├Ñs Stad\Skrivbordet\GGs\tools\GGs.ErrorLogViewer\ViewModels\MainViewModel.cs(104,87): error CS1003: Syntax error, ',' expected [C:\Users\307824\OneDrive - V├ñster├Ñs Stad\Skrivbordet\GGs\tools\GGs.ErrorLogViewer\GGs.ErrorLogViewer_jd1reqtq_wpftmp.csproj] C:\Users\307824\OneDrive - V├ñster├Ñs Stad\Skrivbordet\GGs\tools\GGs.ErrorLogViewer\ViewModels\MainViewModel.cs(105,13): error CS0116: A namespace cannot directly contain members such as fields, methods or statements [C:\Users\307824\OneDrive - V├ñster├Ñs Stad\Skrivbordet\GGs\tools\GGs.ErrorLogViewer\GGs.ErrorLogViewer_jd1reqtq_wpftmp.csproj] C:\Users\307824\OneDrive - V├ñster├Ñs Stad\Skrivbordet\GGs\tools\GGs.ErrorLogViewer\ViewModels\MainViewModel.cs(105,32): error CS1022: Type or namespace definition, or end-of-file expected [C:\Users\307824\OneDrive - V├ñster├Ñs Stad\Skrivbordet\GGs\tools\GGs.ErrorLogViewer\GGs.ErrorLogViewer_jd1reqtq_wpftmp.csproj] C:\Users\307824\OneDrive - V├ñster├Ñs Stad\Skrivbordet\GGs\tools\GGs.ErrorLogViewer\ViewModels\MainViewModel.cs(105,62): error CS1001: Identifier expected [C:\Users\307824\OneDrive - V├ñster├Ñs Stad\Skrivbordet\GGs\tools\GGs.ErrorLogViewer\GGs.ErrorLogViewer_jd1reqtq_wpftmp.csproj] C:\Users\307824\OneDrive - V├ñster├Ñs Stad\Skrivbordet\GGs\tools\GGs.ErrorLogViewer\ViewModels\MainViewModel.cs(105,65): error CS8124: Tuple must contain at least two elements. [C:\Users\307824\OneDrive - V├ñster├Ñs Stad\Skrivbordet\GGs\tools\GGs.ErrorLogViewer\GGs.ErrorLogViewer_jd1reqtq_wpftmp.csproj] C:\Users\307824\OneDrive - V├ñster├Ñs Stad\Skrivbordet\GGs\tools\GGs.ErrorLogViewer\ViewModels\MainViewModel.cs(105,67): error CS1001: Identifier expected [C:\Users\307824\OneDrive - V├ñster├Ñs Stad\Skrivbordet\GGs\tools\GGs.ErrorLogViewer\GGs.ErrorLogViewer_jd1reqtq_wpftmp.csproj] C:\Users\307824\OneDrive - V├ñster├Ñs Stad\Skrivbordet\GGs\tools\GGs.ErrorLogViewer\ViewModels\MainViewModel.cs(105,67): error CS1003: Syntax error, ',' expected [C:\Users\307824\OneDrive - V├ñster├Ñs Stad\Skrivbordet\GGs\tools\GGs.ErrorLogViewer\GGs.ErrorLogViewer_jd1reqtq_wpftmp.csproj] C:\Users\307824\OneDrive - V├ñster├Ñs Stad\Skrivbordet\GGs\tools\GGs.ErrorLogViewer\ViewModels\MainViewModel.cs(105,70): error CS1003: Syntax error, ',' expected [C:\Users\307824\OneDrive - V├ñster├Ñs Stad\Skrivbordet\GGs\tools\GGs.ErrorLogViewer\GGs.ErrorLogViewer_jd1reqtq_wpftmp.csproj] C:\Users\307824\OneDrive - V├ñster├Ñs Stad\Skrivbordet\GGs\tools\GGs.ErrorLogViewer\ViewModels\MainViewModel.cs(105,87): error CS1001: Identifier expected [C:\Users\307824\OneDrive - V├ñster├Ñs Stad\Skrivbordet\GGs\tools\GGs.ErrorLogViewer\GGs.ErrorLogViewer_jd1reqtq_wpftmp.csproj] C:\Users\307824\OneDrive - V├ñster├Ñs Stad\Skrivbordet\GGs\tools\GGs.ErrorLogViewer\ViewModels\MainViewModel.cs(105,87): error CS1003: Syntax error, ',' expected [C:\Users\307824\OneDrive - V├ñster├Ñs Stad\Skrivbordet\GGs\tools\GGs.ErrorLogViewer\GGs.ErrorLogViewer_jd1reqtq_wpftmp.csproj] C:\Users\307824\OneDrive - V├ñster├Ñs Stad\Skrivbordet\GGs\tools\GGs.ErrorLogViewer\ViewModels\MainViewModel.cs(106,13): error CS0116: A namespace cannot directly contain members such as fields, methods or statements [C:\Users\307824\OneDrive - V├ñster├Ñs Stad\Skrivbordet\GGs\tools\GGs.ErrorLogViewer\GGs.ErrorLogViewer_jd1reqtq_wpftmp.csproj] C:\Users\307824\OneDrive - V├ñster├Ñs Stad\Skrivbordet\GGs\tools\GGs.ErrorLogViewer\ViewModels\MainViewModel.cs(106,38): error CS1022: Type or namespace definition, or end-of-file expected [C:\Users\307824\OneDrive - V├ñster├Ñs Stad\Skrivbordet\GGs\tools\GGs.ErrorLogViewer\GGs.ErrorLogViewer_jd1reqtq_wpftmp.csproj] C:\Users\307824\OneDrive - V├ñster├Ñs Stad\Skrivbordet\GGs\tools\GGs.ErrorLogViewer\ViewModels\MainViewModel.cs(106,58): error CS8124: Tuple must contain at least two elements. [C:\Users\307824\OneDrive - V├ñster├Ñs Stad\Skrivbordet\GGs\tools\GGs.ErrorLogViewer\GGs.ErrorLogViewer_jd1reqtq_wpftmp.csproj] C:\Users\307824\OneDrive - V├ñster├Ñs Stad\Skrivbordet\GGs\tools\GGs.ErrorLogViewer\ViewModels\MainViewModel.cs(106,60): error CS1001: Identifier expected [C:\Users\307824\OneDrive - V├ñster├Ñs Stad\Skrivbordet\GGs\tools\GGs.ErrorLogViewer\GGs.ErrorLogViewer_jd1reqtq_wpftmp.csproj] C:\Users\307824\OneDrive - V├ñster├Ñs Stad\Skrivbordet\GGs\tools\GGs.ErrorLogViewer\ViewModels\MainViewModel.cs(106,60): error CS1003: Syntax error, ',' expected [C:\Users\307824\OneDrive - V├ñster├Ñs Stad\Skrivbordet\GGs\tools\GGs.ErrorLogViewer\GGs.ErrorLogViewer_jd1reqtq_wpftmp.csproj] C:\Users\307824\OneDrive - V├ñster├Ñs Stad\Skrivbordet\GGs\tools\GGs.ErrorLogViewer\ViewModels\MainViewModel.cs(106,63): error CS1003: Syntax error, ',' expected [C:\Users\307824\OneDrive - V├ñster├Ñs Stad\Skrivbordet\GGs\tools\GGs.ErrorLogViewer\GGs.ErrorLogViewer_jd1reqtq_wpftmp.csproj] C:\Users\307824\OneDrive - V├ñster├Ñs Stad\Skrivbordet\GGs\tools\GGs.ErrorLogViewer\ViewModels\MainViewModel.cs(106,84): error CS1001: Identifier expected [C:\Users\307824\OneDrive - V├ñster├Ñs Stad\Skrivbordet\GGs\tools\GGs.ErrorLogViewer\GGs.ErrorLogViewer_jd1reqtq_wpftmp.csproj] C:\Users\307824\OneDrive - V├ñster├Ñs Stad\Skrivbordet\GGs\tools\GGs.ErrorLogViewer\ViewModels\MainViewModel.cs(109,35): error CS0116: A namespace cannot directly contain members such as fields, methods or statements [C:\Users\307824\OneDrive - V├ñster├Ñs Stad\Skrivbordet\GGs\tools\GGs.ErrorLogViewer\GGs.ErrorLogViewer_jd1reqtq_wpftmp.csproj] C:\Users\307824\OneDrive - V├ñster├Ñs Stad\Skrivbordet\GGs\tools\GGs.ErrorLogViewer\ViewModels\MainViewModel.cs(109,49): error CS1022: Type or namespace definition, or end-of-file expected [C:\Users\307824\OneDrive - V├ñster├Ñs Stad\Skrivbordet\GGs\tools\GGs.ErrorLogViewer\GGs.ErrorLogViewer_jd1reqtq_wpftmp.csproj] C:\Users\307824\OneDrive - V├ñster├Ñs Stad\Skrivbordet\GGs\tools\GGs.ErrorLogViewer\ViewModels\MainViewModel.cs(109,52): error CS0116: A namespace cannot directly contain members such as fields, methods or statements [C:\Users\307824\OneDrive - V├ñster├Ñs Stad\Skrivbordet\GGs\tools\GGs.ErrorLogViewer\GGs.ErrorLogViewer_jd1reqtq_wpftmp.csproj] C:\Users\307824\OneDrive - V├ñster├Ñs Stad\Skrivbordet\GGs\tools\GGs.ErrorLogViewer\ViewModels\MainViewModel.cs(109,67): error CS1022: Type or namespace definition, or end-of-file expected [C:\Users\307824\OneDrive - V├ñster├Ñs Stad\Skrivbordet\GGs\tools\GGs.ErrorLogViewer\GGs.ErrorLogViewer_jd1reqtq_wpftmp.csproj] C:\Users\307824\OneDrive - V├ñster├Ñs Stad\Skrivbordet\GGs\tools\GGs.ErrorLogViewer\ViewModels\MainViewModel.cs(110,35): error CS0116: A namespace cannot directly contain members such as fields, methods or statements [C:\Users\307824\OneDrive - V├ñster├Ñs Stad\Skrivbordet\GGs\tools\GGs.ErrorLogViewer\GGs.ErrorLogViewer_jd1reqtq_wpftmp.csproj] C:\Users\307824\OneDrive - V├ñster├Ñs Stad\Skrivbordet\GGs\tools\GGs.ErrorLogViewer\ViewModels\MainViewModel.cs(110,51): error CS1022: Type or namespace definition, or end-of-file expected [C:\Users\307824\OneDrive - V├ñster├Ñs Stad\Skrivbordet\GGs\tools\GGs.ErrorLogViewer\GGs.ErrorLogViewer_jd1reqtq_wpftmp.csproj] C:\Users\307824\OneDrive - V├ñster├Ñs Stad\Skrivbordet\GGs\tools\GGs.ErrorLogViewer\ViewModels\MainViewModel.cs(110,54): error CS0116: A namespace cannot directly contain members such as fields, methods or statements [C:\Users\307824\OneDrive - V├ñster├Ñs Stad\Skrivbordet\GGs\tools\GGs.ErrorLogViewer\GGs.ErrorLogViewer_jd1reqtq_wpftmp.csproj] C:\Users\307824\OneDrive - V├ñster├Ñs Stad\Skrivbordet\GGs\tools\GGs.ErrorLogViewer\ViewModels\MainViewModel.cs(110,71): error CS1022: Type or namespace definition, or end-of-file expected [C:\Users\307824\OneDrive - V├ñster├Ñs Stad\Skrivbordet\GGs\tools\GGs.ErrorLogViewer\GGs.ErrorLogViewer_jd1reqtq_wpftmp.csproj] C:\Users\307824\OneDrive - V├ñster├Ñs Stad\Skrivbordet\GGs\tools\GGs.ErrorLogViewer\ViewModels\MainViewModel.cs(111,35): error CS0116: A namespace cannot directly contain members such as fields, methods or statements [C:\Users\307824\OneDrive - V├ñster├Ñs Stad\Skrivbordet\GGs\tools\GGs.ErrorLogViewer\GGs.ErrorLogViewer_jd1reqtq_wpftmp.csproj] C:\Users\307824\OneDrive - V├ñster├Ñs Stad\Skrivbordet\GGs\tools\GGs.ErrorLogViewer\ViewModels\MainViewModel.cs(111,47): error CS1022: Type or namespace definition, or end-of-file expected [C:\Users\307824\OneDrive - V├ñster├Ñs Stad\Skrivbordet\GGs\tools\GGs.ErrorLogViewer\GGs.ErrorLogViewer_jd1reqtq_wpftmp.csproj] C:\Users\307824\OneDrive - V├ñster├Ñs Stad\Skrivbordet\GGs\tools\GGs.ErrorLogViewer\ViewModels\MainViewModel.cs(111,50): error CS0116: A namespace cannot directly contain members such as fields, methods or statements [C:\Users\307824\OneDrive - V├ñster├Ñs Stad\Skrivbordet\GGs\tools\GGs.ErrorLogViewer\GGs.ErrorLogViewer_jd1reqtq_wpftmp.csproj] C:\Users\307824\OneDrive - V├ñster├Ñs Stad\Skrivbordet\GGs\tools\GGs.ErrorLogViewer\ViewModels\MainViewModel.cs(111,63): error CS1022: Type or namespace definition, or end-of-file expected [C:\Users\307824\OneDrive - V├ñster├Ñs Stad\Skrivbordet\GGs\tools\GGs.ErrorLogViewer\GGs.ErrorLogViewer_jd1reqtq_wpftmp.csproj] C:\Users\307824\OneDrive - V├ñster├Ñs Stad\Skrivbordet\GGs\tools\GGs.ErrorLogViewer\ViewModels\MainViewModel.cs(114,17): error CS8803: Top-level statements must precede namespace and type declarations. [C:\Users\307824\OneDrive - V├ñster├Ñs Stad\Skrivbordet\GGs\tools\GGs.ErrorLogViewer\GGs.ErrorLogViewer_jd1reqtq_wpftmp.csproj] C:\Users\307824\OneDrive - V├ñster├Ñs Stad\Skrivbordet\GGs\tools\GGs.ErrorLogViewer\ViewModels\MainViewModel.cs(115,13): error CS1022: Type or namespace definition, or end-of-file expected [C:\Users\307824\OneDrive - V├ñster├Ñs Stad\Skrivbordet\GGs\tools\GGs.ErrorLogViewer\GGs.ErrorLogViewer_jd1reqtq_wpftmp.csproj] C:\Users\307824\OneDrive - V├ñster├Ñs Stad\Skrivbordet\GGs\tools\GGs.ErrorLogViewer\ViewModels\MainViewModel.cs(116,9): error CS1022: Type or namespace definition, or end-of-file expected [C:\Users\307824\OneDrive - V├ñster├Ñs Stad\Skrivbordet\GGs\tools\GGs.ErrorLogViewer\GGs.ErrorLogViewer_jd1reqtq_wpftmp.csproj] C:\Users\307824\OneDrive - V├ñster├Ñs Stad\Skrivbordet\GGs\tools\GGs.ErrorLogViewer\ViewModels\MainViewModel.cs(118,9): error CS0106: The modifier 'private' is not valid for this item [C:\Users\307824\OneDrive - V├ñster├Ñs Stad\Skrivbordet\GGs\tools\GGs.ErrorLogViewer\GGs.ErrorLogViewer_jd1reqtq_wpftmp.csproj] C:\Users\307824\OneDrive - V├ñster├Ñs Stad\Skrivbordet\GGs\tools\GGs.ErrorLogViewer\ViewModels\MainViewModel.cs(217,9): error CS0106: The modifier 'private' is not valid for this item [C:\Users\307824\OneDrive - V├ñster├Ñs Stad\Skrivbordet\GGs\tools\GGs.ErrorLogViewer\GGs.ErrorLogViewer_jd1reqtq_wpftmp.csproj] C:\Users\307824\OneDrive - V├ñster├Ñs Stad\Skrivbordet\GGs\tools\GGs.ErrorLogViewer\ViewModels\MainViewModel.cs(230,9): error CS0106: The modifier 'private' is not valid for this item [C:\Users\307824\OneDrive - V├ñster├Ñs Stad\Skrivbordet\GGs\tools\GGs.ErrorLogViewer\GGs.ErrorLogViewer_jd1reqtq_wpftmp.csproj] C:\Users\307824\OneDrive - V├ñster├Ñs Stad\Skrivbordet\GGs\tools\GGs.ErrorLogViewer\ViewModels\MainViewModel.cs(237,9): error CS0106: The modifier 'private' is not valid for this item [C:\Users\307824\OneDrive - V├ñster├Ñs Stad\Skrivbordet\GGs\tools\GGs.ErrorLogViewer\GGs.ErrorLogViewer_jd1reqtq_wpftmp.csproj] C:\Users\307824\OneDrive - V├ñster├Ñs Stad\Skrivbordet\GGs\tools\GGs.ErrorLogViewer\ViewModels\MainViewModel.cs(261,9): error CS0106: The modifier 'private' is not valid for this item [C:\Users\307824\OneDrive - V├ñster├Ñs Stad\Skrivbordet\GGs\tools\GGs.ErrorLogViewer\GGs.ErrorLogViewer_jd1reqtq_wpftmp.csproj] C:\Users\307824\OneDrive - V├ñster├Ñs Stad\Skrivbordet\GGs\tools\GGs.ErrorLogViewer\ViewModels\MainViewModel.cs(279,9): error CS0106: The modifier 'private' is not valid for this item [C:\Users\307824\OneDrive - V├ñster├Ñs Stad\Skrivbordet\GGs\tools\GGs.ErrorLogViewer\GGs.ErrorLogViewer_jd1reqtq_wpftmp.csproj] C:\Users\307824\OneDrive - V├ñster├Ñs Stad\Skrivbordet\GGs\tools\GGs.ErrorLogViewer\ViewModels\MainViewModel.cs(293,9): error CS0106: The modifier 'private' is not valid for this item [C:\Users\307824\OneDrive - V├ñster├Ñs Stad\Skrivbordet\GGs\tools\GGs.ErrorLogViewer\GGs.ErrorLogViewer_jd1reqtq_wpftmp.csproj] C:\Users\307824\OneDrive - V├ñster├Ñs Stad\Skrivbordet\GGs\tools\GGs.ErrorLogViewer\ViewModels\MainViewModel.cs(307,9): error CS0106: The modifier 'private' is not valid for this item [C:\Users\307824\OneDrive - V├ñster├Ñs Stad\Skrivbordet\GGs\tools\GGs.ErrorLogViewer\GGs.ErrorLogViewer_jd1reqtq_wpftmp.csproj] C:\Users\307824\OneDrive - V├ñster├Ñs Stad\Skrivbordet\GGs\tools\GGs.ErrorLogViewer\ViewModels\MainViewModel.cs(328,9): error CS0106: The modifier 'private' is not valid for this item [C:\Users\307824\OneDrive - V├ñster├Ñs Stad\Skrivbordet\GGs\tools\GGs.ErrorLogViewer\GGs.ErrorLogViewer_jd1reqtq_wpftmp.csproj] C:\Users\307824\OneDrive - V├ñster├Ñs Stad\Skrivbordet\GGs\tools\GGs.ErrorLogViewer\ViewModels\MainViewModel.cs(352,9): error CS0106: The modifier 'private' is not valid for this item [C:\Users\307824\OneDrive - V├ñster├Ñs Stad\Skrivbordet\GGs\tools\GGs.ErrorLogViewer\GGs.ErrorLogViewer_jd1reqtq_wpftmp.csproj] C:\Users\307824\OneDrive - V├ñster├Ñs Stad\Skrivbordet\GGs\tools\GGs.ErrorLogViewer\ViewModels\MainViewModel.cs(378,9): error CS0106: The modifier 'private' is not valid for this item [C:\Users\307824\OneDrive - V├ñster├Ñs Stad\Skrivbordet\GGs\tools\GGs.ErrorLogViewer\GGs.ErrorLogViewer_jd1reqtq_wpftmp.csproj] C:\Users\307824\OneDrive - V├ñster├Ñs Stad\Skrivbordet\GGs\tools\GGs.ErrorLogViewer\ViewModels\MainViewModel.cs(408,9): error CS0106: The modifier 'private' is not valid for this item [C:\Users\307824\OneDrive - V├ñster├Ñs Stad\Skrivbordet\GGs\tools\GGs.ErrorLogViewer\GGs.ErrorLogViewer_jd1reqtq_wpftmp.csproj] C:\Users\307824\OneDrive - V├ñster├Ñs Stad\Skrivbordet\GGs\tools\GGs.ErrorLogViewer\ViewModels\MainViewModel.cs(446,9): error CS0106: The modifier 'private' is not valid for this item [C:\Users\307824\OneDrive - V├ñster├Ñs Stad\Skrivbordet\GGs\tools\GGs.ErrorLogViewer\GGs.ErrorLogViewer_jd1reqtq_wpftmp.csproj] C:\Users\307824\OneDrive - V├ñster├Ñs Stad\Skrivbordet\GGs\tools\GGs.ErrorLogViewer\ViewModels\MainViewModel.cs(455,9): error CS0106: The modifier 'private' is not valid for this item [C:\Users\307824\OneDrive - V├ñster├Ñs Stad\Skrivbordet\GGs\tools\GGs.ErrorLogViewer\GGs.ErrorLogViewer_jd1reqtq_wpftmp.csproj] C:\Users\307824\OneDrive - V├ñster├Ñs Stad\Skrivbordet\GGs\tools\GGs.ErrorLogViewer\ViewModels\MainViewModel.cs(472,9): error CS0106: The modifier 'private' is not valid for this item [C:\Users\307824\OneDrive - V├ñster├Ñs Stad\Skrivbordet\GGs\tools\GGs.ErrorLogViewer\GGs.ErrorLogViewer_jd1reqtq_wpftmp.csproj] C:\Users\307824\OneDrive - V├ñster├Ñs Stad\Skrivbordet\GGs\tools\GGs.ErrorLogViewer\ViewModels\MainViewModel.cs(533,9): error CS0106: The modifier 'private' is not valid for this item [C:\Users\307824\OneDrive - V├ñster├Ñs Stad\Skrivbordet\GGs\tools\GGs.ErrorLogViewer\GGs.ErrorLogViewer_jd1reqtq_wpftmp.csproj] C:\Users\307824\OneDrive - V├ñster├Ñs Stad\Skrivbordet\GGs\tools\GGs.ErrorLogViewer\ViewModels\MainViewModel.cs(539,9): error CS0106: The modifier 'private' is not valid for this item [C:\Users\307824\OneDrive - V├ñster├Ñs Stad\Skrivbordet\GGs\tools\GGs.ErrorLogViewer\GGs.ErrorLogViewer_jd1reqtq_wpftmp.csproj] C:\Users\307824\OneDrive - V├ñster├Ñs Stad\Skrivbordet\GGs\tools\GGs.ErrorLogViewer\ViewModels\MainViewModel.cs(555,5): error CS1022: Type or namespace definition, or end-of-file expected [C:\Users\307824\OneDrive - V├ñster├Ñs Stad\Skrivbordet\GGs\tools\GGs.ErrorLogViewer\GGs.ErrorLogViewer_jd1reqtq_wpftmp.csproj] C:\Users\307824\OneDrive - V├ñster├Ñs Stad\Skrivbordet\GGs\tools\GGs.ErrorLogViewer\ViewModels\MainViewModel.cs(556,1): error CS1022: Type or namespace definition, or end-of-file expected [C:\Users\307824\OneDrive - V├ñster├Ñs Stad\Skrivbordet\GGs\tools\GGs.ErrorLogViewer\GGs.ErrorLogViewer_jd1reqtq_wpftmp.csproj]  Build FAILED.  C:\Users\307824\OneDrive - V├ñster├Ñs Stad\Skrivbordet\GGs\tools\GGs.ErrorLogViewer\GGs.ErrorLogViewer.csproj : warning NU1903: Package 'System.Text.Json' 8.0.0 has a known high severity vulnerability, https://github.com/advisories/GHSA-8g4q-xg66-9fp4 C:\Users\307824\OneDrive - V├ñster├Ñs Stad\Skrivbordet\GGs\tools\GGs.ErrorLogViewer\GGs.ErrorLogViewer.csproj : warning NU1903: Package 'System.Text.Json' 8.0.0 has a known high severity vulnerability, https://github.com/advisories/GHSA-hh2w-p6rv-4g7w C:\Users\307824\OneDrive - V├ñster├Ñs Stad\Skrivbordet\GGs\tools\GGs.ErrorLogViewer\GGs.ErrorLogViewer.csproj : warning NU1903: Package 'System.Text.Json' 8.0.0 has a known high severity vulnerability, https://github.com/advisories/GHSA-8g4q-xg66-9fp4 C:\Users\307824\OneDrive - V├ñster├Ñs Stad\Skrivbordet\GGs\tools\GGs.ErrorLogViewer\GGs.ErrorLogViewer.csproj : warning NU1903: Package 'System.Text.Json' 8.0.0 has a known high severity vulnerability, https://github.com/advisories/GHSA-hh2w-p6rv-4g7w C:\Users\307824\OneDrive - V├ñster├Ñs Stad\Skrivbordet\GGs\tools\GGs.ErrorLogViewer\GGs.ErrorLogViewer_jd1reqtq_wpftmp.csproj : warning NU1903: Package 'System.Text.Json' 8.0.0 has a known high severity vulnerability, https://github.com/advisories/GHSA-8g4q-xg66-9fp4 C:\Users\307824\OneDrive - V├ñster├Ñs Stad\Skrivbordet\GGs\tools\GGs.ErrorLogViewer\GGs.ErrorLogViewer_jd1reqtq_wpftmp.csproj : warning NU1903: Package 'System.Text.Json' 8.0.0 has a known high severity vulnerability, https://github.com/advisories/GHSA-hh2w-p6rv-4g7w C:\Users\307824\OneDrive - V├ñster├Ñs Stad\Skrivbordet\GGs\tools\GGs.ErrorLogViewer\ViewModels\MainViewModel.cs(86,1): error CS1519: Invalid token '{' in a member declaration [C:\Users\307824\OneDrive - V├ñster├Ñs Stad\Skrivbordet\GGs\tools\GGs.ErrorLogViewer\GGs.ErrorLogViewer_jd1reqtq_wpftmp.csproj] C:\Users\307824\OneDrive - V├ñster├Ñs Stad\Skrivbordet\GGs\tools\GGs.ErrorLogViewer\ViewModels\MainViewModel.cs(86,9): error CS1519: Invalid token '}' in a member declaration [C:\Users\307824\OneDrive - V├ñster├Ñs Stad\Skrivbordet\GGs\tools\GGs.ErrorLogViewer\GGs.ErrorLogViewer_jd1reqtq_wpftmp.csproj] C:\Users\307824\OneDrive - V├ñster├Ñs Stad\Skrivbordet\GGs\tools\GGs.ErrorLogViewer\ViewModels\MainViewModel.cs(98,40): error CS1031: Type expected [C:\Users\307824\OneDrive - V├ñster├Ñs Stad\Skrivbordet\GGs\tools\GGs.ErrorLogViewer\GGs.ErrorLogViewer_jd1reqtq_wpftmp.csproj] C:\Users\307824\OneDrive - V├ñster├Ñs Stad\Skrivbordet\GGs\tools\GGs.ErrorLogViewer\ViewModels\MainViewModel.cs(98,40): error CS1001: Identifier expected [C:\Users\307824\OneDrive - V├ñster├Ñs Stad\Skrivbordet\GGs\tools\GGs.ErrorLogViewer\GGs.ErrorLogViewer_jd1reqtq_wpftmp.csproj] C:\Users\307824\OneDrive - V├ñster├Ñs Stad\Skrivbordet\GGs\tools\GGs.ErrorLogViewer\ViewModels\MainViewModel.cs(98,40): error CS1026: ) expected [C:\Users\307824\OneDrive - V├ñster├Ñs Stad\Skrivbordet\GGs\tools\GGs.ErrorLogViewer\GGs.ErrorLogViewer_jd1reqtq_wpftmp.csproj] C:\Users\307824\OneDrive - V├ñster├Ñs Stad\Skrivbordet\GGs\tools\GGs.ErrorLogViewer\ViewModels\MainViewModel.cs(99,4): error CS8635: Unexpected character sequence '...' [C:\Users\307824\OneDrive - V├ñster├Ñs Stad\Skrivbordet\GGs\tools\GGs.ErrorLogViewer\GGs.ErrorLogViewer_jd1reqtq_wpftmp.csproj] C:\Users\307824\OneDrive - V├ñster├Ñs Stad\Skrivbordet\GGs\tools\GGs.ErrorLogViewer\ViewModels\MainViewModel.cs(99,8): error CS1002: ; expected [C:\Users\307824\OneDrive - V├ñster├Ñs Stad\Skrivbordet\GGs\tools\GGs.ErrorLogViewer\GGs.ErrorLogViewer_jd1reqtq_wpftmp.csproj] C:\Users\307824\OneDrive - V├ñster├Ñs Stad\Skrivbordet\GGs\tools\GGs.ErrorLogViewer\ViewModels\MainViewModel.cs(100,1): error CS1513: } expected [C:\Users\307824\OneDrive - V├ñster├Ñs Stad\Skrivbordet\GGs\tools\GGs.ErrorLogViewer\GGs.ErrorLogViewer_jd1reqtq_wpftmp.csproj] C:\Users\307824\OneDrive - V├ñster├Ñs Stad\Skrivbordet\GGs\tools\GGs.ErrorLogViewer\ViewModels\MainViewModel.cs(100,13): error CS0116: A namespace cannot directly contain members such as fields, methods or statements [C:\Users\307824\OneDrive - V├ñster├Ñs Stad\Skrivbordet\GGs\tools\GGs.ErrorLogViewer\GGs.ErrorLogViewer_jd1reqtq_wpftmp.csproj] C:\Users\307824\OneDrive - V├ñster├Ñs Stad\Skrivbordet\GGs\tools\GGs.ErrorLogViewer\ViewModels\MainViewModel.cs(100,37): error CS1022: Type or namespace definition, or end-of-file expected [C:\Users\307824\OneDrive - V├ñster├Ñs Stad\Skrivbordet\GGs\tools\GGs.ErrorLogViewer\GGs.ErrorLogViewer_jd1reqtq_wpftmp.csproj] C:\Users\307824\OneDrive - V├ñster├Ñs Stad\Skrivbordet\GGs\tools\GGs.ErrorLogViewer\ViewModels\MainViewModel.cs(100,72): error CS1001: Identifier expected [C:\Users\307824\OneDrive - V├ñster├Ñs Stad\Skrivbordet\GGs\tools\GGs.ErrorLogViewer\GGs.ErrorLogViewer_jd1reqtq_wpftmp.csproj] C:\Users\307824\OneDrive - V├ñster├Ñs Stad\Skrivbordet\GGs\tools\GGs.ErrorLogViewer\ViewModels\MainViewModel.cs(101,13): error CS0116: A namespace cannot directly contain members such as fields, methods or statements [C:\Users\307824\OneDrive - V├ñster├Ñs Stad\Skrivbordet\GGs\tools\GGs.ErrorLogViewer\GGs.ErrorLogViewer_jd1reqtq_wpftmp.csproj] C:\Users\307824\OneDrive - V├ñster├Ñs Stad\Skrivbordet\GGs\tools\GGs.ErrorLogViewer\ViewModels\MainViewModel.cs(101,33): error CS1022: Type or namespace definition, or end-of-file expected [C:\Users\307824\OneDrive - V├ñster├Ñs Stad\Skrivbordet\GGs\tools\GGs.ErrorLogViewer\GGs.ErrorLogViewer_jd1reqtq_wpftmp.csproj] C:\Users\307824\OneDrive - V├ñster├Ñs Stad\Skrivbordet\GGs\tools\GGs.ErrorLogViewer\ViewModels\MainViewModel.cs(101,64): error CS1001: Identifier expected [C:\Users\307824\OneDrive - V├ñster├Ñs Stad\Skrivbordet\GGs\tools\GGs.ErrorLogViewer\GGs.ErrorLogViewer_jd1reqtq_wpftmp.csproj] C:\Users\307824\OneDrive - V├ñster├Ñs Stad\Skrivbordet\GGs\tools\GGs.ErrorLogViewer\ViewModels\MainViewModel.cs(103,13): error CS0116: A namespace cannot directly contain members such as fields, methods or statements [C:\Users\307824\OneDrive - V├ñster├Ñs Stad\Skrivbordet\GGs\tools\GGs.ErrorLogViewer\GGs.ErrorLogViewer_jd1reqtq_wpftmp.csproj] C:\Users\307824\OneDrive - V├ñster├Ñs Stad\Skrivbordet\GGs\tools\GGs.ErrorLogViewer\ViewModels\MainViewModel.cs(103,28): error CS1022: Type or namespace definition, or end-of-file expected [C:\Users\307824\OneDrive - V├ñster├Ñs Stad\Skrivbordet\GGs\tools\GGs.ErrorLogViewer\GGs.ErrorLogViewer_jd1reqtq_wpftmp.csproj] C:\Users\307824\OneDrive - V├ñster├Ñs Stad\Skrivbordet\GGs\tools\GGs.ErrorLogViewer\ViewModels\MainViewModel.cs(103,54): error CS1001: Identifier expected [C:\Users\307824\OneDrive - V├ñster├Ñs Stad\Skrivbordet\GGs\tools\GGs.ErrorLogViewer\GGs.ErrorLogViewer_jd1reqtq_wpftmp.csproj] C:\Users\307824\OneDrive - V├ñster├Ñs Stad\Skrivbordet\GGs\tools\GGs.ErrorLogViewer\ViewModels\MainViewModel.cs(103,57): error CS8124: Tuple must contain at least two elements. [C:\Users\307824\OneDrive - V├ñster├Ñs Stad\Skrivbordet\GGs\tools\GGs.ErrorLogViewer\GGs.ErrorLogViewer_jd1reqtq_wpftmp.csproj] C:\Users\307824\OneDrive - V├ñster├Ñs Stad\Skrivbordet\GGs\tools\GGs.ErrorLogViewer\ViewModels\MainViewModel.cs(103,59): error CS1001: Identifier expected [C:\Users\307824\OneDrive - V├ñster├Ñs Stad\Skrivbordet\GGs\tools\GGs.ErrorLogViewer\GGs.ErrorLogViewer_jd1reqtq_wpftmp.csproj] C:\Users\307824\OneDrive - V├ñster├Ñs Stad\Skrivbordet\GGs\tools\GGs.ErrorLogViewer\ViewModels\MainViewModel.cs(103,59): error CS1003: Syntax error, ',' expected [C:\Users\307824\OneDrive - V├ñster├Ñs Stad\Skrivbordet\GGs\tools\GGs.ErrorLogViewer\GGs.ErrorLogViewer_jd1reqtq_wpftmp.csproj] C:\Users\307824\OneDrive - V├ñster├Ñs Stad\Skrivbordet\GGs\tools\GGs.ErrorLogViewer\ViewModels\MainViewModel.cs(103,62): error CS1003: Syntax error, ',' expected [C:\Users\307824\OneDrive - V├ñster├Ñs Stad\Skrivbordet\GGs\tools\GGs.ErrorLogViewer\GGs.ErrorLogViewer_jd1reqtq_wpftmp.csproj] C:\Users\307824\OneDrive - V├ñster├Ñs Stad\Skrivbordet\GGs\tools\GGs.ErrorLogViewer\ViewModels\MainViewModel.cs(103,79): error CS1001: Identifier expected [C:\Users\307824\OneDrive - V├ñster├Ñs Stad\Skrivbordet\GGs\tools\GGs.ErrorLogViewer\GGs.ErrorLogViewer_jd1reqtq_wpftmp.csproj] C:\Users\307824\OneDrive - V├ñster├Ñs Stad\Skrivbordet\GGs\tools\GGs.ErrorLogViewer\ViewModels\MainViewModel.cs(103,79): error CS1003: Syntax error, ',' expected [C:\Users\307824\OneDrive - V├ñster├Ñs Stad\Skrivbordet\GGs\tools\GGs.ErrorLogViewer\GGs.ErrorLogViewer_jd1reqtq_wpftmp.csproj] C:\Users\307824\OneDrive - V├ñster├Ñs Stad\Skrivbordet\GGs\tools\GGs.ErrorLogViewer\ViewModels\MainViewModel.cs(104,13): error CS0116: A namespace cannot directly contain members such as fields, methods or statements [C:\Users\307824\OneDrive - V├ñster├Ñs Stad\Skrivbordet\GGs\tools\GGs.ErrorLogViewer\GGs.ErrorLogViewer_jd1reqtq_wpftmp.csproj] C:\Users\307824\OneDrive - V├ñster├Ñs Stad\Skrivbordet\GGs\tools\GGs.ErrorLogViewer\ViewModels\MainViewModel.cs(104,32): error CS1022: Type or namespace definition, or end-of-file expected [C:\Users\307824\OneDrive - V├ñster├Ñs Stad\Skrivbordet\GGs\tools\GGs.ErrorLogViewer\GGs.ErrorLogViewer_jd1reqtq_wpftmp.csproj] C:\Users\307824\OneDrive - V├ñster├Ñs Stad\Skrivbordet\GGs\tools\GGs.ErrorLogViewer\ViewModels\MainViewModel.cs(104,62): error CS1001: Identifier expected [C:\Users\307824\OneDrive - V├ñster├Ñs Stad\Skrivbordet\GGs\tools\GGs.ErrorLogViewer\GGs.ErrorLogViewer_jd1reqtq_wpftmp.csproj] C:\Users\307824\OneDrive - V├ñster├Ñs Stad\Skrivbordet\GGs\tools\GGs.ErrorLogViewer\ViewModels\MainViewModel.cs(104,65): error CS8124: Tuple must contain at least two elements. [C:\Users\307824\OneDrive - V├ñster├Ñs Stad\Skrivbordet\GGs\tools\GGs.ErrorLogViewer\GGs.ErrorLogViewer_jd1reqtq_wpftmp.csproj] C:\Users\307824\OneDrive - V├ñster├Ñs Stad\Skrivbordet\GGs\tools\GGs.ErrorLogViewer\ViewModels\MainViewModel.cs(104,67): error CS1001: Identifier expected [C:\Users\307824\OneDrive - V├ñster├Ñs Stad\Skrivbordet\GGs\tools\GGs.ErrorLogViewer\GGs.ErrorLogViewer_jd1reqtq_wpftmp.csproj] C:\Users\307824\OneDrive - V├ñster├Ñs Stad\Skrivbordet\GGs\tools\GGs.ErrorLogViewer\ViewModels\MainViewModel.cs(104,67): error CS1003: Syntax error, ',' expected [C:\Users\307824\OneDrive - V├ñster├Ñs Stad\Skrivbordet\GGs\tools\GGs.ErrorLogViewer\GGs.ErrorLogViewer_jd1reqtq_wpftmp.csproj] C:\Users\307824\OneDrive - V├ñster├Ñs Stad\Skrivbordet\GGs\tools\GGs.ErrorLogViewer\ViewModels\MainViewModel.cs(104,70): error CS1003: Syntax error, ',' expected [C:\Users\307824\OneDrive - V├ñster├Ñs Stad\Skrivbordet\GGs\tools\GGs.ErrorLogViewer\GGs.ErrorLogViewer_jd1reqtq_wpftmp.csproj] C:\Users\307824\OneDrive - V├ñster├Ñs Stad\Skrivbordet\GGs\tools\GGs.ErrorLogViewer\ViewModels\MainViewModel.cs(104,87): error CS1001: Identifier expected [C:\Users\307824\OneDrive - V├ñster├Ñs Stad\Skrivbordet\GGs\tools\GGs.ErrorLogViewer\GGs.ErrorLogViewer_jd1reqtq_wpftmp.csproj] C:\Users\307824\OneDrive - V├ñster├Ñs Stad\Skrivbordet\GGs\tools\GGs.ErrorLogViewer\ViewModels\MainViewModel.cs(104,87): error CS1003: Syntax error, ',' expected [C:\Users\307824\OneDrive - V├ñster├Ñs Stad\Skrivbordet\GGs\tools\GGs.ErrorLogViewer\GGs.ErrorLogViewer_jd1reqtq_wpftmp.csproj] C:\Users\307824\OneDrive - V├ñster├Ñs Stad\Skrivbordet\GGs\tools\GGs.ErrorLogViewer\ViewModels\MainViewModel.cs(105,13): error CS0116: A namespace cannot directly contain members such as fields, methods or statements [C:\Users\307824\OneDrive - V├ñster├Ñs Stad\Skrivbordet\GGs\tools\GGs.ErrorLogViewer\GGs.ErrorLogViewer_jd1reqtq_wpftmp.csproj] C:\Users\307824\OneDrive - V├ñster├Ñs Stad\Skrivbordet\GGs\tools\GGs.ErrorLogViewer\ViewModels\MainViewModel.cs(105,32): error CS1022: Type or namespace definition, or end-of-file expected [C:\Users\307824\OneDrive - V├ñster├Ñs Stad\Skrivbordet\GGs\tools\GGs.ErrorLogViewer\GGs.ErrorLogViewer_jd1reqtq_wpftmp.csproj] C:\Users\307824\OneDrive - V├ñster├Ñs Stad\Skrivbordet\GGs\tools\GGs.ErrorLogViewer\ViewModels\MainViewModel.cs(105,62): error CS1001: Identifier expected [C:\Users\307824\OneDrive - V├ñster├Ñs Stad\Skrivbordet\GGs\tools\GGs.ErrorLogViewer\GGs.ErrorLogViewer_jd1reqtq_wpftmp.csproj] C:\Users\307824\OneDrive - V├ñster├Ñs Stad\Skrivbordet\GGs\tools\GGs.ErrorLogViewer\ViewModels\MainViewModel.cs(105,65): error CS8124: Tuple must contain at least two elements. [C:\Users\307824\OneDrive - V├ñster├Ñs Stad\Skrivbordet\GGs\tools\GGs.ErrorLogViewer\GGs.ErrorLogViewer_jd1reqtq_wpftmp.csproj] C:\Users\307824\OneDrive - V├ñster├Ñs Stad\Skrivbordet\GGs\tools\GGs.ErrorLogViewer\ViewModels\MainViewModel.cs(105,67): error CS1001: Identifier expected [C:\Users\307824\OneDrive - V├ñster├Ñs Stad\Skrivbordet\GGs\tools\GGs.ErrorLogViewer\GGs.ErrorLogViewer_jd1reqtq_wpftmp.csproj] C:\Users\307824\OneDrive - V├ñster├Ñs Stad\Skrivbordet\GGs\tools\GGs.ErrorLogViewer\ViewModels\MainViewModel.cs(105,67): error CS1003: Syntax error, ',' expected [C:\Users\307824\OneDrive - V├ñster├Ñs Stad\Skrivbordet\GGs\tools\GGs.ErrorLogViewer\GGs.ErrorLogViewer_jd1reqtq_wpftmp.csproj] C:\Users\307824\OneDrive - V├ñster├Ñs Stad\Skrivbordet\GGs\tools\GGs.ErrorLogViewer\ViewModels\MainViewModel.cs(105,70): error CS1003: Syntax error, ',' expected [C:\Users\307824\OneDrive - V├ñster├Ñs Stad\Skrivbordet\GGs\tools\GGs.ErrorLogViewer\GGs.ErrorLogViewer_jd1reqtq_wpftmp.csproj] C:\Users\307824\OneDrive - V├ñster├Ñs Stad\Skrivbordet\GGs\tools\GGs.ErrorLogViewer\ViewModels\MainViewModel.cs(105,87): error CS1001: Identifier expected [C:\Users\307824\OneDrive - V├ñster├Ñs Stad\Skrivbordet\GGs\tools\GGs.ErrorLogViewer\GGs.ErrorLogViewer_jd1reqtq_wpftmp.csproj] C:\Users\307824\OneDrive - V├ñster├Ñs Stad\Skrivbordet\GGs\tools\GGs.ErrorLogViewer\ViewModels\MainViewModel.cs(105,87): error CS1003: Syntax error, ',' expected [C:\Users\307824\OneDrive - V├ñster├Ñs Stad\Skrivbordet\GGs\tools\GGs.ErrorLogViewer\GGs.ErrorLogViewer_jd1reqtq_wpftmp.csproj] C:\Users\307824\OneDrive - V├ñster├Ñs Stad\Skrivbordet\GGs\tools\GGs.ErrorLogViewer\ViewModels\MainViewModel.cs(106,13): error CS0116: A namespace cannot directly contain members such as fields, methods or statements [C:\Users\307824\OneDrive - V├ñster├Ñs Stad\Skrivbordet\GGs\tools\GGs.ErrorLogViewer\GGs.ErrorLogViewer_jd1reqtq_wpftmp.csproj] C:\Users\307824\OneDrive - V├ñster├Ñs Stad\Skrivbordet\GGs\tools\GGs.ErrorLogViewer\ViewModels\MainViewModel.cs(106,38): error CS1022: Type or namespace definition, or end-of-file expected [C:\Users\307824\OneDrive - V├ñster├Ñs Stad\Skrivbordet\GGs\tools\GGs.ErrorLogViewer\GGs.ErrorLogViewer_jd1reqtq_wpftmp.csproj] C:\Users\307824\OneDrive - V├ñster├Ñs Stad\Skrivbordet\GGs\tools\GGs.ErrorLogViewer\ViewModels\MainViewModel.cs(106,58): error CS8124: Tuple must contain at least two elements. [C:\Users\307824\OneDrive - V├ñster├Ñs Stad\Skrivbordet\GGs\tools\GGs.ErrorLogViewer\GGs.ErrorLogViewer_jd1reqtq_wpftmp.csproj] C:\Users\307824\OneDrive - V├ñster├Ñs Stad\Skrivbordet\GGs\tools\GGs.ErrorLogViewer\ViewModels\MainViewModel.cs(106,60): error CS1001: Identifier expected [C:\Users\307824\OneDrive - V├ñster├Ñs Stad\Skrivbordet\GGs\tools\GGs.ErrorLogViewer\GGs.ErrorLogViewer_jd1reqtq_wpftmp.csproj] C:\Users\307824\OneDrive - V├ñster├Ñs Stad\Skrivbordet\GGs\tools\GGs.ErrorLogViewer\ViewModels\MainViewModel.cs(106,60): error CS1003: Syntax error, ',' expected [C:\Users\307824\OneDrive - V├ñster├Ñs Stad\Skrivbordet\GGs\tools\GGs.ErrorLogViewer\GGs.ErrorLogViewer_jd1reqtq_wpftmp.csproj] C:\Users\307824\OneDrive - V├ñster├Ñs Stad\Skrivbordet\GGs\tools\GGs.ErrorLogViewer\ViewModels\MainViewModel.cs(106,63): error CS1003: Syntax error, ',' expected [C:\Users\307824\OneDrive - V├ñster├Ñs Stad\Skrivbordet\GGs\tools\GGs.ErrorLogViewer\GGs.ErrorLogViewer_jd1reqtq_wpftmp.csproj] C:\Users\307824\OneDrive - V├ñster├Ñs Stad\Skrivbordet\GGs\tools\GGs.ErrorLogViewer\ViewModels\MainViewModel.cs(106,84): error CS1001: Identifier expected [C:\Users\307824\OneDrive - V├ñster├Ñs Stad\Skrivbordet\GGs\tools\GGs.ErrorLogViewer\GGs.ErrorLogViewer_jd1reqtq_wpftmp.csproj] C:\Users\307824\OneDrive - V├ñster├Ñs Stad\Skrivbordet\GGs\tools\GGs.ErrorLogViewer\ViewModels\MainViewModel.cs(109,35): error CS0116: A namespace cannot directly contain members such as fields, methods or statements [C:\Users\307824\OneDrive - V├ñster├Ñs Stad\Skrivbordet\GGs\tools\GGs.ErrorLogViewer\GGs.ErrorLogViewer_jd1reqtq_wpftmp.csproj] C:\Users\307824\OneDrive - V├ñster├Ñs Stad\Skrivbordet\GGs\tools\GGs.ErrorLogViewer\ViewModels\MainViewModel.cs(109,49): error CS1022: Type or namespace definition, or end-of-file expected [C:\Users\307824\OneDrive - V├ñster├Ñs Stad\Skrivbordet\GGs\tools\GGs.ErrorLogViewer\GGs.ErrorLogViewer_jd1reqtq_wpftmp.csproj] C:\Users\307824\OneDrive - V├ñster├Ñs Stad\Skrivbordet\GGs\tools\GGs.ErrorLogViewer\ViewModels\MainViewModel.cs(109,52): error CS0116: A namespace cannot directly contain members such as fields, methods or statements [C:\Users\307824\OneDrive - V├ñster├Ñs Stad\Skrivbordet\GGs\tools\GGs.ErrorLogViewer\GGs.ErrorLogViewer_jd1reqtq_wpftmp.csproj] C:\Users\307824\OneDrive - V├ñster├Ñs Stad\Skrivbordet\GGs\tools\GGs.ErrorLogViewer\ViewModels\MainViewModel.cs(109,67): error CS1022: Type or namespace definition, or end-of-file expected [C:\Users\307824\OneDrive - V├ñster├Ñs Stad\Skrivbordet\GGs\tools\GGs.ErrorLogViewer\GGs.ErrorLogViewer_jd1reqtq_wpftmp.csproj] C:\Users\307824\OneDrive - V├ñster├Ñs Stad\Skrivbordet\GGs\tools\GGs.ErrorLogViewer\ViewModels\MainViewModel.cs(110,35): error CS0116: A namespace cannot directly contain members such as fields, methods or statements [C:\Users\307824\OneDrive - V├ñster├Ñs Stad\Skrivbordet\GGs\tools\GGs.ErrorLogViewer\GGs.ErrorLogViewer_jd1reqtq_wpftmp.csproj] C:\Users\307824\OneDrive - V├ñster├Ñs Stad\Skrivbordet\GGs\tools\GGs.ErrorLogViewer\ViewModels\MainViewModel.cs(110,51): error CS1022: Type or namespace definition, or end-of-file expected [C:\Users\307824\OneDrive - V├ñster├Ñs Stad\Skrivbordet\GGs\tools\GGs.ErrorLogViewer\GGs.ErrorLogViewer_jd1reqtq_wpftmp.csproj] C:\Users\307824\OneDrive - V├ñster├Ñs Stad\Skrivbordet\GGs\tools\GGs.ErrorLogViewer\ViewModels\MainViewModel.cs(110,54): error CS0116: A namespace cannot directly contain members such as fields, methods or statements [C:\Users\307824\OneDrive - V├ñster├Ñs Stad\Skrivbordet\GGs\tools\GGs.ErrorLogViewer\GGs.ErrorLogViewer_jd1reqtq_wpftmp.csproj] C:\Users\307824\OneDrive - V├ñster├Ñs Stad\Skrivbordet\GGs\tools\GGs.ErrorLogViewer\ViewModels\MainViewModel.cs(110,71): error CS1022: Type or namespace definition, or end-of-file expected [C:\Users\307824\OneDrive - V├ñster├Ñs Stad\Skrivbordet\GGs\tools\GGs.ErrorLogViewer\GGs.ErrorLogViewer_jd1reqtq_wpftmp.csproj] C:\Users\307824\OneDrive - V├ñster├Ñs Stad\Skrivbordet\GGs\tools\GGs.ErrorLogViewer\ViewModels\MainViewModel.cs(111,35): error CS0116: A namespace cannot directly contain members such as fields, methods or statements [C:\Users\307824\OneDrive - V├ñster├Ñs Stad\Skrivbordet\GGs\tools\GGs.ErrorLogViewer\GGs.ErrorLogViewer_jd1reqtq_wpftmp.csproj] C:\Users\307824\OneDrive - V├ñster├Ñs Stad\Skrivbordet\GGs\tools\GGs.ErrorLogViewer\ViewModels\MainViewModel.cs(111,47): error CS1022: Type or namespace definition, or end-of-file expected [C:\Users\307824\OneDrive - V├ñster├Ñs Stad\Skrivbordet\GGs\tools\GGs.ErrorLogViewer\GGs.ErrorLogViewer_jd1reqtq_wpftmp.csproj] C:\Users\307824\OneDrive - V├ñster├Ñs Stad\Skrivbordet\GGs\tools\GGs.ErrorLogViewer\ViewModels\MainViewModel.cs(111,50): error CS0116: A namespace cannot directly contain members such as fields, methods or statements [C:\Users\307824\OneDrive - V├ñster├Ñs Stad\Skrivbordet\GGs\tools\GGs.ErrorLogViewer\GGs.ErrorLogViewer_jd1reqtq_wpftmp.csproj] C:\Users\307824\OneDrive - V├ñster├Ñs Stad\Skrivbordet\GGs\tools\GGs.ErrorLogViewer\ViewModels\MainViewModel.cs(111,63): error CS1022: Type or namespace definition, or end-of-file expected [C:\Users\307824\OneDrive - V├ñster├Ñs Stad\Skrivbordet\GGs\tools\GGs.ErrorLogViewer\GGs.ErrorLogViewer_jd1reqtq_wpftmp.csproj] C:\Users\307824\OneDrive - V├ñster├Ñs Stad\Skrivbordet\GGs\tools\GGs.ErrorLogViewer\ViewModels\MainViewModel.cs(114,17): error CS8803: Top-level statements must precede namespace and type declarations. [C:\Users\307824\OneDrive - V├ñster├Ñs Stad\Skrivbordet\GGs\tools\GGs.ErrorLogViewer\GGs.ErrorLogViewer_jd1reqtq_wpftmp.csproj] C:\Users\307824\OneDrive - V├ñster├Ñs Stad\Skrivbordet\GGs\tools\GGs.ErrorLogViewer\ViewModels\MainViewModel.cs(115,13): error CS1022: Type or namespace definition, or end-of-file expected [C:\Users\307824\OneDrive - V├ñster├Ñs Stad\Skrivbordet\GGs\tools\GGs.ErrorLogViewer\GGs.ErrorLogViewer_jd1reqtq_wpftmp.csproj] C:\Users\307824\OneDrive - V├ñster├Ñs Stad\Skrivbordet\GGs\tools\GGs.ErrorLogViewer\ViewModels\MainViewModel.cs(116,9): error CS1022: Type or namespace definition, or end-of-file expected [C:\Users\307824\OneDrive - V├ñster├Ñs Stad\Skrivbordet\GGs\tools\GGs.ErrorLogViewer\GGs.ErrorLogViewer_jd1reqtq_wpftmp.csproj] C:\Users\307824\OneDrive - V├ñster├Ñs Stad\Skrivbordet\GGs\tools\GGs.ErrorLogViewer\ViewModels\MainViewModel.cs(118,9): error CS0106: The modifier 'private' is not valid for this item [C:\Users\307824\OneDrive - V├ñster├Ñs Stad\Skrivbordet\GGs\tools\GGs.ErrorLogViewer\GGs.ErrorLogViewer_jd1reqtq_wpftmp.csproj] C:\Users\307824\OneDrive - V├ñster├Ñs Stad\Skrivbordet\GGs\tools\GGs.ErrorLogViewer\ViewModels\MainViewModel.cs(217,9): error CS0106: The modifier 'private' is not valid for this item [C:\Users\307824\OneDrive - V├ñster├Ñs Stad\Skrivbordet\GGs\tools\GGs.ErrorLogViewer\GGs.ErrorLogViewer_jd1reqtq_wpftmp.csproj] C:\Users\307824\OneDrive - V├ñster├Ñs Stad\Skrivbordet\GGs\tools\GGs.ErrorLogViewer\ViewModels\MainViewModel.cs(230,9): error CS0106: The modifier 'private' is not valid for this item [C:\Users\307824\OneDrive - V├ñster├Ñs Stad\Skrivbordet\GGs\tools\GGs.ErrorLogViewer\GGs.ErrorLogViewer_jd1reqtq_wpftmp.csproj] C:\Users\307824\OneDrive - V├ñster├Ñs Stad\Skrivbordet\GGs\tools\GGs.ErrorLogViewer\ViewModels\MainViewModel.cs(237,9): error CS0106: The modifier 'private' is not valid for this item [C:\Users\307824\OneDrive - V├ñster├Ñs Stad\Skrivbordet\GGs\tools\GGs.ErrorLogViewer\GGs.ErrorLogViewer_jd1reqtq_wpftmp.csproj] C:\Users\307824\OneDrive - V├ñster├Ñs Stad\Skrivbordet\GGs\tools\GGs.ErrorLogViewer\ViewModels\MainViewModel.cs(261,9): error CS0106: The modifier 'private' is not valid for this item [C:\Users\307824\OneDrive - V├ñster├Ñs Stad\Skrivbordet\GGs\tools\GGs.ErrorLogViewer\GGs.ErrorLogViewer_jd1reqtq_wpftmp.csproj] C:\Users\307824\OneDrive - V├ñster├Ñs Stad\Skrivbordet\GGs\tools\GGs.ErrorLogViewer\ViewModels\MainViewModel.cs(279,9): error CS0106: The modifier 'private' is not valid for this item [C:\Users\307824\OneDrive - V├ñster├Ñs Stad\Skrivbordet\GGs\tools\GGs.ErrorLogViewer\GGs.ErrorLogViewer_jd1reqtq_wpftmp.csproj] C:\Users\307824\OneDrive - V├ñster├Ñs Stad\Skrivbordet\GGs\tools\GGs.ErrorLogViewer\ViewModels\MainViewModel.cs(293,9): error CS0106: The modifier 'private' is not valid for this item [C:\Users\307824\OneDrive - V├ñster├Ñs Stad\Skrivbordet\GGs\tools\GGs.ErrorLogViewer\GGs.ErrorLogViewer_jd1reqtq_wpftmp.csproj] C:\Users\307824\OneDrive - V├ñster├Ñs Stad\Skrivbordet\GGs\tools\GGs.ErrorLogViewer\ViewModels\MainViewModel.cs(307,9): error CS0106: The modifier 'private' is not valid for this item [C:\Users\307824\OneDrive - V├ñster├Ñs Stad\Skrivbordet\GGs\tools\GGs.ErrorLogViewer\GGs.ErrorLogViewer_jd1reqtq_wpftmp.csproj] C:\Users\307824\OneDrive - V├ñster├Ñs Stad\Skrivbordet\GGs\tools\GGs.ErrorLogViewer\ViewModels\MainViewModel.cs(328,9): error CS0106: The modifier 'private' is not valid for this item [C:\Users\307824\OneDrive - V├ñster├Ñs Stad\Skrivbordet\GGs\tools\GGs.ErrorLogViewer\GGs.ErrorLogViewer_jd1reqtq_wpftmp.csproj] C:\Users\307824\OneDrive - V├ñster├Ñs Stad\Skrivbordet\GGs\tools\GGs.ErrorLogViewer\ViewModels\MainViewModel.cs(352,9): error CS0106: The modifier 'private' is not valid for this item [C:\Users\307824\OneDrive - V├ñster├Ñs Stad\Skrivbordet\GGs\tools\GGs.ErrorLogViewer\GGs.ErrorLogViewer_jd1reqtq_wpftmp.csproj] C:\Users\307824\OneDrive - V├ñster├Ñs Stad\Skrivbordet\GGs\tools\GGs.ErrorLogViewer\ViewModels\MainViewModel.cs(378,9): error CS0106: The modifier 'private' is not valid for this item [C:\Users\307824\OneDrive - V├ñster├Ñs Stad\Skrivbordet\GGs\tools\GGs.ErrorLogViewer\GGs.ErrorLogViewer_jd1reqtq_wpftmp.csproj] C:\Users\307824\OneDrive - V├ñster├Ñs Stad\Skrivbordet\GGs\tools\GGs.ErrorLogViewer\ViewModels\MainViewModel.cs(408,9): error CS0106: The modifier 'private' is not valid for this item [C:\Users\307824\OneDrive - V├ñster├Ñs Stad\Skrivbordet\GGs\tools\GGs.ErrorLogViewer\GGs.ErrorLogViewer_jd1reqtq_wpftmp.csproj] C:\Users\307824\OneDrive - V├ñster├Ñs Stad\Skrivbordet\GGs\tools\GGs.ErrorLogViewer\ViewModels\MainViewModel.cs(446,9): error CS0106: The modifier 'private' is not valid for this item [C:\Users\307824\OneDrive - V├ñster├Ñs Stad\Skrivbordet\GGs\tools\GGs.ErrorLogViewer\GGs.ErrorLogViewer_jd1reqtq_wpftmp.csproj] C:\Users\307824\OneDrive - V├ñster├Ñs Stad\Skrivbordet\GGs\tools\GGs.ErrorLogViewer\ViewModels\MainViewModel.cs(455,9): error CS0106: The modifier 'private' is not valid for this item [C:\Users\307824\OneDrive - V├ñster├Ñs Stad\Skrivbordet\GGs\tools\GGs.ErrorLogViewer\GGs.ErrorLogViewer_jd1reqtq_wpftmp.csproj] C:\Users\307824\OneDrive - V├ñster├Ñs Stad\Skrivbordet\GGs\tools\GGs.ErrorLogViewer\ViewModels\MainViewModel.cs(472,9): error CS0106: The modifier 'private' is not valid for this item [C:\Users\307824\OneDrive - V├ñster├Ñs Stad\Skrivbordet\GGs\tools\GGs.ErrorLogViewer\GGs.ErrorLogViewer_jd1reqtq_wpftmp.csproj] C:\Users\307824\OneDrive - V├ñster├Ñs Stad\Skrivbordet\GGs\tools\GGs.ErrorLogViewer\ViewModels\MainViewModel.cs(533,9): error CS0106: The modifier 'private' is not valid for this item [C:\Users\307824\OneDrive - V├ñster├Ñs Stad\Skrivbordet\GGs\tools\GGs.ErrorLogViewer\GGs.ErrorLogViewer_jd1reqtq_wpftmp.csproj] C:\Users\307824\OneDrive - V├ñster├Ñs Stad\Skrivbordet\GGs\tools\GGs.ErrorLogViewer\ViewModels\MainViewModel.cs(539,9): error CS0106: The modifier 'private' is not valid for this item [C:\Users\307824\OneDrive - V├ñster├Ñs Stad\Skrivbordet\GGs\tools\GGs.ErrorLogViewer\GGs.ErrorLogViewer_jd1reqtq_wpftmp.csproj] C:\Users\307824\OneDrive - V├ñster├Ñs Stad\Skrivbordet\GGs\tools\GGs.ErrorLogViewer\ViewModels\MainViewModel.cs(555,5): error CS1022: Type or namespace definition, or end-of-file expected [C:\Users\307824\OneDrive - V├ñster├Ñs Stad\Skrivbordet\GGs\tools\GGs.ErrorLogViewer\GGs.ErrorLogViewer_jd1reqtq_wpftmp.csproj] C:\Users\307824\OneDrive - V├ñster├Ñs Stad\Skrivbordet\GGs\tools\GGs.ErrorLogViewer\ViewModels\MainViewModel.cs(556,1): error CS1022: Type or namespace definition, or end-of-file expected [C:\Users\307824\OneDrive - V├ñster├Ñs Stad\Skrivbordet\GGs\tools\GGs.ErrorLogViewer\GGs.ErrorLogViewer_jd1reqtq_wpftmp.csproj]     6 Warning(s)     82 Error(s)  Time Elapsed 00:00:03.19
[2025-10-01 14:22:03.931] [Error] Launcher failed: One or more builds failed. Check log for details.
[2025-10-01 14:22:03.965] [Debug] Stack Trace: at Build-Applications, C:\Users\307824\OneDrive - Västerås Stad\Skrivbordet\GGs\GGsLauncher.ps1: line 243
at <ScriptBlock>, C:\Users\307824\OneDrive - Västerås Stad\Skrivbordet\GGs\GGsLauncher.ps1: line 467
[2025-10-01 15:59:34.785] [Info] Launcher started with configuration: Release
[2025-10-01 15:59:34.943] [Debug] Checking .NET SDK...
[2025-10-01 15:59:35.287] [Success] .NET SDK found: v9.0.305
[2025-10-01 15:59:35.315] [Success] Solution file found: GGs.sln
[2025-10-01 15:59:35.334] [Success] GGs.Desktop project found
[2025-10-01 15:59:35.348] [Success] ErrorLogViewer project found
[2025-10-01 15:59:35.426] [Info] Building GGs.Desktop (Release)...
[2025-10-01 16:00:07.495] [Success] GGs.Desktop built successfully
[2025-10-01 16:00:07.525] [Info] Building ErrorLogViewer (Release)...
[2025-10-01 16:00:12.583] [Success] ErrorLogViewer built successfully
[2025-10-01 16:00:12.708] [Info] Starting ErrorLogViewer...
[2025-10-01 16:00:19.749] [Success] ErrorLogViewer started successfully (PID: 22600)
[2025-10-01 16:00:20.869] [Info] Starting GGs Desktop...
[2025-10-01 16:00:27.045] [Error] Failed to start GGs Desktop: This command cannot be run due to the error: The operation was canceled by the user.
[2025-10-01 16:00:27.117] [Info] Press Ctrl+C to stop monitoring and exit applications
[2025-10-01 16:01:29.472] [Info] All monitored processes have exited
[2025-10-01 16:12:52.878] [Info] Launcher started with configuration: Release
[2025-10-01 16:12:53.097] [Debug] Checking .NET SDK...
[2025-10-01 16:12:53.510] [Success] .NET SDK found: v9.0.305
[2025-10-01 16:12:53.526] [Success] Solution file found: GGs.sln
[2025-10-01 16:12:53.540] [Success] GGs.Desktop project found
[2025-10-01 16:12:53.553] [Success] ErrorLogViewer project found
[2025-10-01 16:12:53.610] [Info] Building GGs.Desktop (Release)...
[2025-10-01 16:12:58.108] [Success] GGs.Desktop built successfully
[2025-10-01 16:12:58.116] [Info] Building ErrorLogViewer (Release)...
[2025-10-01 16:13:01.083] [Success] ErrorLogViewer built successfully
[2025-10-01 16:13:01.137] [Info] Starting ErrorLogViewer...
[2025-10-01 16:13:02.332] [Success] ErrorLogViewer started successfully (PID: 2432)
[2025-10-01 16:13:03.373] [Info] Starting GGs Desktop...
[2025-10-01 16:13:06.160] [Error] Failed to start GGs Desktop: This command cannot be run due to the error: The operation was canceled by the user.
[2025-10-01 16:13:06.204] [Info] Press Ctrl+C to stop monitoring and exit applications
[2025-10-01 16:14:26.544] [Info] All monitored processes have exited
[2025-10-01 16:16:01.003] [Info] Launcher started with configuration: Release
[2025-10-01 16:16:01.123] [Debug] Checking .NET SDK...
[2025-10-01 16:16:01.372] [Success] .NET SDK found: v9.0.305
[2025-10-01 16:16:01.386] [Success] Solution file found: GGs.sln
[2025-10-01 16:16:01.399] [Success] GGs.Desktop project found
[2025-10-01 16:16:01.412] [Success] ErrorLogViewer project found
[2025-10-01 16:16:01.447] [Info] Building GGs.Desktop (Release)...
[2025-10-01 16:16:22.772] [Success] GGs.Desktop built successfully
[2025-10-01 16:16:22.784] [Info] Building ErrorLogViewer (Release)...
[2025-10-01 16:16:26.644] [Success] ErrorLogViewer built successfully
[2025-10-01 16:16:26.699] [Info] Starting ErrorLogViewer...
[2025-10-01 16:16:31.456] [Success] ErrorLogViewer started successfully (PID: 11540)
[2025-10-01 16:16:32.493] [Info] Starting GGs Desktop...
[2025-10-01 16:16:37.568] [Error] Failed to start GGs Desktop: This command cannot be run due to the error: The operation was canceled by the user.
[2025-10-01 16:16:37.601] [Info] Press Ctrl+C to stop monitoring and exit applications
[2025-10-01 16:17:17.820] [Info] All monitored processes have exited
[2025-10-01 17:50:47.290] [Info] Launcher started with configuration: Release
[2025-10-01 17:50:47.432] [Debug] Checking .NET SDK...
[2025-10-01 17:50:47.836] [Success] .NET SDK found: v9.0.305
[2025-10-01 17:50:47.852] [Success] Solution file found: GGs.sln
[2025-10-01 17:50:47.859] [Success] GGs.Desktop project found
[2025-10-01 17:50:47.877] [Success] ErrorLogViewer project found
[2025-10-01 17:50:47.914] [Info] Building GGs.Desktop (Release)...
[2025-10-01 17:51:04.927] [Success] GGs.Desktop built successfully
[2025-10-01 17:51:04.940] [Info] Building ErrorLogViewer (Release)...
[2025-10-01 17:51:12.410] [Success] ErrorLogViewer built successfully
[2025-10-01 17:51:12.497] [Info] Starting ErrorLogViewer...
[2025-10-01 17:51:16.523] [Success] ErrorLogViewer started successfully (PID: 11300)
[2025-10-01 17:51:17.560] [Info] Starting GGs Desktop...
[2025-10-01 17:51:22.056] [Error] Failed to start GGs Desktop: This command cannot be run due to the error: The operation was canceled by the user.
[2025-10-01 17:51:22.110] [Info] Press Ctrl+C to stop monitoring and exit applications
[2025-10-01 17:51:44.230] [Info] All monitored processes have exited
[2025-10-01 18:10:55.593] [Info] Launcher started with configuration: Release
[2025-10-01 18:10:55.684] [Debug] Checking .NET SDK...
[2025-10-01 18:10:55.944] [Success] .NET SDK found: v9.0.305
[2025-10-01 18:10:55.956] [Success] Solution file found: GGs.sln
[2025-10-01 18:10:55.965] [Success] GGs.Desktop project found
[2025-10-01 18:10:55.974] [Success] ErrorLogViewer project found
[2025-10-01 18:10:56.002] [Info] Building GGs.Desktop (Release)...
[2025-10-01 18:11:04.674] [Success] GGs.Desktop built successfully
[2025-10-01 18:11:04.679] [Info] Building ErrorLogViewer (Release)...
[2025-10-01 18:11:07.239] [Success] ErrorLogViewer built successfully
[2025-10-01 18:11:07.302] [Info] Starting ErrorLogViewer...
[2025-10-01 18:11:09.884] [Success] ErrorLogViewer started successfully (PID: 7200)
[2025-10-01 18:11:10.915] [Info] Starting GGs Desktop...
[2025-10-01 18:11:14.271] [Error] Failed to start GGs Desktop: This command cannot be run due to the error: The operation was canceled by the user.
[2025-10-01 18:11:14.294] [Info] Press Ctrl+C to stop monitoring and exit applications
[2025-10-01 18:12:17.514] [Info] Launcher started with configuration: Release
[2025-10-01 18:12:17.572] [Debug] Checking .NET SDK...
[2025-10-01 18:12:17.770] [Success] .NET SDK found: v9.0.305
[2025-10-01 18:12:17.776] [Success] Solution file found: GGs.sln
[2025-10-01 18:12:17.780] [Success] GGs.Desktop project found
[2025-10-01 18:12:17.783] [Success] ErrorLogViewer project found
[2025-10-01 18:12:17.799] [Info] Building GGs.Desktop (Release)...
[2025-10-01 18:12:20.240] [Success] GGs.Desktop built successfully
[2025-10-01 18:12:20.246] [Info] Building ErrorLogViewer (Release)...
[2025-10-01 18:12:21.834] [Success] ErrorLogViewer built successfully
[2025-10-01 18:12:21.876] [Info] Starting ErrorLogViewer...
[2025-10-01 18:12:22.794] [Success] ErrorLogViewer started successfully (PID: 3208)
[2025-10-01 18:12:23.821] [Info] Starting GGs Desktop...
[2025-10-01 18:12:26.165] [Error] Failed to start GGs Desktop: This command cannot be run due to the error: The operation was canceled by the user.
[2025-10-01 18:12:26.187] [Info] Press Ctrl+C to stop monitoring and exit applications
[2025-10-01 18:12:42.269] [Info] All monitored processes have exited
[2025-10-01 19:01:41.667] [Info] Launcher started with configuration: Release
[2025-10-01 19:01:41.794] [Debug] Checking .NET SDK...
[2025-10-01 19:01:42.170] [Success] .NET SDK found: v9.0.305
[2025-10-01 19:01:42.184] [Success] Solution file found: GGs.sln
[2025-10-01 19:01:42.197] [Success] GGs.Desktop project found
[2025-10-01 19:01:42.207] [Success] ErrorLogViewer project found
[2025-10-01 19:01:42.244] [Info] Building GGs.Desktop (Release)...
[2025-10-01 19:01:46.543] [Success] GGs.Desktop built successfully
[2025-10-01 19:01:46.555] [Info] Building ErrorLogViewer (Release)...
[2025-10-01 19:01:49.059] [Success] ErrorLogViewer built successfully
[2025-10-01 19:01:49.131] [Info] Starting ErrorLogViewer...
[2025-10-01 19:01:52.745] [Success] ErrorLogViewer started successfully (PID: 20940)
[2025-10-01 19:01:53.788] [Info] Starting GGs Desktop...
[2025-10-01 19:01:58.479] [Error] Failed to start GGs Desktop: This command cannot be run due to the error: The operation was canceled by the user.
[2025-10-01 19:01:58.505] [Info] Press Ctrl+C to stop monitoring and exit applications
[2025-10-01 19:02:18.609] [Info] All monitored processes have exited
[2025-10-01 19:26:13.239] [Info] Launcher started with configuration: Release
[2025-10-01 19:26:13.397] [Debug] Checking .NET SDK...
[2025-10-01 19:26:13.721] [Success] .NET SDK found: v9.0.305
[2025-10-01 19:26:13.738] [Success] Solution file found: GGs.sln
[2025-10-01 19:26:13.750] [Success] GGs.Desktop project found
[2025-10-01 19:26:13.764] [Success] ErrorLogViewer project found
[2025-10-01 19:26:13.801] [Info] Building GGs.Desktop (Release)...
[2025-10-01 19:26:17.581] [Success] GGs.Desktop built successfully
[2025-10-01 19:26:17.585] [Info] Building ErrorLogViewer (Release)...
[2025-10-01 19:26:20.567] [Success] ErrorLogViewer built successfully
[2025-10-01 19:26:20.617] [Info] Starting ErrorLogViewer...
[2025-10-01 19:26:22.654] [Success] ErrorLogViewer started successfully (PID: 24324)
[2025-10-01 19:26:23.670] [Info] Starting GGs Desktop...
[2025-10-01 19:26:27.543] [Error] Failed to start GGs Desktop: This command cannot be run due to the error: The operation was canceled by the user.
[2025-10-01 19:26:27.576] [Info] Press Ctrl+C to stop monitoring and exit applications
[2025-10-01 19:27:21.835] [Info] All monitored processes have exited
[2025-10-01 22:45:46.980] [Info] Launcher started with configuration: Release
[2025-10-01 22:45:47.202] [Debug] Checking .NET SDK...
[2025-10-01 22:45:48.356] [Success] .NET SDK found: v9.0.305
[2025-10-01 22:45:48.367] [Success] Solution file found: GGs.sln
[2025-10-01 22:45:48.376] [Success] GGs.Desktop project found
[2025-10-01 22:45:48.386] [Success] ErrorLogViewer project found
[2025-10-01 22:45:48.409] [Info] Building GGs.Desktop (Release)...
[2025-10-01 22:45:53.966] [Success] GGs.Desktop built successfully
[2025-10-01 22:45:53.975] [Info] Building ErrorLogViewer (Release)...
[2025-10-01 22:46:05.506] [Success] ErrorLogViewer built successfully
[2025-10-01 22:46:05.563] [Info] Starting ErrorLogViewer...
[2025-10-01 22:46:06.588] [Success] ErrorLogViewer started successfully (PID: 10640)
[2025-10-01 22:46:07.618] [Info] Starting GGs Desktop...
[2025-10-01 22:46:11.007] [Error] Failed to start GGs Desktop: This command cannot be run due to the error: The operation was canceled by the user.
[2025-10-01 22:46:11.053] [Info] Press Ctrl+C to stop monitoring and exit applications
[2025-10-01 22:46:25.153] [Info] All monitored processes have exited
